<?xml version="1.0" encoding="UTF-8"?>
<robot generator="Robot 3.1.2 (Python 3.7.3 on win32)" generated="20190719 14:38:50.916" rpa="false">
<suite id="s1" name="AllTest" source="C:\development\lf\robot-scripts\Tests\AllTest.robot">
<test id="s1-t1" name="user should be able to select different time frame">
<kw name="Begin Web Test" library="Common" type="setup">
<kw name="Open Browser" library="SeleniumLibrary">
<doc>Opens a new browser instance to the given ``url``.</doc>
<arguments>
<arg>${switch}</arg>
<arg>${Browser}</arg>
</arguments>
<msg timestamp="20190719 14:38:51.184" level="INFO">Opening browser 'chrome' to base url 'https://switch.leadforensics.com'.</msg>
<status status="PASS" starttime="20190719 14:38:51.184" endtime="20190719 14:38:53.975"></status>
</kw>
<kw name="Maximize Browser Window" library="SeleniumLibrary">
<doc>Maximizes current browser window.</doc>
<status status="PASS" starttime="20190719 14:38:53.975" endtime="20190719 14:38:55.097"></status>
</kw>
<kw name="Set Selenium Speed" library="SeleniumLibrary">
<doc>Sets the delay that is waited after each Selenium command.</doc>
<arguments>
<arg>0.5 seconds</arg>
</arguments>
<status status="PASS" starttime="20190719 14:38:55.097" endtime="20190719 14:38:55.097"></status>
</kw>
<kw name="Set Selenium Implicit Wait" library="SeleniumLibrary">
<doc>Sets the implicit wait value used by Selenium.</doc>
<arguments>
<arg>2s</arg>
</arguments>
<status status="PASS" starttime="20190719 14:38:55.098" endtime="20190719 14:38:55.599"></status>
</kw>
<kw name="Set Screenshot Directory" library="SeleniumLibrary">
<doc>Sets the directory for captured screenshots.</doc>
<arguments>
<arg>C:\\development\\robot-scripts\\UScrennshot</arg>
</arguments>
<status status="PASS" starttime="20190719 14:38:55.599" endtime="20190719 14:38:55.599"></status>
</kw>
<status status="PASS" starttime="20190719 14:38:51.184" endtime="20190719 14:38:55.599"></status>
</kw>
<kw name="Enter valid login id and password" library="Login">
<kw name="Wait Until Element Is Visible" library="SeleniumLibrary">
<doc>Waits until element ``locator`` is visible.</doc>
<arguments>
<arg>${l_username}</arg>
</arguments>
<status status="PASS" starttime="20190719 14:38:55.600" endtime="20190719 14:38:56.633"></status>
</kw>
<kw name="Input Text" library="SeleniumLibrary">
<doc>Types the given ``text`` into text field identified by ``locator``.</doc>
<arguments>
<arg>${l_username}</arg>
<arg>${username}</arg>
</arguments>
<msg timestamp="20190719 14:38:56.633" level="INFO">Typing text 'lfoptimise' into text field 'css=input#UserName'.</msg>
<status status="PASS" starttime="20190719 14:38:56.633" endtime="20190719 14:38:58.226"></status>
</kw>
<kw name="Input Text" library="SeleniumLibrary">
<doc>Types the given ``text`` into text field identified by ``locator``.</doc>
<arguments>
<arg>${l_password}</arg>
<arg>${password}</arg>
</arguments>
<msg timestamp="20190719 14:38:58.227" level="INFO">Typing text 'ravinia2015' into text field 'id=Password'.</msg>
<status status="PASS" starttime="20190719 14:38:58.226" endtime="20190719 14:38:59.814"></status>
</kw>
<kw name="Wait Until Element Is Visible" library="SeleniumLibrary">
<doc>Waits until element ``locator`` is visible.</doc>
<arguments>
<arg>${l_loginbutton}</arg>
</arguments>
<status status="PASS" starttime="20190719 14:38:59.814" endtime="20190719 14:39:00.841"></status>
</kw>
<kw name="Click Element" library="SeleniumLibrary">
<doc>Click element identified by ``locator``.</doc>
<arguments>
<arg>${l_loginbutton}</arg>
</arguments>
<msg timestamp="20190719 14:39:00.841" level="INFO">Clicking element 'id=btnSubmit'.</msg>
<status status="PASS" starttime="20190719 14:39:00.841" endtime="20190719 14:39:04.598"></status>
</kw>
<kw name="Element Text Should Be" library="SeleniumLibrary">
<doc>Verifies that element ``locator`` contains exact text ``expected``.</doc>
<arguments>
<arg>${l_verification}</arg>
<arg>lfoptimise</arg>
</arguments>
<msg timestamp="20190719 14:39:04.599" level="INFO">Verifying element 'id=portal-name' contains exact text 'lfoptimise'.</msg>
<status status="PASS" starttime="20190719 14:39:04.599" endtime="20190719 14:39:06.041"></status>
</kw>
<status status="PASS" starttime="20190719 14:38:55.600" endtime="20190719 14:39:06.041"></status>
</kw>
<kw name="Sleep" library="BuiltIn">
<doc>Pauses the test executed for the given time.</doc>
<arguments>
<arg>5s</arg>
</arguments>
<msg timestamp="20190719 14:39:11.043" level="INFO">Slept 5 seconds</msg>
<status status="PASS" starttime="20190719 14:39:06.042" endtime="20190719 14:39:11.043"></status>
</kw>
<kw name="user is able to select Custom time frame" library="VisitoList">
<kw name="Get Current Date" library="DateTime">
<doc>Returns current local or UTC time with an optional increment.</doc>
<arguments>
<arg>result_format=%Y-%m-%d %H:%M:%S.%f</arg>
</arguments>
<assign>
<var>${CurrentDate}</var>
</assign>
<msg timestamp="20190719 14:39:11.044" level="INFO">${CurrentDate} = 2019-07-19 14:39:11.043689</msg>
<status status="PASS" starttime="20190719 14:39:11.044" endtime="20190719 14:39:11.044"></status>
</kw>
<kw name="Subtract Time From Date" library="DateTime">
<doc>Subtracts time from date and returns the resulting date.</doc>
<arguments>
<arg>${CurrentDate}</arg>
<arg>10 days</arg>
<arg>result_format=%d/%m/%Y</arg>
</arguments>
<assign>
<var>${customefrom}</var>
</assign>
<msg timestamp="20190719 14:39:11.049" level="INFO">${customefrom} = 09/07/2019</msg>
<status status="PASS" starttime="20190719 14:39:11.045" endtime="20190719 14:39:11.049"></status>
</kw>
<kw name="Log" library="BuiltIn">
<doc>Logs the given message with the given level.</doc>
<arguments>
<arg>${customefrom}</arg>
</arguments>
<msg timestamp="20190719 14:39:11.049" level="INFO">09/07/2019</msg>
<status status="PASS" starttime="20190719 14:39:11.049" endtime="20190719 14:39:11.049"></status>
</kw>
<kw name="Get Current Date" library="DateTime">
<doc>Returns current local or UTC time with an optional increment.</doc>
<arguments>
<arg>result_format=%Y-%m-%d %H:%M:%S.%f</arg>
</arguments>
<assign>
<var>${CurrentDate}</var>
</assign>
<msg timestamp="20190719 14:39:11.050" level="INFO">${CurrentDate} = 2019-07-19 14:39:11.049672</msg>
<status status="PASS" starttime="20190719 14:39:11.050" endtime="20190719 14:39:11.050"></status>
</kw>
<kw name="Subtract Time From Date" library="DateTime">
<doc>Subtracts time from date and returns the resulting date.</doc>
<arguments>
<arg>${CurrentDate}</arg>
<arg>2 days</arg>
<arg>result_format=%d/%m/%Y</arg>
</arguments>
<assign>
<var>${customeTo}</var>
</assign>
<msg timestamp="20190719 14:39:11.051" level="INFO">${customeTo} = 17/07/2019</msg>
<status status="PASS" starttime="20190719 14:39:11.050" endtime="20190719 14:39:11.051"></status>
</kw>
<kw name="Log" library="BuiltIn">
<doc>Logs the given message with the given level.</doc>
<arguments>
<arg>${customeTo}</arg>
</arguments>
<msg timestamp="20190719 14:39:11.051" level="INFO">17/07/2019</msg>
<status status="PASS" starttime="20190719 14:39:11.051" endtime="20190719 14:39:11.051"></status>
</kw>
<kw name="Click Element" library="SeleniumLibrary">
<doc>Click element identified by ``locator``.</doc>
<arguments>
<arg>${clickontimeframe}</arg>
</arguments>
<msg timestamp="20190719 14:39:11.063" level="INFO">Clicking element 'xpath=//form[@id="DateFilter"]/div/div/div[3]/span/span/span[2]/span'.</msg>
<status status="PASS" starttime="20190719 14:39:11.052" endtime="20190719 14:39:12.197"></status>
</kw>
<kw name="Wait Until Element Is Visible" library="SeleniumLibrary">
<doc>Waits until element ``locator`` is visible.</doc>
<arguments>
<arg>${customdateselect}</arg>
</arguments>
<status status="PASS" starttime="20190719 14:39:12.197" endtime="20190719 14:39:13.247"></status>
</kw>
<kw name="Sleep" library="BuiltIn">
<doc>Pauses the test executed for the given time.</doc>
<arguments>
<arg>3s</arg>
</arguments>
<msg timestamp="20190719 14:39:16.250" level="INFO">Slept 3 seconds</msg>
<status status="PASS" starttime="20190719 14:39:13.247" endtime="20190719 14:39:16.250"></status>
</kw>
<kw name="Click Element" library="SeleniumLibrary">
<doc>Click element identified by ``locator``.</doc>
<arguments>
<arg>${customdateselect}</arg>
</arguments>
<msg timestamp="20190719 14:39:16.251" level="INFO">Clicking element 'xpath=//ul[@id="StandardFilter_SelectedDateValue_listbox"]/li[12]'.</msg>
<status status="PASS" starttime="20190719 14:39:16.250" endtime="20190719 14:39:17.477"></status>
</kw>
<kw name="Sleep" library="BuiltIn">
<doc>Pauses the test executed for the given time.</doc>
<arguments>
<arg>1s</arg>
</arguments>
<msg timestamp="20190719 14:39:18.479" level="INFO">Slept 1 second</msg>
<status status="PASS" starttime="20190719 14:39:17.477" endtime="20190719 14:39:18.479"></status>
</kw>
<kw name="Clear Element Text" library="SeleniumLibrary">
<doc>Clears the value of text entry element identified by ``locator``.</doc>
<arguments>
<arg>${inputcustomfrom}</arg>
</arguments>
<status status="PASS" starttime="20190719 14:39:18.479" endtime="20190719 14:39:19.558"></status>
</kw>
<kw name="Input Text" library="SeleniumLibrary">
<doc>Types the given ``text`` into text field identified by ``locator``.</doc>
<arguments>
<arg>${inputcustomfrom}</arg>
<arg>${customefrom}</arg>
</arguments>
<msg timestamp="20190719 14:39:19.558" level="INFO">Typing text '09/07/2019' into text field 'id=StandardFilter_CustomDateFrom'.</msg>
<status status="PASS" starttime="20190719 14:39:19.558" endtime="20190719 14:39:21.258"></status>
</kw>
<kw name="Clear Element Text" library="SeleniumLibrary">
<doc>Clears the value of text entry element identified by ``locator``.</doc>
<arguments>
<arg>${inputcutomto}</arg>
</arguments>
<status status="PASS" starttime="20190719 14:39:21.259" endtime="20190719 14:39:22.330"></status>
</kw>
<kw name="Input Text" library="SeleniumLibrary">
<doc>Types the given ``text`` into text field identified by ``locator``.</doc>
<arguments>
<arg>${inputcutomto}</arg>
<arg>${customeTo}</arg>
</arguments>
<msg timestamp="20190719 14:39:22.330" level="INFO">Typing text '17/07/2019' into text field 'id=StandardFilter_CustomDateTo'.</msg>
<status status="PASS" starttime="20190719 14:39:22.330" endtime="20190719 14:39:23.936"></status>
</kw>
<kw name="Sleep" library="BuiltIn">
<doc>Pauses the test executed for the given time.</doc>
<arguments>
<arg>3s</arg>
</arguments>
<msg timestamp="20190719 14:39:26.937" level="INFO">Slept 3 seconds</msg>
<status status="PASS" starttime="20190719 14:39:23.936" endtime="20190719 14:39:26.937"></status>
</kw>
<kw name="Click Element" library="SeleniumLibrary">
<doc>Click element identified by ``locator``.</doc>
<arguments>
<arg>${clickonviewbutton}</arg>
</arguments>
<msg timestamp="20190719 14:39:26.938" level="INFO">Clicking element 'xpath=//button[@id="btnChangeDate"]'.</msg>
<status status="PASS" starttime="20190719 14:39:26.937" endtime="20190719 14:39:28.176"></status>
</kw>
<kw name="Sleep" library="BuiltIn">
<doc>Pauses the test executed for the given time.</doc>
<arguments>
<arg>4s</arg>
</arguments>
<msg timestamp="20190719 14:39:32.177" level="INFO">Slept 4 seconds</msg>
<status status="PASS" starttime="20190719 14:39:28.176" endtime="20190719 14:39:32.177"></status>
</kw>
<kw name="Get Value" library="SeleniumLibrary">
<doc>Returns the value attribute of element identified by ``locator``.</doc>
<arguments>
<arg>${inputcustomfrom}</arg>
</arguments>
<assign>
<var>${customefrom1}</var>
</assign>
<msg timestamp="20190719 14:39:33.342" level="INFO">${customefrom1} = 09/07/2019</msg>
<status status="PASS" starttime="20190719 14:39:32.177" endtime="20190719 14:39:33.342"></status>
</kw>
<kw name="Should Be Equal" library="BuiltIn">
<doc>Fails if the given objects are unequal.</doc>
<arguments>
<arg>${customefrom}</arg>
<arg>${customefrom1}</arg>
</arguments>
<status status="PASS" starttime="20190719 14:39:33.342" endtime="20190719 14:39:33.342"></status>
</kw>
<kw name="Get Value" library="SeleniumLibrary">
<doc>Returns the value attribute of element identified by ``locator``.</doc>
<arguments>
<arg>${inputcutomto}</arg>
</arguments>
<assign>
<var>${customto1}</var>
</assign>
<msg timestamp="20190719 14:39:34.372" level="INFO">${customto1} = 17/07/2019</msg>
<status status="PASS" starttime="20190719 14:39:33.342" endtime="20190719 14:39:34.372"></status>
</kw>
<kw name="Should Be Equal" library="BuiltIn">
<doc>Fails if the given objects are unequal.</doc>
<arguments>
<arg>${customto1}</arg>
<arg>${customeTo}</arg>
</arguments>
<status status="PASS" starttime="20190719 14:39:34.372" endtime="20190719 14:39:34.373"></status>
</kw>
<kw name="Sleep" library="BuiltIn">
<doc>Pauses the test executed for the given time.</doc>
<arguments>
<arg>5s</arg>
</arguments>
<msg timestamp="20190719 14:39:39.373" level="INFO">Slept 5 seconds</msg>
<status status="PASS" starttime="20190719 14:39:34.373" endtime="20190719 14:39:39.373"></status>
</kw>
<kw name="Get Text" library="SeleniumLibrary">
<doc>Returns the text value of element identified by ``locator``.</doc>
<arguments>
<arg>${firstcompanyvisit}</arg>
</arguments>
<assign>
<var>${visitdat}</var>
</assign>
<msg timestamp="20190719 14:39:40.420" level="INFO">${visitdat} = 17/07/2019 23:39</msg>
<status status="PASS" starttime="20190719 14:39:39.373" endtime="20190719 14:39:40.420"></status>
</kw>
<kw name="Convert To String" library="BuiltIn">
<doc>Converts the given item to a Unicode string.</doc>
<arguments>
<arg>${visitdat}</arg>
</arguments>
<assign>
<var>${Customefromdate}</var>
</assign>
<msg timestamp="20190719 14:39:40.421" level="INFO">${Customefromdate} = 17/07/2019 23:39</msg>
<status status="PASS" starttime="20190719 14:39:40.420" endtime="20190719 14:39:40.421"></status>
</kw>
<kw name="Log To Console" library="BuiltIn">
<doc>Logs the given message to the console.</doc>
<arguments>
<arg>${Customefromdate}</arg>
</arguments>
<status status="PASS" starttime="20190719 14:39:40.421" endtime="20190719 14:39:40.422"></status>
</kw>
<kw name="Should Start With" library="BuiltIn">
<doc>Fails if the string ``str1`` does not start with the string ``str2``.</doc>
<arguments>
<arg>${Customefromdate}</arg>
<arg>17/07/2019</arg>
</arguments>
<assign>
<var>${cutstring}</var>
</assign>
<msg timestamp="20190719 14:39:40.423" level="INFO">${cutstring} = None</msg>
<status status="PASS" starttime="20190719 14:39:40.422" endtime="20190719 14:39:40.423"></status>
</kw>
<kw name="Run Keyword If" library="BuiltIn">
<doc>Runs the given keyword with the given arguments, if ``condition`` is true.</doc>
<arguments>
<arg>'${Customefromdate}' == '${cutstring}'</arg>
<arg>click on date tool tip</arg>
</arguments>
<status status="PASS" starttime="20190719 14:39:40.423" endtime="20190719 14:39:40.424"></status>
</kw>
<kw name="Click Element" library="SeleniumLibrary">
<doc>Click element identified by ``locator``.</doc>
<arguments>
<arg>${clickondatetooltip}</arg>
</arguments>
<msg timestamp="20190719 14:39:40.425" level="INFO">Clicking element 'xpath=//div[@id="grdvisitorlist"]/table/thead/tr/th[3]/a'.</msg>
<status status="PASS" starttime="20190719 14:39:40.424" endtime="20190719 14:39:41.621"></status>
</kw>
<kw name="Sleep" library="BuiltIn">
<doc>Pauses the test executed for the given time.</doc>
<arguments>
<arg>5s</arg>
</arguments>
<msg timestamp="20190719 14:39:46.621" level="INFO">Slept 5 seconds</msg>
<status status="PASS" starttime="20190719 14:39:41.621" endtime="20190719 14:39:46.621"></status>
</kw>
<kw name="Get Text" library="SeleniumLibrary">
<doc>Returns the text value of element identified by ``locator``.</doc>
<arguments>
<arg>${firstcompanyvisit}</arg>
</arguments>
<assign>
<var>${visitdat}</var>
</assign>
<msg timestamp="20190719 14:39:47.679" level="INFO">${visitdat} = 09/07/2019 01:21</msg>
<status status="PASS" starttime="20190719 14:39:46.621" endtime="20190719 14:39:47.679"></status>
</kw>
<kw name="Convert To String" library="BuiltIn">
<doc>Converts the given item to a Unicode string.</doc>
<arguments>
<arg>${visitdat}</arg>
</arguments>
<assign>
<var>${Customefromdate}</var>
</assign>
<msg timestamp="20190719 14:39:47.680" level="INFO">${Customefromdate} = 09/07/2019 01:21</msg>
<status status="PASS" starttime="20190719 14:39:47.679" endtime="20190719 14:39:47.680"></status>
</kw>
<kw name="Log To Console" library="BuiltIn">
<doc>Logs the given message to the console.</doc>
<arguments>
<arg>${Customefromdate}</arg>
</arguments>
<status status="PASS" starttime="20190719 14:39:47.681" endtime="20190719 14:39:47.681"></status>
</kw>
<kw name="Should Contain" library="BuiltIn">
<doc>Fails if ``container`` does not contain ``item`` one or more times.</doc>
<arguments>
<arg>${Customefromdate}</arg>
<arg>${customefrom}</arg>
</arguments>
<status status="PASS" starttime="20190719 14:39:47.681" endtime="20190719 14:39:47.682"></status>
</kw>
<kw name="Run Keyword If" library="BuiltIn">
<doc>Runs the given keyword with the given arguments, if ``condition`` is true.</doc>
<arguments>
<arg>'${Customefromdate}' != '${cutstring}'</arg>
<arg>click on date tool tip</arg>
</arguments>
<kw name="click on date tool tip" library="VisitoList">
<kw name="Click Element" library="SeleniumLibrary">
<doc>Click element identified by ``locator``.</doc>
<arguments>
<arg>${clickondatetooltip}</arg>
</arguments>
<msg timestamp="20190719 14:39:47.684" level="INFO">Clicking element 'xpath=//div[@id="grdvisitorlist"]/table/thead/tr/th[3]/a'.</msg>
<status status="PASS" starttime="20190719 14:39:47.684" endtime="20190719 14:39:48.885"></status>
</kw>
<status status="PASS" starttime="20190719 14:39:47.683" endtime="20190719 14:39:48.885"></status>
</kw>
<status status="PASS" starttime="20190719 14:39:47.682" endtime="20190719 14:39:48.885"></status>
</kw>
<kw name="Sleep" library="BuiltIn">
<doc>Pauses the test executed for the given time.</doc>
<arguments>
<arg>5s</arg>
</arguments>
<msg timestamp="20190719 14:39:53.886" level="INFO">Slept 5 seconds</msg>
<status status="PASS" starttime="20190719 14:39:48.885" endtime="20190719 14:39:53.886"></status>
</kw>
<kw name="Get Text" library="SeleniumLibrary">
<doc>Returns the text value of element identified by ``locator``.</doc>
<arguments>
<arg>${firstcompanyvisit}</arg>
</arguments>
<assign>
<var>${vistdate1}</var>
</assign>
<msg timestamp="20190719 14:39:54.952" level="INFO">${vistdate1} = 17/07/2019 23:39</msg>
<status status="PASS" starttime="20190719 14:39:53.887" endtime="20190719 14:39:54.952"></status>
</kw>
<kw name="Convert To String" library="BuiltIn">
<doc>Converts the given item to a Unicode string.</doc>
<arguments>
<arg>${vistdate1}</arg>
</arguments>
<assign>
<var>${Customtodate}</var>
</assign>
<msg timestamp="20190719 14:39:54.954" level="INFO">${Customtodate} = 17/07/2019 23:39</msg>
<status status="PASS" starttime="20190719 14:39:54.953" endtime="20190719 14:39:54.954"></status>
</kw>
<kw name="Log To Console" library="BuiltIn">
<doc>Logs the given message to the console.</doc>
<arguments>
<arg>${Customtodate}</arg>
</arguments>
<status status="PASS" starttime="20190719 14:39:54.954" endtime="20190719 14:39:54.955"></status>
</kw>
<kw name="Should Contain" library="BuiltIn">
<doc>Fails if ``container`` does not contain ``item`` one or more times.</doc>
<arguments>
<arg>${Customtodate}</arg>
<arg>${customeTo}</arg>
</arguments>
<status status="PASS" starttime="20190719 14:39:54.955" endtime="20190719 14:39:54.956"></status>
</kw>
<status status="PASS" starttime="20190719 14:39:11.043" endtime="20190719 14:39:54.956"></status>
</kw>
<tags>
<tag>Regression</tag>
<tag>Sanity</tag>
<tag>Timeframe</tag>
<tag>Visitorlist</tag>
</tags>
<status status="PASS" starttime="20190719 14:38:51.184" endtime="20190719 14:39:54.957" critical="yes"></status>
</test>
<status status="PASS" starttime="20190719 14:38:50.932" endtime="20190719 14:39:54.958"></status>
</suite>
<statistics>
<total>
<stat pass="1" fail="0">Critical Tests</stat>
<stat pass="1" fail="0">All Tests</stat>
</total>
<tag>
<stat pass="1" fail="0">Regression</stat>
<stat pass="1" fail="0">Sanity</stat>
<stat pass="1" fail="0">Timeframe</stat>
<stat pass="1" fail="0">Visitorlist</stat>
</tag>
<suite>
<stat pass="1" fail="0" id="s1" name="AllTest">AllTest</stat>
</suite>
</statistics>
<errors>
</errors>
</robot>
