<?xml version="1.0" encoding="UTF-8"?>
<robot generator="Robot 3.1.2 (Python 3.7.3 on win32)" generated="20190724 13:35:09.671" rpa="false">
<suite id="s1" name="AllTest" source="C:\development\lf\robot-scripts\Tests\AllTest.robot">
<test id="s1-t1" name="User is able to search visits by keyword">
<kw name="Begin Web Test" library="Common" type="setup">
<kw name="Open Browser" library="SeleniumLibrary">
<doc>Opens a new browser instance to the given ``url``.</doc>
<arguments>
<arg>${beta}</arg>
<arg>${Browser}</arg>
</arguments>
<msg timestamp="20190724 13:35:09.904" level="INFO">Opening browser 'chrome' to base url 'https://beta.leadforensics.com'.</msg>
<status status="PASS" starttime="20190724 13:35:09.904" endtime="20190724 13:35:12.845"></status>
</kw>
<kw name="Maximize Browser Window" library="SeleniumLibrary">
<doc>Maximizes current browser window.</doc>
<status status="PASS" starttime="20190724 13:35:12.845" endtime="20190724 13:35:13.971"></status>
</kw>
<kw name="Set Selenium Speed" library="SeleniumLibrary">
<doc>Sets the delay that is waited after each Selenium command.</doc>
<arguments>
<arg>0.5 seconds</arg>
</arguments>
<status status="PASS" starttime="20190724 13:35:13.972" endtime="20190724 13:35:13.972"></status>
</kw>
<kw name="Set Selenium Implicit Wait" library="SeleniumLibrary">
<doc>Sets the implicit wait value used by Selenium.</doc>
<arguments>
<arg>2s</arg>
</arguments>
<status status="PASS" starttime="20190724 13:35:13.973" endtime="20190724 13:35:14.477"></status>
</kw>
<kw name="Set Screenshot Directory" library="SeleniumLibrary">
<doc>Sets the directory for captured screenshots.</doc>
<arguments>
<arg>C:\\development\\robot-scripts\\UScrennshot</arg>
</arguments>
<status status="PASS" starttime="20190724 13:35:14.477" endtime="20190724 13:35:14.478"></status>
</kw>
<status status="PASS" starttime="20190724 13:35:09.904" endtime="20190724 13:35:14.479"></status>
</kw>
<kw name="Enter valid login id and password" library="Login">
<kw name="Wait Until Element Is Visible" library="SeleniumLibrary">
<doc>Waits until element ``locator`` is visible.</doc>
<arguments>
<arg>${l_username}</arg>
</arguments>
<status status="PASS" starttime="20190724 13:35:14.480" endtime="20190724 13:35:15.516"></status>
</kw>
<kw name="Input Text" library="SeleniumLibrary">
<doc>Types the given ``text`` into text field identified by ``locator``.</doc>
<arguments>
<arg>${l_username}</arg>
<arg>${username}</arg>
</arguments>
<msg timestamp="20190724 13:35:15.517" level="INFO">Typing text 'lfoptimise' into text field 'css=input#UserName'.</msg>
<status status="PASS" starttime="20190724 13:35:15.517" endtime="20190724 13:35:17.172"></status>
</kw>
<kw name="Input Text" library="SeleniumLibrary">
<doc>Types the given ``text`` into text field identified by ``locator``.</doc>
<arguments>
<arg>${l_password}</arg>
<arg>${password}</arg>
</arguments>
<msg timestamp="20190724 13:35:17.172" level="INFO">Typing text 'ravinia2015' into text field 'id=Password'.</msg>
<status status="PASS" starttime="20190724 13:35:17.172" endtime="20190724 13:35:18.772"></status>
</kw>
<kw name="Wait Until Element Is Visible" library="SeleniumLibrary">
<doc>Waits until element ``locator`` is visible.</doc>
<arguments>
<arg>${l_loginbutton}</arg>
</arguments>
<status status="PASS" starttime="20190724 13:35:18.772" endtime="20190724 13:35:19.787"></status>
</kw>
<kw name="Click Element" library="SeleniumLibrary">
<doc>Click element identified by ``locator``.</doc>
<arguments>
<arg>${l_loginbutton}</arg>
</arguments>
<msg timestamp="20190724 13:35:19.787" level="INFO">Clicking element 'id=btnSubmit'.</msg>
<status status="PASS" starttime="20190724 13:35:19.787" endtime="20190724 13:35:24.247"></status>
</kw>
<kw name="Element Text Should Be" library="SeleniumLibrary">
<doc>Verifies that element ``locator`` contains exact text ``expected``.</doc>
<arguments>
<arg>${l_verification}</arg>
<arg>lfoptimise</arg>
</arguments>
<msg timestamp="20190724 13:35:24.248" level="INFO">Verifying element 'id=portal-name' contains exact text 'lfoptimise'.</msg>
<status status="PASS" starttime="20190724 13:35:24.247" endtime="20190724 13:35:25.716"></status>
</kw>
<status status="PASS" starttime="20190724 13:35:14.479" endtime="20190724 13:35:25.716"></status>
</kw>
<kw name="Open Visitor List Page" library="HomePage">
<kw name="Sleep" library="BuiltIn">
<doc>Pauses the test executed for the given time.</doc>
<arguments>
<arg>3s</arg>
</arguments>
<msg timestamp="20190724 13:35:28.728" level="INFO">Slept 3 seconds</msg>
<status status="PASS" starttime="20190724 13:35:25.717" endtime="20190724 13:35:28.728"></status>
</kw>
<kw name="Click Element" library="SeleniumLibrary">
<doc>Click element identified by ``locator``.</doc>
<arguments>
<arg>${visitorlist}</arg>
</arguments>
<msg timestamp="20190724 13:35:28.728" level="INFO">Clicking element 'link=Visitor List'.</msg>
<status status="PASS" starttime="20190724 13:35:28.728" endtime="20190724 13:35:31.256"></status>
</kw>
<kw name="Get Title" library="SeleniumLibrary">
<doc>Returns the title of current page.</doc>
<status status="PASS" starttime="20190724 13:35:31.256" endtime="20190724 13:35:32.243"></status>
</kw>
<kw name="Title Should Be" library="SeleniumLibrary">
<doc>Verifies that current page title equals ``title``.</doc>
<arguments>
<arg>Visitor List</arg>
</arguments>
<msg timestamp="20190724 13:35:32.750" level="INFO">Page title is 'Visitor List'.</msg>
<status status="PASS" starttime="20190724 13:35:32.243" endtime="20190724 13:35:32.750"></status>
</kw>
<status status="PASS" starttime="20190724 13:35:25.716" endtime="20190724 13:35:32.750"></status>
</kw>
<kw name="Search Visits by keyword" library="VisitoList">
<kw name="Input Text" library="SeleniumLibrary">
<doc>Types the given ``text`` into text field identified by ``locator``.</doc>
<arguments>
<arg>${inputtext}</arg>
<arg>${searchwrongkeyword}</arg>
</arguments>
<msg timestamp="20190724 13:35:32.752" level="INFO">Typing text '123' into text field 'id=SearchText'.</msg>
<status status="PASS" starttime="20190724 13:35:32.752" endtime="20190724 13:35:34.691"></status>
</kw>
<kw name="Click Element" library="SeleniumLibrary">
<doc>Click element identified by ``locator``.</doc>
<arguments>
<arg>${opendrpdownsearch}</arg>
</arguments>
<msg timestamp="20190724 13:35:34.691" level="INFO">Clicking element 'xpath=//span[@style="width: 100px;"]/span'.</msg>
<status status="PASS" starttime="20190724 13:35:34.691" endtime="20190724 13:35:35.835"></status>
</kw>
<kw name="Click Element" library="SeleniumLibrary">
<doc>Click element identified by ``locator``.</doc>
<arguments>
<arg>${selcecategory}</arg>
</arguments>
<msg timestamp="20190724 13:35:35.835" level="INFO">Clicking element 'xpath=//ul[@id="SearchType_listbox"]/li[2]'.</msg>
<status status="PASS" starttime="20190724 13:35:35.835" endtime="20190724 13:35:36.914"></status>
</kw>
<kw name="Click Element" library="SeleniumLibrary">
<doc>Click element identified by ``locator``.</doc>
<arguments>
<arg>${clickonsearch}</arg>
</arguments>
<msg timestamp="20190724 13:35:36.915" level="INFO">Clicking element 'id=btnSearch'.</msg>
<status status="PASS" starttime="20190724 13:35:36.915" endtime="20190724 13:35:38.084"></status>
</kw>
<kw name="Get Text" library="SeleniumLibrary">
<doc>Returns the text value of element identified by ``locator``.</doc>
<arguments>
<arg>${getstring}</arg>
</arguments>
<assign>
<var>${string1}</var>
</assign>
<msg timestamp="20190724 13:35:39.149" level="INFO">${string1} = No items to display</msg>
<status status="PASS" starttime="20190724 13:35:38.084" endtime="20190724 13:35:39.149"></status>
</kw>
<kw name="Log To Console" library="BuiltIn">
<doc>Logs the given message to the console.</doc>
<arguments>
<arg>${string1}</arg>
</arguments>
<status status="PASS" starttime="20190724 13:35:39.149" endtime="20190724 13:35:39.149"></status>
</kw>
<kw name="Run Keyword If" library="BuiltIn">
<doc>Runs the given keyword with the given arguments, if ``condition`` is true.</doc>
<arguments>
<arg>'${string1}' == 'No items to display'</arg>
<arg>log to console</arg>
<arg>no error found</arg>
</arguments>
<kw name="Log To Console" library="BuiltIn">
<doc>Logs the given message to the console.</doc>
<arguments>
<arg>no error found</arg>
</arguments>
<status status="PASS" starttime="20190724 13:35:39.149" endtime="20190724 13:35:39.149"></status>
</kw>
<status status="PASS" starttime="20190724 13:35:39.149" endtime="20190724 13:35:39.149"></status>
</kw>
<kw name="Get Text" library="SeleniumLibrary">
<doc>Returns the text value of element identified by ``locator``.</doc>
<arguments>
<arg>${novisitmessage}</arg>
</arguments>
<assign>
<var>${companymessage1}</var>
</assign>
<msg timestamp="20190724 13:35:40.228" level="INFO">${companymessage1} = There are no visits to display. Please check your filters and try again.</msg>
<status status="PASS" starttime="20190724 13:35:39.149" endtime="20190724 13:35:40.228"></status>
</kw>
<kw name="Log To Console" library="BuiltIn">
<doc>Logs the given message to the console.</doc>
<arguments>
<arg>${companymessage1}</arg>
</arguments>
<status status="PASS" starttime="20190724 13:35:40.228" endtime="20190724 13:35:40.228"></status>
</kw>
<kw name="Element Should Contain" library="SeleniumLibrary">
<doc>Verifies that element ``locator`` contains text ``expected``.</doc>
<arguments>
<arg>${novisitmessage}</arg>
<arg>There are no visits to display. Please check your filters and try again.</arg>
</arguments>
<msg timestamp="20190724 13:35:41.280" level="INFO">Element 'xpath=//div[@id="grdvisitorlist"]/table/tbody/tr/td/b' contains text 'There are no visits to display. Please check your filters and try again.'.</msg>
<status status="PASS" starttime="20190724 13:35:40.228" endtime="20190724 13:35:41.280"></status>
</kw>
<kw name="Input Text" library="SeleniumLibrary">
<doc>Types the given ``text`` into text field identified by ``locator``.</doc>
<arguments>
<arg>${inputtext}</arg>
<arg>${searchbykeywords}</arg>
</arguments>
<msg timestamp="20190724 13:35:41.281" level="INFO">Typing text 'lead forensics' into text field 'id=SearchText'.</msg>
<status status="PASS" starttime="20190724 13:35:41.280" endtime="20190724 13:35:42.900"></status>
</kw>
<kw name="Click Element" library="SeleniumLibrary">
<doc>Click element identified by ``locator``.</doc>
<arguments>
<arg>${opendrpdownsearch}</arg>
</arguments>
<msg timestamp="20190724 13:35:42.900" level="INFO">Clicking element 'xpath=//span[@style="width: 100px;"]/span'.</msg>
<status status="PASS" starttime="20190724 13:35:42.900" endtime="20190724 13:35:43.973"></status>
</kw>
<kw name="Click Element" library="SeleniumLibrary">
<doc>Click element identified by ``locator``.</doc>
<arguments>
<arg>${selcecategory}</arg>
</arguments>
<msg timestamp="20190724 13:35:43.973" level="INFO">Clicking element 'xpath=//ul[@id="SearchType_listbox"]/li[2]'.</msg>
<status status="PASS" starttime="20190724 13:35:43.973" endtime="20190724 13:35:45.036"></status>
</kw>
<kw name="Click Element" library="SeleniumLibrary">
<doc>Click element identified by ``locator``.</doc>
<arguments>
<arg>${clickonsearch}</arg>
</arguments>
<msg timestamp="20190724 13:35:45.038" level="INFO">Clicking element 'id=btnSearch'.</msg>
<status status="PASS" starttime="20190724 13:35:45.036" endtime="20190724 13:35:46.128"></status>
</kw>
<kw name="Element Should Contain" library="SeleniumLibrary">
<doc>Verifies that element ``locator`` contains text ``expected``.</doc>
<arguments>
<arg>${checkkeyword}</arg>
<arg>${searchbykeywords}</arg>
</arguments>
<kw name="Capture Page Screenshot" library="SeleniumLibrary">
<doc>Takes screenshot of the current page and embeds it into log file.</doc>
<msg timestamp="20190724 13:35:49.799" level="INFO" html="yes">&lt;/td&gt;&lt;/tr&gt;&lt;tr&gt;&lt;td colspan="3"&gt;&lt;a href="../../robot-scripts/UScrennshot/selenium-screenshot-231.png"&gt;&lt;img src="../../robot-scripts/UScrennshot/selenium-screenshot-231.png" width="800px"&gt;&lt;/a&gt;</msg>
<status status="PASS" starttime="20190724 13:35:48.941" endtime="20190724 13:35:49.799"></status>
</kw>
<msg timestamp="20190724 13:35:49.799" level="FAIL">Element 'xpath=//div[@id="grdvisitorlist"]/table/tbody/tr[1]/td[9]' should have contained text 'lead forensics' but its text was ''.</msg>
<status status="FAIL" starttime="20190724 13:35:46.129" endtime="20190724 13:35:49.799"></status>
</kw>
<status status="FAIL" starttime="20190724 13:35:32.751" endtime="20190724 13:35:49.799"></status>
</kw>
<kw name="End Web Test" library="Common" type="teardown">
<kw name="Close Browser" library="SeleniumLibrary">
<doc>Closes the current browser.</doc>
<status status="PASS" starttime="20190724 13:35:49.799" endtime="20190724 13:35:52.362"></status>
</kw>
<status status="PASS" starttime="20190724 13:35:49.799" endtime="20190724 13:35:52.363"></status>
</kw>
<tags>
<tag>Regression</tag>
<tag>Sanity</tag>
<tag>searchkeyword</tag>
<tag>Visitorlist</tag>
</tags>
<status status="FAIL" starttime="20190724 13:35:09.904" endtime="20190724 13:35:52.363" critical="yes">Element 'xpath=//div[@id="grdvisitorlist"]/table/tbody/tr[1]/td[9]' should have contained text 'lead forensics' but its text was ''.</status>
</test>
<status status="FAIL" starttime="20190724 13:35:09.672" endtime="20190724 13:35:52.365"></status>
</suite>
<statistics>
<total>
<stat pass="0" fail="1">Critical Tests</stat>
<stat pass="0" fail="1">All Tests</stat>
</total>
<tag>
<stat pass="0" fail="1">Regression</stat>
<stat pass="0" fail="1">Sanity</stat>
<stat pass="0" fail="1">searchkeyword</stat>
<stat pass="0" fail="1">Visitorlist</stat>
</tag>
<suite>
<stat pass="0" fail="1" id="s1" name="AllTest">AllTest</stat>
</suite>
</statistics>
<errors>
</errors>
</robot>
