<?xml version="1.0" encoding="UTF-8"?>
<robot generator="Robot 3.1.2 (Python 3.7.3 on win32)" generated="20190718 15:38:19.553" rpa="false">
<suite id="s1" name="AllTest" source="C:\development\lf\robot-scripts\Tests\AllTest.robot">
<test id="s1-t1" name="user is able to login sucessfully">
<kw name="Begin Web Test" library="Common" type="setup">
<kw name="Open Browser" library="SeleniumLibrary">
<doc>Opens a new browser instance to the given ``url``.</doc>
<arguments>
<arg>${switch}</arg>
<arg>${Browser}</arg>
</arguments>
<msg timestamp="20190718 15:38:19.756" level="INFO">Opening browser 'chrome' to base url 'https://switch.leadforensics.com'.</msg>
<status status="PASS" starttime="20190718 15:38:19.756" endtime="20190718 15:38:29.807"></status>
</kw>
<kw name="Maximize Browser Window" library="SeleniumLibrary">
<doc>Maximizes current browser window.</doc>
<status status="PASS" starttime="20190718 15:38:29.807" endtime="20190718 15:38:30.933"></status>
</kw>
<kw name="Set Selenium Speed" library="SeleniumLibrary">
<doc>Sets the delay that is waited after each Selenium command.</doc>
<arguments>
<arg>0.5 seconds</arg>
</arguments>
<status status="PASS" starttime="20190718 15:38:30.933" endtime="20190718 15:38:30.933"></status>
</kw>
<kw name="Set Selenium Implicit Wait" library="SeleniumLibrary">
<doc>Sets the implicit wait value used by Selenium.</doc>
<arguments>
<arg>2s</arg>
</arguments>
<status status="PASS" starttime="20190718 15:38:30.933" endtime="20190718 15:38:31.435"></status>
</kw>
<kw name="Set Screenshot Directory" library="SeleniumLibrary">
<doc>Sets the directory for captured screenshots.</doc>
<arguments>
<arg>C:\\development\\robot-scripts\\UScrennshot</arg>
</arguments>
<status status="PASS" starttime="20190718 15:38:31.435" endtime="20190718 15:38:31.436"></status>
</kw>
<status status="PASS" starttime="20190718 15:38:19.756" endtime="20190718 15:38:31.436"></status>
</kw>
<kw name="Enter invalid login id and valid password" library="Login">
<kw name="Wait Until Element Is Visible" library="SeleniumLibrary">
<doc>Waits until element ``locator`` is visible.</doc>
<arguments>
<arg>${l_username}</arg>
</arguments>
<status status="PASS" starttime="20190718 15:38:31.438" endtime="20190718 15:38:32.479"></status>
</kw>
<kw name="Input Text" library="SeleniumLibrary">
<doc>Types the given ``text`` into text field identified by ``locator``.</doc>
<arguments>
<arg>${l_username}</arg>
<arg>${invalidusername}</arg>
</arguments>
<msg timestamp="20190718 15:38:32.479" level="INFO">Typing text 'ahffweaah' into text field 'css=input#UserName'.</msg>
<status status="PASS" starttime="20190718 15:38:32.479" endtime="20190718 15:38:34.087"></status>
</kw>
<kw name="Input Text" library="SeleniumLibrary">
<doc>Types the given ``text`` into text field identified by ``locator``.</doc>
<arguments>
<arg>${l_password}</arg>
<arg>${password}</arg>
</arguments>
<msg timestamp="20190718 15:38:34.088" level="INFO">Typing text 'ravinia2015' into text field 'id=Password'.</msg>
<status status="PASS" starttime="20190718 15:38:34.087" endtime="20190718 15:38:35.677"></status>
</kw>
<kw name="Wait Until Element Is Visible" library="SeleniumLibrary">
<doc>Waits until element ``locator`` is visible.</doc>
<arguments>
<arg>${l_loginbutton}</arg>
</arguments>
<status status="PASS" starttime="20190718 15:38:35.677" endtime="20190718 15:38:36.717"></status>
</kw>
<kw name="Click Element" library="SeleniumLibrary">
<doc>Click element identified by ``locator``.</doc>
<arguments>
<arg>${l_loginbutton}</arg>
</arguments>
<msg timestamp="20190718 15:38:36.717" level="INFO">Clicking element 'id=btnSubmit'.</msg>
<status status="PASS" starttime="20190718 15:38:36.717" endtime="20190718 15:38:38.511"></status>
</kw>
<kw name="Element Text Should Be" library="SeleniumLibrary">
<doc>Verifies that element ``locator`` contains exact text ``expected``.</doc>
<arguments>
<arg>${error}</arg>
<arg>Invalid login. If you have forgotten your password, please use the forgotten password link above.</arg>
</arguments>
<msg timestamp="20190718 15:38:38.512" level="INFO">Verifying element 'id=pnlError' contains exact text 'Invalid login. If you have forgotten your password, please use the forgotten password link above.'.</msg>
<status status="PASS" starttime="20190718 15:38:38.511" endtime="20190718 15:38:39.547"></status>
</kw>
<status status="PASS" starttime="20190718 15:38:31.437" endtime="20190718 15:38:39.547"></status>
</kw>
<kw name="Enter valid login id and invalid password" library="Login">
<kw name="Wait Until Element Is Visible" library="SeleniumLibrary">
<doc>Waits until element ``locator`` is visible.</doc>
<arguments>
<arg>${l_username}</arg>
</arguments>
<status status="PASS" starttime="20190718 15:38:39.549" endtime="20190718 15:38:40.586"></status>
</kw>
<kw name="Input Text" library="SeleniumLibrary">
<doc>Types the given ``text`` into text field identified by ``locator``.</doc>
<arguments>
<arg>${l_username}</arg>
<arg>${username}</arg>
</arguments>
<msg timestamp="20190718 15:38:40.587" level="INFO">Typing text 'lfoptimise' into text field 'css=input#UserName'.</msg>
<status status="PASS" starttime="20190718 15:38:40.586" endtime="20190718 15:38:42.193"></status>
</kw>
<kw name="Input Text" library="SeleniumLibrary">
<doc>Types the given ``text`` into text field identified by ``locator``.</doc>
<arguments>
<arg>${l_password}</arg>
<arg>${invalidpassword}</arg>
</arguments>
<msg timestamp="20190718 15:38:42.194" level="INFO">Typing text 'ewhfhhh' into text field 'id=Password'.</msg>
<status status="PASS" starttime="20190718 15:38:42.193" endtime="20190718 15:38:43.809"></status>
</kw>
<kw name="Wait Until Element Is Visible" library="SeleniumLibrary">
<doc>Waits until element ``locator`` is visible.</doc>
<arguments>
<arg>${l_loginbutton}</arg>
</arguments>
<status status="PASS" starttime="20190718 15:38:43.809" endtime="20190718 15:38:44.849"></status>
</kw>
<kw name="Click Element" library="SeleniumLibrary">
<doc>Click element identified by ``locator``.</doc>
<arguments>
<arg>${l_loginbutton}</arg>
</arguments>
<msg timestamp="20190718 15:38:44.850" level="INFO">Clicking element 'id=btnSubmit'.</msg>
<status status="PASS" starttime="20190718 15:38:44.849" endtime="20190718 15:38:46.566"></status>
</kw>
<kw name="Element Text Should Be" library="SeleniumLibrary">
<doc>Verifies that element ``locator`` contains exact text ``expected``.</doc>
<arguments>
<arg>${error}</arg>
<arg>Invalid login. If you have forgotten your password, please use the forgotten password link above.</arg>
</arguments>
<msg timestamp="20190718 15:38:46.567" level="INFO">Verifying element 'id=pnlError' contains exact text 'Invalid login. If you have forgotten your password, please use the forgotten password link above.'.</msg>
<status status="PASS" starttime="20190718 15:38:46.566" endtime="20190718 15:38:47.595"></status>
</kw>
<status status="PASS" starttime="20190718 15:38:39.548" endtime="20190718 15:38:47.595"></status>
</kw>
<kw name="Enter valid login id and password" library="Login">
<kw name="Wait Until Element Is Visible" library="SeleniumLibrary">
<doc>Waits until element ``locator`` is visible.</doc>
<arguments>
<arg>${l_username}</arg>
</arguments>
<status status="PASS" starttime="20190718 15:38:47.598" endtime="20190718 15:38:48.627"></status>
</kw>
<kw name="Input Text" library="SeleniumLibrary">
<doc>Types the given ``text`` into text field identified by ``locator``.</doc>
<arguments>
<arg>${l_username}</arg>
<arg>${username}</arg>
</arguments>
<msg timestamp="20190718 15:38:48.628" level="INFO">Typing text 'lfoptimise' into text field 'css=input#UserName'.</msg>
<status status="PASS" starttime="20190718 15:38:48.627" endtime="20190718 15:38:50.206"></status>
</kw>
<kw name="Input Text" library="SeleniumLibrary">
<doc>Types the given ``text`` into text field identified by ``locator``.</doc>
<arguments>
<arg>${l_password}</arg>
<arg>${password}</arg>
</arguments>
<msg timestamp="20190718 15:38:50.208" level="INFO">Typing text 'ravinia2015' into text field 'id=Password'.</msg>
<status status="PASS" starttime="20190718 15:38:50.207" endtime="20190718 15:38:51.805"></status>
</kw>
<kw name="Wait Until Element Is Visible" library="SeleniumLibrary">
<doc>Waits until element ``locator`` is visible.</doc>
<arguments>
<arg>${l_loginbutton}</arg>
</arguments>
<status status="PASS" starttime="20190718 15:38:51.805" endtime="20190718 15:38:52.828"></status>
</kw>
<kw name="Click Element" library="SeleniumLibrary">
<doc>Click element identified by ``locator``.</doc>
<arguments>
<arg>${l_loginbutton}</arg>
</arguments>
<msg timestamp="20190718 15:38:52.828" level="INFO">Clicking element 'id=btnSubmit'.</msg>
<status status="PASS" starttime="20190718 15:38:52.828" endtime="20190718 15:39:19.277"></status>
</kw>
<kw name="Element Text Should Be" library="SeleniumLibrary">
<doc>Verifies that element ``locator`` contains exact text ``expected``.</doc>
<arguments>
<arg>${l_verification}</arg>
<arg>lfoptimise</arg>
</arguments>
<msg timestamp="20190718 15:39:19.278" level="INFO">Verifying element 'id=portal-name' contains exact text 'lfoptimise'.</msg>
<status status="PASS" starttime="20190718 15:39:19.277" endtime="20190718 15:39:20.327"></status>
</kw>
<kw name="Sleep" library="BuiltIn">
<doc>Pauses the test executed for the given time.</doc>
<arguments>
<arg>3s</arg>
</arguments>
<msg timestamp="20190718 15:39:23.328" level="INFO">Slept 3 seconds</msg>
<status status="PASS" starttime="20190718 15:39:20.327" endtime="20190718 15:39:23.328"></status>
</kw>
<status status="PASS" starttime="20190718 15:38:47.596" endtime="20190718 15:39:23.328"></status>
</kw>
<kw name="End Web Test" library="Common" type="teardown">
<kw name="Close Browser" library="SeleniumLibrary">
<doc>Closes the current browser.</doc>
<status status="PASS" starttime="20190718 15:39:23.330" endtime="20190718 15:39:25.870"></status>
</kw>
<status status="PASS" starttime="20190718 15:39:23.329" endtime="20190718 15:39:25.870"></status>
</kw>
<tags>
<tag>Login</tag>
<tag>Regression</tag>
<tag>Sanity</tag>
<tag>Smoke</tag>
</tags>
<status status="PASS" starttime="20190718 15:38:19.756" endtime="20190718 15:39:25.871" critical="yes"></status>
</test>
<test id="s1-t2" name="user is able to navigate to all pages">
<kw name="Begin Web Test" library="Common" type="setup">
<kw name="Open Browser" library="SeleniumLibrary">
<doc>Opens a new browser instance to the given ``url``.</doc>
<arguments>
<arg>${switch}</arg>
<arg>${Browser}</arg>
</arguments>
<msg timestamp="20190718 15:39:25.876" level="INFO">Opening browser 'chrome' to base url 'https://switch.leadforensics.com'.</msg>
<status status="PASS" starttime="20190718 15:39:25.875" endtime="20190718 15:39:29.426"></status>
</kw>
<kw name="Maximize Browser Window" library="SeleniumLibrary">
<doc>Maximizes current browser window.</doc>
<status status="PASS" starttime="20190718 15:39:29.426" endtime="20190718 15:39:31.053"></status>
</kw>
<kw name="Set Selenium Speed" library="SeleniumLibrary">
<doc>Sets the delay that is waited after each Selenium command.</doc>
<arguments>
<arg>0.5 seconds</arg>
</arguments>
<status status="PASS" starttime="20190718 15:39:31.053" endtime="20190718 15:39:31.053"></status>
</kw>
<kw name="Set Selenium Implicit Wait" library="SeleniumLibrary">
<doc>Sets the implicit wait value used by Selenium.</doc>
<arguments>
<arg>2s</arg>
</arguments>
<status status="PASS" starttime="20190718 15:39:31.054" endtime="20190718 15:39:31.555"></status>
</kw>
<kw name="Set Screenshot Directory" library="SeleniumLibrary">
<doc>Sets the directory for captured screenshots.</doc>
<arguments>
<arg>C:\\development\\robot-scripts\\UScrennshot</arg>
</arguments>
<status status="PASS" starttime="20190718 15:39:31.555" endtime="20190718 15:39:31.555"></status>
</kw>
<status status="PASS" starttime="20190718 15:39:25.874" endtime="20190718 15:39:31.555"></status>
</kw>
<kw name="Enter valid login id and password" library="Login">
<kw name="Wait Until Element Is Visible" library="SeleniumLibrary">
<doc>Waits until element ``locator`` is visible.</doc>
<arguments>
<arg>${l_username}</arg>
</arguments>
<status status="PASS" starttime="20190718 15:39:31.557" endtime="20190718 15:39:32.583"></status>
</kw>
<kw name="Input Text" library="SeleniumLibrary">
<doc>Types the given ``text`` into text field identified by ``locator``.</doc>
<arguments>
<arg>${l_username}</arg>
<arg>${username}</arg>
</arguments>
<msg timestamp="20190718 15:39:32.583" level="INFO">Typing text 'lfoptimise' into text field 'css=input#UserName'.</msg>
<status status="PASS" starttime="20190718 15:39:32.583" endtime="20190718 15:39:34.177"></status>
</kw>
<kw name="Input Text" library="SeleniumLibrary">
<doc>Types the given ``text`` into text field identified by ``locator``.</doc>
<arguments>
<arg>${l_password}</arg>
<arg>${password}</arg>
</arguments>
<msg timestamp="20190718 15:39:34.178" level="INFO">Typing text 'ravinia2015' into text field 'id=Password'.</msg>
<status status="PASS" starttime="20190718 15:39:34.177" endtime="20190718 15:39:35.783"></status>
</kw>
<kw name="Wait Until Element Is Visible" library="SeleniumLibrary">
<doc>Waits until element ``locator`` is visible.</doc>
<arguments>
<arg>${l_loginbutton}</arg>
</arguments>
<status status="PASS" starttime="20190718 15:39:35.783" endtime="20190718 15:39:36.817"></status>
</kw>
<kw name="Click Element" library="SeleniumLibrary">
<doc>Click element identified by ``locator``.</doc>
<arguments>
<arg>${l_loginbutton}</arg>
</arguments>
<msg timestamp="20190718 15:39:36.818" level="INFO">Clicking element 'id=btnSubmit'.</msg>
<status status="PASS" starttime="20190718 15:39:36.817" endtime="20190718 15:39:41.020"></status>
</kw>
<kw name="Element Text Should Be" library="SeleniumLibrary">
<doc>Verifies that element ``locator`` contains exact text ``expected``.</doc>
<arguments>
<arg>${l_verification}</arg>
<arg>lfoptimise</arg>
</arguments>
<msg timestamp="20190718 15:39:41.021" level="INFO">Verifying element 'id=portal-name' contains exact text 'lfoptimise'.</msg>
<status status="PASS" starttime="20190718 15:39:41.020" endtime="20190718 15:39:42.194"></status>
</kw>
<kw name="Sleep" library="BuiltIn">
<doc>Pauses the test executed for the given time.</doc>
<arguments>
<arg>3s</arg>
</arguments>
<msg timestamp="20190718 15:39:45.195" level="INFO">Slept 3 seconds</msg>
<status status="PASS" starttime="20190718 15:39:42.194" endtime="20190718 15:39:45.195"></status>
</kw>
<status status="PASS" starttime="20190718 15:39:31.557" endtime="20190718 15:39:45.195"></status>
</kw>
<kw name="Open Dashboard Page" library="HomePage">
<kw name="Click Element" library="SeleniumLibrary">
<doc>Click element identified by ``locator``.</doc>
<arguments>
<arg>link=Dashboard</arg>
</arguments>
<msg timestamp="20190718 15:39:45.196" level="INFO">Clicking element 'link=Dashboard'.</msg>
<status status="PASS" starttime="20190718 15:39:45.196" endtime="20190718 15:39:47.618"></status>
</kw>
<kw name="Page Should Contain Element" library="SeleniumLibrary">
<doc>Verifies that element ``locator`` is found on the current page.</doc>
<arguments>
<arg>${veryfydashboard}</arg>
<arg>Default</arg>
</arguments>
<msg timestamp="20190718 15:39:48.131" level="INFO">Current page contains element 'id=lbl_dashboardName'.</msg>
<status status="PASS" starttime="20190718 15:39:47.618" endtime="20190718 15:39:48.131"></status>
</kw>
<status status="PASS" starttime="20190718 15:39:45.196" endtime="20190718 15:39:48.131"></status>
</kw>
<kw name="Open Visitor List Page" library="HomePage">
<kw name="Sleep" library="BuiltIn">
<doc>Pauses the test executed for the given time.</doc>
<arguments>
<arg>3s</arg>
</arguments>
<msg timestamp="20190718 15:39:51.134" level="INFO">Slept 3 seconds</msg>
<status status="PASS" starttime="20190718 15:39:48.133" endtime="20190718 15:39:51.134"></status>
</kw>
<kw name="Click Element" library="SeleniumLibrary">
<doc>Click element identified by ``locator``.</doc>
<arguments>
<arg>${visitorlist}</arg>
</arguments>
<msg timestamp="20190718 15:39:51.135" level="INFO">Clicking element 'link=Visitor List'.</msg>
<status status="PASS" starttime="20190718 15:39:51.134" endtime="20190718 15:39:53.281"></status>
</kw>
<kw name="Get Title" library="SeleniumLibrary">
<doc>Returns the title of current page.</doc>
<status status="PASS" starttime="20190718 15:39:53.281" endtime="20190718 15:39:54.327"></status>
</kw>
<kw name="Title Should Be" library="SeleniumLibrary">
<doc>Verifies that current page title equals ``title``.</doc>
<arguments>
<arg>Visitor List</arg>
</arguments>
<msg timestamp="20190718 15:39:54.832" level="INFO">Page title is 'Visitor List'.</msg>
<status status="PASS" starttime="20190718 15:39:54.327" endtime="20190718 15:39:54.832"></status>
</kw>
<status status="PASS" starttime="20190718 15:39:48.132" endtime="20190718 15:39:54.832"></status>
</kw>
<kw name="Open Reports pages" library="HomePage">
<kw name="Sleep" library="BuiltIn">
<doc>Pauses the test executed for the given time.</doc>
<arguments>
<arg>5s</arg>
</arguments>
<msg timestamp="20190718 15:39:59.833" level="INFO">Slept 5 seconds</msg>
<status status="PASS" starttime="20190718 15:39:54.833" endtime="20190718 15:39:59.833"></status>
</kw>
<kw name="Mouse Over" library="SeleniumLibrary">
<doc>Simulates hovering mouse over the element ``locator``.</doc>
<arguments>
<arg>${reportpage}</arg>
</arguments>
<msg timestamp="20190718 15:39:59.834" level="INFO">Simulating Mouse Over on element 'xpath=//ul[@id="menu"]/li[3]'.</msg>
<status status="PASS" starttime="20190718 15:39:59.833" endtime="20190718 15:40:00.909"></status>
</kw>
<status status="PASS" starttime="20190718 15:39:54.833" endtime="20190718 15:40:00.909"></status>
</kw>
<kw name="Open categories page" library="Reports">
<kw name="Wait Until Page Contains" library="SeleniumLibrary">
<doc>Waits until ``text`` appears on current page.</doc>
<arguments>
<arg>Categories</arg>
</arguments>
<status status="PASS" starttime="20190718 15:40:00.911" endtime="20190718 15:40:01.468"></status>
</kw>
<kw name="Click Element" library="SeleniumLibrary">
<doc>Click element identified by ``locator``.</doc>
<arguments>
<arg>${categories}</arg>
</arguments>
<msg timestamp="20190718 15:40:01.468" level="INFO">Clicking element 'link=Categories'.</msg>
<status status="PASS" starttime="20190718 15:40:01.468" endtime="20190718 15:40:06.251"></status>
</kw>
<kw name="Page Should Contain" library="SeleniumLibrary">
<doc>Verifies that current page contains ``text``.</doc>
<arguments>
<arg>Categories</arg>
</arguments>
<msg timestamp="20190718 15:40:07.279" level="INFO">Current page contains text 'Categories'.</msg>
<status status="PASS" starttime="20190718 15:40:06.251" endtime="20190718 15:40:07.279"></status>
</kw>
<kw name="Title Should Be" library="SeleniumLibrary">
<doc>Verifies that current page title equals ``title``.</doc>
<arguments>
<arg>Categories</arg>
</arguments>
<msg timestamp="20190718 15:40:07.784" level="INFO">Page title is 'Categories'.</msg>
<status status="PASS" starttime="20190718 15:40:07.279" endtime="20190718 15:40:07.784"></status>
</kw>
<status status="PASS" starttime="20190718 15:40:00.910" endtime="20190718 15:40:07.784"></status>
</kw>
<kw name="Open Leads Page" library="HomePage">
<kw name="Click Element" library="SeleniumLibrary">
<doc>Click element identified by ``locator``.</doc>
<arguments>
<arg>${leads}</arg>
</arguments>
<msg timestamp="20190718 15:40:07.786" level="INFO">Clicking element 'link=Leads'.</msg>
<status status="PASS" starttime="20190718 15:40:07.786" endtime="20190718 15:40:18.859"></status>
</kw>
<kw name="Sleep" library="BuiltIn">
<doc>Pauses the test executed for the given time.</doc>
<arguments>
<arg>2s</arg>
</arguments>
<msg timestamp="20190718 15:40:20.860" level="INFO">Slept 2 seconds</msg>
<status status="PASS" starttime="20190718 15:40:18.859" endtime="20190718 15:40:20.860"></status>
</kw>
<kw name="Get Title" library="SeleniumLibrary">
<doc>Returns the title of current page.</doc>
<status status="PASS" starttime="20190718 15:40:20.860" endtime="20190718 15:40:21.369"></status>
</kw>
<kw name="Title Should Be" library="SeleniumLibrary">
<doc>Verifies that current page title equals ``title``.</doc>
<arguments>
<arg>Leads</arg>
</arguments>
<msg timestamp="20190718 15:40:21.876" level="INFO">Page title is 'Leads'.</msg>
<status status="PASS" starttime="20190718 15:40:21.369" endtime="20190718 15:40:21.876"></status>
</kw>
<status status="PASS" starttime="20190718 15:40:07.785" endtime="20190718 15:40:21.876"></status>
</kw>
<kw name="Open Search Page" library="HomePage">
<kw name="Click Element" library="SeleniumLibrary">
<doc>Click element identified by ``locator``.</doc>
<arguments>
<arg>${Search}</arg>
</arguments>
<msg timestamp="20190718 15:40:21.877" level="INFO">Clicking element 'link=Search'.</msg>
<status status="PASS" starttime="20190718 15:40:21.877" endtime="20190718 15:40:24.815"></status>
</kw>
<kw name="Sleep" library="BuiltIn">
<doc>Pauses the test executed for the given time.</doc>
<arguments>
<arg>2s</arg>
</arguments>
<msg timestamp="20190718 15:40:26.815" level="INFO">Slept 2 seconds</msg>
<status status="PASS" starttime="20190718 15:40:24.815" endtime="20190718 15:40:26.815"></status>
</kw>
<kw name="Get Title" library="SeleniumLibrary">
<doc>Returns the title of current page.</doc>
<status status="PASS" starttime="20190718 15:40:26.815" endtime="20190718 15:40:27.325"></status>
</kw>
<kw name="Title Should Be" library="SeleniumLibrary">
<doc>Verifies that current page title equals ``title``.</doc>
<arguments>
<arg>Search</arg>
</arguments>
<msg timestamp="20190718 15:40:27.831" level="INFO">Page title is 'Search'.</msg>
<status status="PASS" starttime="20190718 15:40:27.325" endtime="20190718 15:40:27.831"></status>
</kw>
<status status="PASS" starttime="20190718 15:40:21.877" endtime="20190718 15:40:27.831"></status>
</kw>
<kw name="Open Setup pages" library="HomePage">
<kw name="Wait Until Page Contains" library="SeleniumLibrary">
<doc>Waits until ``text`` appears on current page.</doc>
<arguments>
<arg>Setup</arg>
</arguments>
<status status="PASS" starttime="20190718 15:40:27.831" endtime="20190718 15:40:28.346"></status>
</kw>
<kw name="Mouse Over" library="SeleniumLibrary">
<doc>Simulates hovering mouse over the element ``locator``.</doc>
<arguments>
<arg>${setup}</arg>
</arguments>
<msg timestamp="20190718 15:40:28.348" level="INFO">Simulating Mouse Over on element 'xpath=//ul[@id="menu"]/li[6]'.</msg>
<status status="PASS" starttime="20190718 15:40:28.346" endtime="20190718 15:40:29.385"></status>
</kw>
<kw name="Sleep" library="BuiltIn">
<doc>Pauses the test executed for the given time.</doc>
<arguments>
<arg>2s</arg>
</arguments>
<msg timestamp="20190718 15:40:31.388" level="INFO">Slept 2 seconds</msg>
<status status="PASS" starttime="20190718 15:40:29.385" endtime="20190718 15:40:31.388"></status>
</kw>
<status status="PASS" starttime="20190718 15:40:27.831" endtime="20190718 15:40:31.388"></status>
</kw>
<kw name="Open account setting page" library="Setup">
<kw name="Click Element" library="SeleniumLibrary">
<doc>Click element identified by ``locator``.</doc>
<arguments>
<arg>${accountsetting}</arg>
</arguments>
<msg timestamp="20190718 15:40:31.389" level="INFO">Clicking element 'link=Account Settings'.</msg>
<status status="PASS" starttime="20190718 15:40:31.389" endtime="20190718 15:40:33.382"></status>
</kw>
<kw name="Page Should Contain" library="SeleniumLibrary">
<doc>Verifies that current page contains ``text``.</doc>
<arguments>
<arg>Account Settings</arg>
</arguments>
<msg timestamp="20190718 15:40:34.401" level="INFO">Current page contains text 'Account Settings'.</msg>
<status status="PASS" starttime="20190718 15:40:33.382" endtime="20190718 15:40:34.401"></status>
</kw>
<status status="PASS" starttime="20190718 15:40:31.389" endtime="20190718 15:40:34.401"></status>
</kw>
<kw name="Open Support pages" library="HomePage">
<kw name="Sleep" library="BuiltIn">
<doc>Pauses the test executed for the given time.</doc>
<arguments>
<arg>3s</arg>
</arguments>
<msg timestamp="20190718 15:40:37.404" level="INFO">Slept 3 seconds</msg>
<status status="PASS" starttime="20190718 15:40:34.402" endtime="20190718 15:40:37.404"></status>
</kw>
<kw name="Mouse Over" library="SeleniumLibrary">
<doc>Simulates hovering mouse over the element ``locator``.</doc>
<arguments>
<arg>${support}</arg>
</arguments>
<msg timestamp="20190718 15:40:37.404" level="INFO">Simulating Mouse Over on element 'xpath=//ul[@id="menu"]/li[7]'.</msg>
<status status="PASS" starttime="20190718 15:40:37.404" endtime="20190718 15:40:38.445"></status>
</kw>
<status status="PASS" starttime="20190718 15:40:34.402" endtime="20190718 15:40:38.445"></status>
</kw>
<kw name="Open Academy Page" library="HomePage">
<kw name="Click Element" library="SeleniumLibrary">
<doc>Click element identified by ``locator``.</doc>
<arguments>
<arg>${Academy}</arg>
</arguments>
<msg timestamp="20190718 15:40:38.446" level="INFO">Clicking element 'link=Academy'.</msg>
<status status="PASS" starttime="20190718 15:40:38.446" endtime="20190718 15:40:39.581"></status>
</kw>
<kw name="Select Window" library="SeleniumLibrary">
<doc>Selects browser window matching ``locator``.</doc>
<arguments>
<arg>NEw</arg>
</arguments>
<status status="PASS" starttime="20190718 15:40:39.581" endtime="20190718 15:40:41.594"></status>
</kw>
<kw name="Sleep" library="BuiltIn">
<doc>Pauses the test executed for the given time.</doc>
<arguments>
<arg>5s</arg>
</arguments>
<msg timestamp="20190718 15:40:46.596" level="INFO">Slept 5 seconds</msg>
<status status="PASS" starttime="20190718 15:40:41.594" endtime="20190718 15:40:46.596"></status>
</kw>
<kw name="Get Title" library="SeleniumLibrary">
<doc>Returns the title of current page.</doc>
<status status="PASS" starttime="20190718 15:40:46.596" endtime="20190718 15:40:48.117"></status>
</kw>
<kw name="Title Should Be" library="SeleniumLibrary">
<doc>Verifies that current page title equals ``title``.</doc>
<arguments>
<arg>Lead Forensics Academy – Lead Forensics Academy</arg>
</arguments>
<msg timestamp="20190718 15:40:48.632" level="INFO">Page title is 'Lead Forensics Academy – Lead Forensics Academy'.</msg>
<status status="PASS" starttime="20190718 15:40:48.117" endtime="20190718 15:40:48.632"></status>
</kw>
<kw name="Select Window" library="SeleniumLibrary">
<doc>Selects browser window matching ``locator``.</doc>
<arguments>
<arg>Main</arg>
</arguments>
<status status="PASS" starttime="20190718 15:40:48.632" endtime="20190718 15:40:50.155"></status>
</kw>
<status status="PASS" starttime="20190718 15:40:38.446" endtime="20190718 15:40:50.155"></status>
</kw>
<kw name="Open Accelerate page" library="HomePage">
<kw name="Wait Until Page Contains" library="SeleniumLibrary">
<doc>Waits until ``text`` appears on current page.</doc>
<arguments>
<arg>Accelerate</arg>
</arguments>
<status status="PASS" starttime="20190718 15:40:50.157" endtime="20190718 15:40:50.684"></status>
</kw>
<kw name="Mouse Over" library="SeleniumLibrary">
<doc>Simulates hovering mouse over the element ``locator``.</doc>
<arguments>
<arg>${accelerate}</arg>
</arguments>
<msg timestamp="20190718 15:40:50.685" level="INFO">Simulating Mouse Over on element 'xpath=//ul[@id="menu"]/li[9]'.</msg>
<status status="PASS" starttime="20190718 15:40:50.684" endtime="20190718 15:40:51.748"></status>
</kw>
<status status="PASS" starttime="20190718 15:40:50.156" endtime="20190718 15:40:51.748"></status>
</kw>
<kw name="End Web Test" library="Common" type="teardown">
<kw name="Close Browser" library="SeleniumLibrary">
<doc>Closes the current browser.</doc>
<status status="PASS" starttime="20190718 15:40:51.750" endtime="20190718 15:40:54.293"></status>
</kw>
<status status="PASS" starttime="20190718 15:40:51.749" endtime="20190718 15:40:54.294"></status>
</kw>
<tags>
<tag>Homepages</tag>
<tag>Pages</tag>
<tag>Regression</tag>
<tag>Sanity</tag>
<tag>Smoke</tag>
</tags>
<status status="PASS" starttime="20190718 15:39:25.873" endtime="20190718 15:40:54.295" critical="yes"></status>
</test>
<test id="s1-t3" name="user is able to navigate to all pages in Reports">
<kw name="Begin Web Test" library="Common" type="setup">
<kw name="Open Browser" library="SeleniumLibrary">
<doc>Opens a new browser instance to the given ``url``.</doc>
<arguments>
<arg>${switch}</arg>
<arg>${Browser}</arg>
</arguments>
<msg timestamp="20190718 15:40:54.302" level="INFO">Opening browser 'chrome' to base url 'https://switch.leadforensics.com'.</msg>
<status status="PASS" starttime="20190718 15:40:54.301" endtime="20190718 15:40:57.948"></status>
</kw>
<kw name="Maximize Browser Window" library="SeleniumLibrary">
<doc>Maximizes current browser window.</doc>
<status status="PASS" starttime="20190718 15:40:57.948" endtime="20190718 15:40:59.569"></status>
</kw>
<kw name="Set Selenium Speed" library="SeleniumLibrary">
<doc>Sets the delay that is waited after each Selenium command.</doc>
<arguments>
<arg>0.5 seconds</arg>
</arguments>
<status status="PASS" starttime="20190718 15:40:59.569" endtime="20190718 15:40:59.569"></status>
</kw>
<kw name="Set Selenium Implicit Wait" library="SeleniumLibrary">
<doc>Sets the implicit wait value used by Selenium.</doc>
<arguments>
<arg>2s</arg>
</arguments>
<status status="PASS" starttime="20190718 15:40:59.569" endtime="20190718 15:41:00.071"></status>
</kw>
<kw name="Set Screenshot Directory" library="SeleniumLibrary">
<doc>Sets the directory for captured screenshots.</doc>
<arguments>
<arg>C:\\development\\robot-scripts\\UScrennshot</arg>
</arguments>
<status status="PASS" starttime="20190718 15:41:00.071" endtime="20190718 15:41:00.071"></status>
</kw>
<status status="PASS" starttime="20190718 15:40:54.300" endtime="20190718 15:41:00.071"></status>
</kw>
<kw name="Enter valid login id and password" library="Login">
<kw name="Wait Until Element Is Visible" library="SeleniumLibrary">
<doc>Waits until element ``locator`` is visible.</doc>
<arguments>
<arg>${l_username}</arg>
</arguments>
<status status="PASS" starttime="20190718 15:41:00.072" endtime="20190718 15:41:01.096"></status>
</kw>
<kw name="Input Text" library="SeleniumLibrary">
<doc>Types the given ``text`` into text field identified by ``locator``.</doc>
<arguments>
<arg>${l_username}</arg>
<arg>${username}</arg>
</arguments>
<msg timestamp="20190718 15:41:01.096" level="INFO">Typing text 'lfoptimise' into text field 'css=input#UserName'.</msg>
<status status="PASS" starttime="20190718 15:41:01.096" endtime="20190718 15:41:02.685"></status>
</kw>
<kw name="Input Text" library="SeleniumLibrary">
<doc>Types the given ``text`` into text field identified by ``locator``.</doc>
<arguments>
<arg>${l_password}</arg>
<arg>${password}</arg>
</arguments>
<msg timestamp="20190718 15:41:02.685" level="INFO">Typing text 'ravinia2015' into text field 'id=Password'.</msg>
<status status="PASS" starttime="20190718 15:41:02.685" endtime="20190718 15:41:04.347"></status>
</kw>
<kw name="Wait Until Element Is Visible" library="SeleniumLibrary">
<doc>Waits until element ``locator`` is visible.</doc>
<arguments>
<arg>${l_loginbutton}</arg>
</arguments>
<status status="PASS" starttime="20190718 15:41:04.347" endtime="20190718 15:41:05.382"></status>
</kw>
<kw name="Click Element" library="SeleniumLibrary">
<doc>Click element identified by ``locator``.</doc>
<arguments>
<arg>${l_loginbutton}</arg>
</arguments>
<msg timestamp="20190718 15:41:05.382" level="INFO">Clicking element 'id=btnSubmit'.</msg>
<status status="PASS" starttime="20190718 15:41:05.382" endtime="20190718 15:41:09.182"></status>
</kw>
<kw name="Element Text Should Be" library="SeleniumLibrary">
<doc>Verifies that element ``locator`` contains exact text ``expected``.</doc>
<arguments>
<arg>${l_verification}</arg>
<arg>lfoptimise</arg>
</arguments>
<msg timestamp="20190718 15:41:09.183" level="INFO">Verifying element 'id=portal-name' contains exact text 'lfoptimise'.</msg>
<status status="PASS" starttime="20190718 15:41:09.182" endtime="20190718 15:41:10.711"></status>
</kw>
<kw name="Sleep" library="BuiltIn">
<doc>Pauses the test executed for the given time.</doc>
<arguments>
<arg>3s</arg>
</arguments>
<msg timestamp="20190718 15:41:13.724" level="INFO">Slept 3 seconds</msg>
<status status="PASS" starttime="20190718 15:41:10.711" endtime="20190718 15:41:13.724"></status>
</kw>
<status status="PASS" starttime="20190718 15:41:00.072" endtime="20190718 15:41:13.724"></status>
</kw>
<kw name="Open Reports pages" library="HomePage">
<kw name="Sleep" library="BuiltIn">
<doc>Pauses the test executed for the given time.</doc>
<arguments>
<arg>5s</arg>
</arguments>
<msg timestamp="20190718 15:41:18.734" level="INFO">Slept 5 seconds</msg>
<status status="PASS" starttime="20190718 15:41:13.724" endtime="20190718 15:41:18.734"></status>
</kw>
<kw name="Mouse Over" library="SeleniumLibrary">
<doc>Simulates hovering mouse over the element ``locator``.</doc>
<arguments>
<arg>${reportpage}</arg>
</arguments>
<msg timestamp="20190718 15:41:18.734" level="INFO">Simulating Mouse Over on element 'xpath=//ul[@id="menu"]/li[3]'.</msg>
<status status="PASS" starttime="20190718 15:41:18.734" endtime="20190718 15:41:19.810"></status>
</kw>
<status status="PASS" starttime="20190718 15:41:13.724" endtime="20190718 15:41:19.810"></status>
</kw>
<kw name="Open categories page" library="Reports">
<kw name="Wait Until Page Contains" library="SeleniumLibrary">
<doc>Waits until ``text`` appears on current page.</doc>
<arguments>
<arg>Categories</arg>
</arguments>
<status status="PASS" starttime="20190718 15:41:19.812" endtime="20190718 15:41:20.380"></status>
</kw>
<kw name="Click Element" library="SeleniumLibrary">
<doc>Click element identified by ``locator``.</doc>
<arguments>
<arg>${categories}</arg>
</arguments>
<msg timestamp="20190718 15:41:20.380" level="INFO">Clicking element 'link=Categories'.</msg>
<status status="PASS" starttime="20190718 15:41:20.380" endtime="20190718 15:41:25.819"></status>
</kw>
<kw name="Page Should Contain" library="SeleniumLibrary">
<doc>Verifies that current page contains ``text``.</doc>
<arguments>
<arg>Categories</arg>
</arguments>
<msg timestamp="20190718 15:41:26.848" level="INFO">Current page contains text 'Categories'.</msg>
<status status="PASS" starttime="20190718 15:41:25.819" endtime="20190718 15:41:26.848"></status>
</kw>
<kw name="Title Should Be" library="SeleniumLibrary">
<doc>Verifies that current page title equals ``title``.</doc>
<arguments>
<arg>Categories</arg>
</arguments>
<msg timestamp="20190718 15:41:27.357" level="INFO">Page title is 'Categories'.</msg>
<status status="PASS" starttime="20190718 15:41:26.848" endtime="20190718 15:41:27.357"></status>
</kw>
<status status="PASS" starttime="20190718 15:41:19.811" endtime="20190718 15:41:27.357"></status>
</kw>
<kw name="Open Reports pages" library="HomePage">
<kw name="Sleep" library="BuiltIn">
<doc>Pauses the test executed for the given time.</doc>
<arguments>
<arg>5s</arg>
</arguments>
<msg timestamp="20190718 15:41:32.364" level="INFO">Slept 5 seconds</msg>
<status status="PASS" starttime="20190718 15:41:27.358" endtime="20190718 15:41:32.364"></status>
</kw>
<kw name="Mouse Over" library="SeleniumLibrary">
<doc>Simulates hovering mouse over the element ``locator``.</doc>
<arguments>
<arg>${reportpage}</arg>
</arguments>
<msg timestamp="20190718 15:41:32.364" level="INFO">Simulating Mouse Over on element 'xpath=//ul[@id="menu"]/li[3]'.</msg>
<status status="PASS" starttime="20190718 15:41:32.364" endtime="20190718 15:41:33.419"></status>
</kw>
<status status="PASS" starttime="20190718 15:41:27.358" endtime="20190718 15:41:33.419"></status>
</kw>
<kw name="Open custom reports page" library="Reports">
<kw name="Wait Until Page Contains" library="SeleniumLibrary">
<doc>Waits until ``text`` appears on current page.</doc>
<arguments>
<arg>Custom Reports</arg>
</arguments>
<status status="PASS" starttime="20190718 15:41:33.419" endtime="20190718 15:41:33.953"></status>
</kw>
<kw name="Click Element" library="SeleniumLibrary">
<doc>Click element identified by ``locator``.</doc>
<arguments>
<arg>${customreports}</arg>
</arguments>
<msg timestamp="20190718 15:41:33.953" level="INFO">Clicking element 'link=Custom Reports'.</msg>
<status status="PASS" starttime="20190718 15:41:33.953" endtime="20190718 15:41:35.936"></status>
</kw>
<kw name="Page Should Contain" library="SeleniumLibrary">
<doc>Verifies that current page contains ``text``.</doc>
<arguments>
<arg>My Custom Reports</arg>
</arguments>
<msg timestamp="20190718 15:41:36.980" level="INFO">Current page contains text 'My Custom Reports'.</msg>
<status status="PASS" starttime="20190718 15:41:35.936" endtime="20190718 15:41:36.980"></status>
</kw>
<kw name="Title Should Be" library="SeleniumLibrary">
<doc>Verifies that current page title equals ``title``.</doc>
<arguments>
<arg>Custom Reports</arg>
</arguments>
<msg timestamp="20190718 15:41:37.500" level="INFO">Page title is 'Custom Reports'.</msg>
<status status="PASS" starttime="20190718 15:41:36.980" endtime="20190718 15:41:37.500"></status>
</kw>
<status status="PASS" starttime="20190718 15:41:33.419" endtime="20190718 15:41:37.500"></status>
</kw>
<kw name="Open Reports pages" library="HomePage">
<kw name="Sleep" library="BuiltIn">
<doc>Pauses the test executed for the given time.</doc>
<arguments>
<arg>5s</arg>
</arguments>
<msg timestamp="20190718 15:41:42.501" level="INFO">Slept 5 seconds</msg>
<status status="PASS" starttime="20190718 15:41:37.500" endtime="20190718 15:41:42.501"></status>
</kw>
<kw name="Mouse Over" library="SeleniumLibrary">
<doc>Simulates hovering mouse over the element ``locator``.</doc>
<arguments>
<arg>${reportpage}</arg>
</arguments>
<msg timestamp="20190718 15:41:42.501" level="INFO">Simulating Mouse Over on element 'xpath=//ul[@id="menu"]/li[3]'.</msg>
<status status="PASS" starttime="20190718 15:41:42.501" endtime="20190718 15:41:43.530"></status>
</kw>
<status status="PASS" starttime="20190718 15:41:37.500" endtime="20190718 15:41:43.530"></status>
</kw>
<kw name="Open external link page" library="Reports">
<kw name="Wait Until Page Contains" library="SeleniumLibrary">
<doc>Waits until ``text`` appears on current page.</doc>
<arguments>
<arg>External Links</arg>
</arguments>
<status status="PASS" starttime="20190718 15:41:43.532" endtime="20190718 15:41:44.057"></status>
</kw>
<kw name="Click Element" library="SeleniumLibrary">
<doc>Click element identified by ``locator``.</doc>
<arguments>
<arg>${externallinks}</arg>
</arguments>
<msg timestamp="20190718 15:41:44.057" level="INFO">Clicking element 'link=External Links'.</msg>
<status status="PASS" starttime="20190718 15:41:44.057" endtime="20190718 15:41:45.983"></status>
</kw>
<kw name="Page Should Contain" library="SeleniumLibrary">
<doc>Verifies that current page contains ``text``.</doc>
<arguments>
<arg>External Links</arg>
</arguments>
<msg timestamp="20190718 15:41:47.010" level="INFO">Current page contains text 'External Links'.</msg>
<status status="PASS" starttime="20190718 15:41:45.983" endtime="20190718 15:41:47.010"></status>
</kw>
<kw name="Title Should Be" library="SeleniumLibrary">
<doc>Verifies that current page title equals ``title``.</doc>
<arguments>
<arg>External Links</arg>
</arguments>
<msg timestamp="20190718 15:41:47.517" level="INFO">Page title is 'External Links'.</msg>
<status status="PASS" starttime="20190718 15:41:47.010" endtime="20190718 15:41:47.517"></status>
</kw>
<status status="PASS" starttime="20190718 15:41:43.531" endtime="20190718 15:41:47.517"></status>
</kw>
<kw name="Open Reports pages" library="HomePage">
<kw name="Sleep" library="BuiltIn">
<doc>Pauses the test executed for the given time.</doc>
<arguments>
<arg>5s</arg>
</arguments>
<msg timestamp="20190718 15:41:52.519" level="INFO">Slept 5 seconds</msg>
<status status="PASS" starttime="20190718 15:41:47.518" endtime="20190718 15:41:52.519"></status>
</kw>
<kw name="Mouse Over" library="SeleniumLibrary">
<doc>Simulates hovering mouse over the element ``locator``.</doc>
<arguments>
<arg>${reportpage}</arg>
</arguments>
<msg timestamp="20190718 15:41:52.520" level="INFO">Simulating Mouse Over on element 'xpath=//ul[@id="menu"]/li[3]'.</msg>
<status status="PASS" starttime="20190718 15:41:52.519" endtime="20190718 15:41:53.559"></status>
</kw>
<status status="PASS" starttime="20190718 15:41:47.518" endtime="20190718 15:41:53.559"></status>
</kw>
<kw name="Open keywords page" library="Reports">
<kw name="Wait Until Page Contains" library="SeleniumLibrary">
<doc>Waits until ``text`` appears on current page.</doc>
<arguments>
<arg>Keywords</arg>
</arguments>
<status status="PASS" starttime="20190718 15:41:53.560" endtime="20190718 15:41:54.076"></status>
</kw>
<kw name="Click Element" library="SeleniumLibrary">
<doc>Click element identified by ``locator``.</doc>
<arguments>
<arg>${keywords}</arg>
</arguments>
<msg timestamp="20190718 15:41:54.077" level="INFO">Clicking element 'link=Keywords'.</msg>
<status status="PASS" starttime="20190718 15:41:54.076" endtime="20190718 15:41:56.093"></status>
</kw>
<kw name="Page Should Contain" library="SeleniumLibrary">
<doc>Verifies that current page contains ``text``.</doc>
<arguments>
<arg>Keywords</arg>
</arguments>
<msg timestamp="20190718 15:41:57.113" level="INFO">Current page contains text 'Keywords'.</msg>
<status status="PASS" starttime="20190718 15:41:56.093" endtime="20190718 15:41:57.113"></status>
</kw>
<kw name="Title Should Be" library="SeleniumLibrary">
<doc>Verifies that current page title equals ``title``.</doc>
<arguments>
<arg>Keywords</arg>
</arguments>
<msg timestamp="20190718 15:41:57.637" level="INFO">Page title is 'Keywords'.</msg>
<status status="PASS" starttime="20190718 15:41:57.113" endtime="20190718 15:41:57.637"></status>
</kw>
<status status="PASS" starttime="20190718 15:41:53.560" endtime="20190718 15:41:57.637"></status>
</kw>
<kw name="Open Reports pages" library="HomePage">
<kw name="Sleep" library="BuiltIn">
<doc>Pauses the test executed for the given time.</doc>
<arguments>
<arg>5s</arg>
</arguments>
<msg timestamp="20190718 15:42:02.639" level="INFO">Slept 5 seconds</msg>
<status status="PASS" starttime="20190718 15:41:57.638" endtime="20190718 15:42:02.639"></status>
</kw>
<kw name="Mouse Over" library="SeleniumLibrary">
<doc>Simulates hovering mouse over the element ``locator``.</doc>
<arguments>
<arg>${reportpage}</arg>
</arguments>
<msg timestamp="20190718 15:42:02.640" level="INFO">Simulating Mouse Over on element 'xpath=//ul[@id="menu"]/li[3]'.</msg>
<status status="PASS" starttime="20190718 15:42:02.639" endtime="20190718 15:42:03.683"></status>
</kw>
<status status="PASS" starttime="20190718 15:41:57.638" endtime="20190718 15:42:03.683"></status>
</kw>
<kw name="Open login activity page" library="Reports">
<kw name="Wait Until Page Contains" library="SeleniumLibrary">
<doc>Waits until ``text`` appears on current page.</doc>
<arguments>
<arg>Login Activity</arg>
</arguments>
<status status="PASS" starttime="20190718 15:42:03.685" endtime="20190718 15:42:04.214"></status>
</kw>
<kw name="Click Element" library="SeleniumLibrary">
<doc>Click element identified by ``locator``.</doc>
<arguments>
<arg>${loginactivity}</arg>
</arguments>
<msg timestamp="20190718 15:42:04.214" level="INFO">Clicking element 'link=Login Activity'.</msg>
<status status="PASS" starttime="20190718 15:42:04.214" endtime="20190718 15:42:06.345"></status>
</kw>
<kw name="Page Should Contain" library="SeleniumLibrary">
<doc>Verifies that current page contains ``text``.</doc>
<arguments>
<arg>Login Activity</arg>
</arguments>
<msg timestamp="20190718 15:42:07.368" level="INFO">Current page contains text 'Login Activity'.</msg>
<status status="PASS" starttime="20190718 15:42:06.345" endtime="20190718 15:42:07.368"></status>
</kw>
<kw name="Title Should Be" library="SeleniumLibrary">
<doc>Verifies that current page title equals ``title``.</doc>
<arguments>
<arg>Login Activity</arg>
</arguments>
<msg timestamp="20190718 15:42:07.874" level="INFO">Page title is 'Login Activity'.</msg>
<status status="PASS" starttime="20190718 15:42:07.368" endtime="20190718 15:42:07.874"></status>
</kw>
<status status="PASS" starttime="20190718 15:42:03.684" endtime="20190718 15:42:07.874"></status>
</kw>
<kw name="Open Reports pages" library="HomePage">
<kw name="Sleep" library="BuiltIn">
<doc>Pauses the test executed for the given time.</doc>
<arguments>
<arg>5s</arg>
</arguments>
<msg timestamp="20190718 15:42:12.877" level="INFO">Slept 5 seconds</msg>
<status status="PASS" starttime="20190718 15:42:07.876" endtime="20190718 15:42:12.877"></status>
</kw>
<kw name="Mouse Over" library="SeleniumLibrary">
<doc>Simulates hovering mouse over the element ``locator``.</doc>
<arguments>
<arg>${reportpage}</arg>
</arguments>
<msg timestamp="20190718 15:42:12.877" level="INFO">Simulating Mouse Over on element 'xpath=//ul[@id="menu"]/li[3]'.</msg>
<status status="PASS" starttime="20190718 15:42:12.877" endtime="20190718 15:42:13.909"></status>
</kw>
<status status="PASS" starttime="20190718 15:42:07.875" endtime="20190718 15:42:13.909"></status>
</kw>
<kw name="Open login referring sites page" library="Reports">
<kw name="Wait Until Page Contains" library="SeleniumLibrary">
<doc>Waits until ``text`` appears on current page.</doc>
<arguments>
<arg>Referring Sites</arg>
</arguments>
<status status="PASS" starttime="20190718 15:42:13.911" endtime="20190718 15:42:14.427"></status>
</kw>
<kw name="Click Element" library="SeleniumLibrary">
<doc>Click element identified by ``locator``.</doc>
<arguments>
<arg>${referringsites}</arg>
</arguments>
<msg timestamp="20190718 15:42:14.428" level="INFO">Clicking element 'link=Referring Sites'.</msg>
<status status="PASS" starttime="20190718 15:42:14.427" endtime="20190718 15:42:16.613"></status>
</kw>
<kw name="Page Should Contain" library="SeleniumLibrary">
<doc>Verifies that current page contains ``text``.</doc>
<arguments>
<arg>Referring Sites</arg>
</arguments>
<msg timestamp="20190718 15:42:17.644" level="INFO">Current page contains text 'Referring Sites'.</msg>
<status status="PASS" starttime="20190718 15:42:16.613" endtime="20190718 15:42:17.644"></status>
</kw>
<kw name="Title Should Be" library="SeleniumLibrary">
<doc>Verifies that current page title equals ``title``.</doc>
<arguments>
<arg>Referring Sites</arg>
</arguments>
<msg timestamp="20190718 15:42:18.150" level="INFO">Page title is 'Referring Sites'.</msg>
<status status="PASS" starttime="20190718 15:42:17.644" endtime="20190718 15:42:18.150"></status>
</kw>
<status status="PASS" starttime="20190718 15:42:13.910" endtime="20190718 15:42:18.150"></status>
</kw>
<kw name="Open Reports pages" library="HomePage">
<kw name="Sleep" library="BuiltIn">
<doc>Pauses the test executed for the given time.</doc>
<arguments>
<arg>5s</arg>
</arguments>
<msg timestamp="20190718 15:42:23.153" level="INFO">Slept 5 seconds</msg>
<status status="PASS" starttime="20190718 15:42:18.153" endtime="20190718 15:42:23.153"></status>
</kw>
<kw name="Mouse Over" library="SeleniumLibrary">
<doc>Simulates hovering mouse over the element ``locator``.</doc>
<arguments>
<arg>${reportpage}</arg>
</arguments>
<msg timestamp="20190718 15:42:23.154" level="INFO">Simulating Mouse Over on element 'xpath=//ul[@id="menu"]/li[3]'.</msg>
<status status="PASS" starttime="20190718 15:42:23.154" endtime="20190718 15:42:24.198"></status>
</kw>
<status status="PASS" starttime="20190718 15:42:18.152" endtime="20190718 15:42:24.198"></status>
</kw>
<kw name="Open visitor assignment report page" library="Reports">
<kw name="Wait Until Page Contains" library="SeleniumLibrary">
<doc>Waits until ``text`` appears on current page.</doc>
<arguments>
<arg>Visitor Assignment Report</arg>
</arguments>
<status status="PASS" starttime="20190718 15:42:24.199" endtime="20190718 15:42:24.711"></status>
</kw>
<kw name="Click Element" library="SeleniumLibrary">
<doc>Click element identified by ``locator``.</doc>
<arguments>
<arg>${assignmentreport}</arg>
</arguments>
<msg timestamp="20190718 15:42:24.712" level="INFO">Clicking element 'link=Visitor Assignment Report'.</msg>
<status status="PASS" starttime="20190718 15:42:24.712" endtime="20190718 15:42:26.567"></status>
</kw>
<kw name="Page Should Contain" library="SeleniumLibrary">
<doc>Verifies that current page contains ``text``.</doc>
<arguments>
<arg>Visitor Assignment</arg>
</arguments>
<msg timestamp="20190718 15:42:27.604" level="INFO">Current page contains text 'Visitor Assignment'.</msg>
<status status="PASS" starttime="20190718 15:42:26.568" endtime="20190718 15:42:27.604"></status>
</kw>
<kw name="Title Should Be" library="SeleniumLibrary">
<doc>Verifies that current page title equals ``title``.</doc>
<arguments>
<arg>Visitor Assignment</arg>
</arguments>
<msg timestamp="20190718 15:42:28.113" level="INFO">Page title is 'Visitor Assignment'.</msg>
<status status="PASS" starttime="20190718 15:42:27.604" endtime="20190718 15:42:28.113"></status>
</kw>
<status status="PASS" starttime="20190718 15:42:24.198" endtime="20190718 15:42:28.114"></status>
</kw>
<kw name="Open Reports pages" library="HomePage">
<kw name="Sleep" library="BuiltIn">
<doc>Pauses the test executed for the given time.</doc>
<arguments>
<arg>5s</arg>
</arguments>
<msg timestamp="20190718 15:42:33.117" level="INFO">Slept 5 seconds</msg>
<status status="PASS" starttime="20190718 15:42:28.116" endtime="20190718 15:42:33.117"></status>
</kw>
<kw name="Mouse Over" library="SeleniumLibrary">
<doc>Simulates hovering mouse over the element ``locator``.</doc>
<arguments>
<arg>${reportpage}</arg>
</arguments>
<msg timestamp="20190718 15:42:33.119" level="INFO">Simulating Mouse Over on element 'xpath=//ul[@id="menu"]/li[3]'.</msg>
<status status="PASS" starttime="20190718 15:42:33.118" endtime="20190718 15:42:34.176"></status>
</kw>
<status status="PASS" starttime="20190718 15:42:28.115" endtime="20190718 15:42:34.176"></status>
</kw>
<kw name="Open visitor statistics report page" library="Reports">
<kw name="Wait Until Page Contains" library="SeleniumLibrary">
<doc>Waits until ``text`` appears on current page.</doc>
<arguments>
<arg>Visitor Statistics</arg>
</arguments>
<status status="PASS" starttime="20190718 15:42:34.177" endtime="20190718 15:42:34.696"></status>
</kw>
<kw name="Click Element" library="SeleniumLibrary">
<doc>Click element identified by ``locator``.</doc>
<arguments>
<arg>${statisticsreport}</arg>
</arguments>
<msg timestamp="20190718 15:42:34.697" level="INFO">Clicking element 'link=Visitor Statistics'.</msg>
<status status="PASS" starttime="20190718 15:42:34.696" endtime="20190718 15:42:36.528"></status>
</kw>
<kw name="Page Should Contain" library="SeleniumLibrary">
<doc>Verifies that current page contains ``text``.</doc>
<arguments>
<arg>Visitor Statistics</arg>
</arguments>
<msg timestamp="20190718 15:42:37.566" level="INFO">Current page contains text 'Visitor Statistics'.</msg>
<status status="PASS" starttime="20190718 15:42:36.528" endtime="20190718 15:42:37.566"></status>
</kw>
<kw name="Title Should Be" library="SeleniumLibrary">
<doc>Verifies that current page title equals ``title``.</doc>
<arguments>
<arg>Visitor Statistics</arg>
</arguments>
<msg timestamp="20190718 15:42:38.082" level="INFO">Page title is 'Visitor Statistics'.</msg>
<status status="PASS" starttime="20190718 15:42:37.566" endtime="20190718 15:42:38.082"></status>
</kw>
<status status="PASS" starttime="20190718 15:42:34.177" endtime="20190718 15:42:38.082"></status>
</kw>
<kw name="Open Reports pages" library="HomePage">
<kw name="Sleep" library="BuiltIn">
<doc>Pauses the test executed for the given time.</doc>
<arguments>
<arg>5s</arg>
</arguments>
<msg timestamp="20190718 15:42:43.086" level="INFO">Slept 5 seconds</msg>
<status status="PASS" starttime="20190718 15:42:38.084" endtime="20190718 15:42:43.086"></status>
</kw>
<kw name="Mouse Over" library="SeleniumLibrary">
<doc>Simulates hovering mouse over the element ``locator``.</doc>
<arguments>
<arg>${reportpage}</arg>
</arguments>
<msg timestamp="20190718 15:42:43.086" level="INFO">Simulating Mouse Over on element 'xpath=//ul[@id="menu"]/li[3]'.</msg>
<status status="PASS" starttime="20190718 15:42:43.086" endtime="20190718 15:42:44.132"></status>
</kw>
<status status="PASS" starttime="20190718 15:42:38.083" endtime="20190718 15:42:44.132"></status>
</kw>
<kw name="Open watch list page" library="Reports">
<kw name="Wait Until Page Contains" library="SeleniumLibrary">
<doc>Waits until ``text`` appears on current page.</doc>
<arguments>
<arg>Watch List</arg>
</arguments>
<status status="PASS" starttime="20190718 15:42:44.134" endtime="20190718 15:42:44.656"></status>
</kw>
<kw name="Click Element" library="SeleniumLibrary">
<doc>Click element identified by ``locator``.</doc>
<arguments>
<arg>${watchlist}</arg>
</arguments>
<msg timestamp="20190718 15:42:44.656" level="INFO">Clicking element 'link=Watch List'.</msg>
<status status="PASS" starttime="20190718 15:42:44.656" endtime="20190718 15:42:46.494"></status>
</kw>
<kw name="Page Should Contain" library="SeleniumLibrary">
<doc>Verifies that current page contains ``text``.</doc>
<arguments>
<arg>Watch List</arg>
</arguments>
<msg timestamp="20190718 15:42:47.516" level="INFO">Current page contains text 'Watch List'.</msg>
<status status="PASS" starttime="20190718 15:42:46.494" endtime="20190718 15:42:47.516"></status>
</kw>
<kw name="Title Should Be" library="SeleniumLibrary">
<doc>Verifies that current page title equals ``title``.</doc>
<arguments>
<arg>Watch List</arg>
</arguments>
<msg timestamp="20190718 15:42:48.024" level="INFO">Page title is 'Watch List'.</msg>
<status status="PASS" starttime="20190718 15:42:47.516" endtime="20190718 15:42:48.024"></status>
</kw>
<status status="PASS" starttime="20190718 15:42:44.133" endtime="20190718 15:42:48.024"></status>
</kw>
<kw name="End Web Test" library="Common" type="teardown">
<kw name="Close Browser" library="SeleniumLibrary">
<doc>Closes the current browser.</doc>
<status status="PASS" starttime="20190718 15:42:48.025" endtime="20190718 15:42:50.575"></status>
</kw>
<status status="PASS" starttime="20190718 15:42:48.025" endtime="20190718 15:42:50.575"></status>
</kw>
<tags>
<tag>Regression</tag>
<tag>Reports Pages Smoke</tag>
<tag>Sanity</tag>
</tags>
<status status="PASS" starttime="20190718 15:40:54.299" endtime="20190718 15:42:50.576" critical="yes"></status>
</test>
<test id="s1-t4" name="user is able to navigate to all pages in reports - Lead manager">
<kw name="Begin Web Test" library="Common" type="setup">
<kw name="Open Browser" library="SeleniumLibrary">
<doc>Opens a new browser instance to the given ``url``.</doc>
<arguments>
<arg>${switch}</arg>
<arg>${Browser}</arg>
</arguments>
<msg timestamp="20190718 15:42:50.581" level="INFO">Opening browser 'chrome' to base url 'https://switch.leadforensics.com'.</msg>
<status status="PASS" starttime="20190718 15:42:50.580" endtime="20190718 15:42:53.799"></status>
</kw>
<kw name="Maximize Browser Window" library="SeleniumLibrary">
<doc>Maximizes current browser window.</doc>
<kw name="Capture Page Screenshot" library="SeleniumLibrary">
<doc>Takes screenshot of the current page and embeds it into log file.</doc>
<msg timestamp="20190718 15:42:53.833" level="FAIL">NoSuchWindowException: Message: no such window: target window already closed
from unknown error: web view not found
  (Session info: chrome=75.0.3770.142)
  (Driver info: chromedriver=74.0.3729.6 (255758eccf3d244491b8a1317aa76e1ce10d57e9-refs/branch-heads/3729@{#29}),platform=Windows NT 10.0.17763 x86_64)
</msg>
<status status="FAIL" starttime="20190718 15:42:53.804" endtime="20190718 15:42:53.833"></status>
</kw>
<msg timestamp="20190718 15:42:53.833" level="WARN">Keyword 'Capture Page Screenshot' could not be run on failure: NoSuchWindowException: Message: no such window: target window already closed
from unknown error: web view not found
  (Session info: chrome=75.0.3770.142)
  (Driver info: chromedriver=74.0.3729.6 (255758eccf3d244491b8a1317aa76e1ce10d57e9-refs/branch-heads/3729@{#29}),platform=Windows NT 10.0.17763 x86_64)
</msg>
<msg timestamp="20190718 15:42:53.840" level="FAIL">NoSuchWindowException: Message: no such window: target window already closed
from unknown error: web view not found
  (Session info: chrome=75.0.3770.142)
  (Driver info: chromedriver=74.0.3729.6 (255758eccf3d244491b8a1317aa76e1ce10d57e9-refs/branch-heads/3729@{#29}),platform=Windows NT 10.0.17763 x86_64)
</msg>
<status status="FAIL" starttime="20190718 15:42:53.799" endtime="20190718 15:42:53.841"></status>
</kw>
<status status="FAIL" starttime="20190718 15:42:50.580" endtime="20190718 15:42:53.841"></status>
</kw>
<kw name="End Web Test" library="Common" type="teardown">
<kw name="Close Browser" library="SeleniumLibrary">
<doc>Closes the current browser.</doc>
<status status="PASS" starttime="20190718 15:42:53.842" endtime="20190718 15:42:56.346"></status>
</kw>
<status status="PASS" starttime="20190718 15:42:53.842" endtime="20190718 15:42:56.346"></status>
</kw>
<tags>
<tag>Pages</tag>
<tag>Regression</tag>
<tag>Replead</tag>
<tag>Sanity</tag>
<tag>Smoke</tag>
</tags>
<status status="FAIL" starttime="20190718 15:42:50.579" endtime="20190718 15:42:56.347" critical="yes">Setup failed:
NoSuchWindowException: Message: no such window: target window already closed
from unknown error: web view not found
  (Session info: chrome=75.0.3770.142)
  (Driver info: chromedriver=74.0.3729.6 (255758eccf3d244491b8a1317aa76e1ce10d57e9-refs/branch-heads/3729@{#29}),platform=Windows NT 10.0.17763 x86_64)
</status>
</test>
<test id="s1-t5" name="user is able to navigate to all pages in reports - Pages">
<kw name="Begin Web Test" library="Common" type="setup">
<kw name="Open Browser" library="SeleniumLibrary">
<doc>Opens a new browser instance to the given ``url``.</doc>
<arguments>
<arg>${switch}</arg>
<arg>${Browser}</arg>
</arguments>
<msg timestamp="20190718 15:42:56.351" level="INFO">Opening browser 'chrome' to base url 'https://switch.leadforensics.com'.</msg>
<status status="PASS" starttime="20190718 15:42:56.351" endtime="20190718 15:42:59.563"></status>
</kw>
<kw name="Maximize Browser Window" library="SeleniumLibrary">
<doc>Maximizes current browser window.</doc>
<status status="PASS" starttime="20190718 15:42:59.563" endtime="20190718 15:43:01.191"></status>
</kw>
<kw name="Set Selenium Speed" library="SeleniumLibrary">
<doc>Sets the delay that is waited after each Selenium command.</doc>
<arguments>
<arg>0.5 seconds</arg>
</arguments>
<status status="PASS" starttime="20190718 15:43:01.191" endtime="20190718 15:43:01.192"></status>
</kw>
<kw name="Set Selenium Implicit Wait" library="SeleniumLibrary">
<doc>Sets the implicit wait value used by Selenium.</doc>
<arguments>
<arg>2s</arg>
</arguments>
<status status="PASS" starttime="20190718 15:43:01.192" endtime="20190718 15:43:01.694"></status>
</kw>
<kw name="Set Screenshot Directory" library="SeleniumLibrary">
<doc>Sets the directory for captured screenshots.</doc>
<arguments>
<arg>C:\\development\\robot-scripts\\UScrennshot</arg>
</arguments>
<status status="PASS" starttime="20190718 15:43:01.694" endtime="20190718 15:43:01.694"></status>
</kw>
<status status="PASS" starttime="20190718 15:42:56.351" endtime="20190718 15:43:01.695"></status>
</kw>
<kw name="Enter valid login id and password" library="Login">
<kw name="Wait Until Element Is Visible" library="SeleniumLibrary">
<doc>Waits until element ``locator`` is visible.</doc>
<arguments>
<arg>${l_username}</arg>
</arguments>
<status status="PASS" starttime="20190718 15:43:01.696" endtime="20190718 15:43:02.724"></status>
</kw>
<kw name="Input Text" library="SeleniumLibrary">
<doc>Types the given ``text`` into text field identified by ``locator``.</doc>
<arguments>
<arg>${l_username}</arg>
<arg>${username}</arg>
</arguments>
<msg timestamp="20190718 15:43:02.724" level="INFO">Typing text 'lfoptimise' into text field 'css=input#UserName'.</msg>
<status status="PASS" starttime="20190718 15:43:02.724" endtime="20190718 15:43:04.313"></status>
</kw>
<kw name="Input Text" library="SeleniumLibrary">
<doc>Types the given ``text`` into text field identified by ``locator``.</doc>
<arguments>
<arg>${l_password}</arg>
<arg>${password}</arg>
</arguments>
<msg timestamp="20190718 15:43:04.313" level="INFO">Typing text 'ravinia2015' into text field 'id=Password'.</msg>
<status status="PASS" starttime="20190718 15:43:04.313" endtime="20190718 15:43:05.915"></status>
</kw>
<kw name="Wait Until Element Is Visible" library="SeleniumLibrary">
<doc>Waits until element ``locator`` is visible.</doc>
<arguments>
<arg>${l_loginbutton}</arg>
</arguments>
<status status="PASS" starttime="20190718 15:43:05.915" endtime="20190718 15:43:06.938"></status>
</kw>
<kw name="Click Element" library="SeleniumLibrary">
<doc>Click element identified by ``locator``.</doc>
<arguments>
<arg>${l_loginbutton}</arg>
</arguments>
<msg timestamp="20190718 15:43:06.938" level="INFO">Clicking element 'id=btnSubmit'.</msg>
<status status="PASS" starttime="20190718 15:43:06.938" endtime="20190718 15:43:12.052"></status>
</kw>
<kw name="Element Text Should Be" library="SeleniumLibrary">
<doc>Verifies that element ``locator`` contains exact text ``expected``.</doc>
<arguments>
<arg>${l_verification}</arg>
<arg>lfoptimise</arg>
</arguments>
<msg timestamp="20190718 15:43:12.052" level="INFO">Verifying element 'id=portal-name' contains exact text 'lfoptimise'.</msg>
<status status="PASS" starttime="20190718 15:43:12.052" endtime="20190718 15:43:13.557"></status>
</kw>
<kw name="Sleep" library="BuiltIn">
<doc>Pauses the test executed for the given time.</doc>
<arguments>
<arg>3s</arg>
</arguments>
<msg timestamp="20190718 15:43:16.558" level="INFO">Slept 3 seconds</msg>
<status status="PASS" starttime="20190718 15:43:13.557" endtime="20190718 15:43:16.558"></status>
</kw>
<status status="PASS" starttime="20190718 15:43:01.696" endtime="20190718 15:43:16.558"></status>
</kw>
<kw name="Open Reports pages" library="HomePage">
<kw name="Sleep" library="BuiltIn">
<doc>Pauses the test executed for the given time.</doc>
<arguments>
<arg>5s</arg>
</arguments>
<msg timestamp="20190718 15:43:21.560" level="INFO">Slept 5 seconds</msg>
<status status="PASS" starttime="20190718 15:43:16.559" endtime="20190718 15:43:21.560"></status>
</kw>
<kw name="Mouse Over" library="SeleniumLibrary">
<doc>Simulates hovering mouse over the element ``locator``.</doc>
<arguments>
<arg>${reportpage}</arg>
</arguments>
<msg timestamp="20190718 15:43:21.560" level="INFO">Simulating Mouse Over on element 'xpath=//ul[@id="menu"]/li[3]'.</msg>
<status status="PASS" starttime="20190718 15:43:21.560" endtime="20190718 15:43:27.618"></status>
</kw>
<status status="PASS" starttime="20190718 15:43:16.559" endtime="20190718 15:43:27.618"></status>
</kw>
<kw name="Hover to Pages page" library="Reports">
<kw name="Wait Until Page Contains" library="SeleniumLibrary">
<doc>Waits until ``text`` appears on current page.</doc>
<arguments>
<arg>Pages</arg>
</arguments>
<status status="PASS" starttime="20190718 15:43:27.619" endtime="20190718 15:43:28.158"></status>
</kw>
<kw name="Mouse Over" library="SeleniumLibrary">
<doc>Simulates hovering mouse over the element ``locator``.</doc>
<arguments>
<arg>${Pages}</arg>
</arguments>
<msg timestamp="20190718 15:43:28.159" level="INFO">Simulating Mouse Over on element 'xpath=//ul[@id="menu"]/li[3]/div/ul/li[7]/span'.</msg>
<status status="PASS" starttime="20190718 15:43:28.158" endtime="20190718 15:43:34.215"></status>
</kw>
<status status="PASS" starttime="20190718 15:43:27.619" endtime="20190718 15:43:34.215"></status>
</kw>
<kw name="Open most popular exit pages" library="Pages">
<kw name="Click Element" library="SeleniumLibrary">
<doc>Click element identified by ``locator``.</doc>
<arguments>
<arg>${exitpages}</arg>
</arguments>
<msg timestamp="20190718 15:43:34.217" level="INFO">Clicking element 'link=Most Popular Exit Pages'.</msg>
<status status="PASS" starttime="20190718 15:43:34.216" endtime="20190718 15:43:42.780"></status>
</kw>
<kw name="Page Should Contain" library="SeleniumLibrary">
<doc>Verifies that current page contains ``text``.</doc>
<arguments>
<arg>Most Popular Exit Pages</arg>
</arguments>
<msg timestamp="20190718 15:43:43.811" level="INFO">Current page contains text 'Most Popular Exit Pages'.</msg>
<status status="PASS" starttime="20190718 15:43:42.780" endtime="20190718 15:43:43.811"></status>
</kw>
<kw name="Title Should Be" library="SeleniumLibrary">
<doc>Verifies that current page title equals ``title``.</doc>
<arguments>
<arg>Page Report</arg>
</arguments>
<msg timestamp="20190718 15:43:44.326" level="INFO">Page title is 'Page Report'.</msg>
<status status="PASS" starttime="20190718 15:43:43.811" endtime="20190718 15:43:44.326"></status>
</kw>
<status status="PASS" starttime="20190718 15:43:34.216" endtime="20190718 15:43:44.326"></status>
</kw>
<kw name="Open Reports pages" library="HomePage">
<kw name="Sleep" library="BuiltIn">
<doc>Pauses the test executed for the given time.</doc>
<arguments>
<arg>5s</arg>
</arguments>
<msg timestamp="20190718 15:43:49.328" level="INFO">Slept 5 seconds</msg>
<status status="PASS" starttime="20190718 15:43:44.326" endtime="20190718 15:43:49.328"></status>
</kw>
<kw name="Mouse Over" library="SeleniumLibrary">
<doc>Simulates hovering mouse over the element ``locator``.</doc>
<arguments>
<arg>${reportpage}</arg>
</arguments>
<msg timestamp="20190718 15:43:49.329" level="INFO">Simulating Mouse Over on element 'xpath=//ul[@id="menu"]/li[3]'.</msg>
<status status="PASS" starttime="20190718 15:43:49.329" endtime="20190718 15:43:55.405"></status>
</kw>
<status status="PASS" starttime="20190718 15:43:44.326" endtime="20190718 15:43:55.405"></status>
</kw>
<kw name="Hover to Pages page" library="Reports">
<kw name="Wait Until Page Contains" library="SeleniumLibrary">
<doc>Waits until ``text`` appears on current page.</doc>
<arguments>
<arg>Pages</arg>
</arguments>
<status status="PASS" starttime="20190718 15:43:55.406" endtime="20190718 15:43:55.921"></status>
</kw>
<kw name="Mouse Over" library="SeleniumLibrary">
<doc>Simulates hovering mouse over the element ``locator``.</doc>
<arguments>
<arg>${Pages}</arg>
</arguments>
<msg timestamp="20190718 15:43:55.922" level="INFO">Simulating Mouse Over on element 'xpath=//ul[@id="menu"]/li[3]/div/ul/li[7]/span'.</msg>
<status status="PASS" starttime="20190718 15:43:55.921" endtime="20190718 15:44:01.989"></status>
</kw>
<status status="PASS" starttime="20190718 15:43:55.406" endtime="20190718 15:44:01.989"></status>
</kw>
<kw name="Open most popular landing pages" library="Pages">
<kw name="Click Element" library="SeleniumLibrary">
<doc>Click element identified by ``locator``.</doc>
<arguments>
<arg>${landingpages}</arg>
</arguments>
<msg timestamp="20190718 15:44:01.992" level="INFO">Clicking element 'link=Most Popular Landing Pages'.</msg>
<status status="PASS" starttime="20190718 15:44:01.991" endtime="20190718 15:44:09.451"></status>
</kw>
<kw name="Page Should Contain" library="SeleniumLibrary">
<doc>Verifies that current page contains ``text``.</doc>
<arguments>
<arg>Most Popular Landing Pages</arg>
</arguments>
<msg timestamp="20190718 15:44:10.464" level="INFO">Current page contains text 'Most Popular Landing Pages'.</msg>
<status status="PASS" starttime="20190718 15:44:09.451" endtime="20190718 15:44:10.464"></status>
</kw>
<kw name="Title Should Be" library="SeleniumLibrary">
<doc>Verifies that current page title equals ``title``.</doc>
<arguments>
<arg>Page Report</arg>
</arguments>
<msg timestamp="20190718 15:44:10.984" level="INFO">Page title is 'Page Report'.</msg>
<status status="PASS" starttime="20190718 15:44:10.465" endtime="20190718 15:44:10.984"></status>
</kw>
<status status="PASS" starttime="20190718 15:44:01.990" endtime="20190718 15:44:10.984"></status>
</kw>
<kw name="Open Reports pages" library="HomePage">
<kw name="Sleep" library="BuiltIn">
<doc>Pauses the test executed for the given time.</doc>
<arguments>
<arg>5s</arg>
</arguments>
<msg timestamp="20190718 15:44:15.985" level="INFO">Slept 5 seconds</msg>
<status status="PASS" starttime="20190718 15:44:10.984" endtime="20190718 15:44:15.985"></status>
</kw>
<kw name="Mouse Over" library="SeleniumLibrary">
<doc>Simulates hovering mouse over the element ``locator``.</doc>
<arguments>
<arg>${reportpage}</arg>
</arguments>
<msg timestamp="20190718 15:44:15.985" level="INFO">Simulating Mouse Over on element 'xpath=//ul[@id="menu"]/li[3]'.</msg>
<status status="PASS" starttime="20190718 15:44:15.985" endtime="20190718 15:44:22.053"></status>
</kw>
<status status="PASS" starttime="20190718 15:44:10.984" endtime="20190718 15:44:22.053"></status>
</kw>
<kw name="Hover to Pages page" library="Reports">
<kw name="Wait Until Page Contains" library="SeleniumLibrary">
<doc>Waits until ``text`` appears on current page.</doc>
<arguments>
<arg>Pages</arg>
</arguments>
<status status="PASS" starttime="20190718 15:44:22.055" endtime="20190718 15:44:22.575"></status>
</kw>
<kw name="Mouse Over" library="SeleniumLibrary">
<doc>Simulates hovering mouse over the element ``locator``.</doc>
<arguments>
<arg>${Pages}</arg>
</arguments>
<msg timestamp="20190718 15:44:22.575" level="INFO">Simulating Mouse Over on element 'xpath=//ul[@id="menu"]/li[3]/div/ul/li[7]/span'.</msg>
<status status="PASS" starttime="20190718 15:44:22.575" endtime="20190718 15:44:28.618"></status>
</kw>
<status status="PASS" starttime="20190718 15:44:22.054" endtime="20190718 15:44:28.618"></status>
</kw>
<kw name="Open most popular pages" library="Pages">
<kw name="Click Element" library="SeleniumLibrary">
<doc>Click element identified by ``locator``.</doc>
<arguments>
<arg>${popularpages}</arg>
</arguments>
<msg timestamp="20190718 15:44:28.619" level="INFO">Clicking element 'link=Most Popular Pages'.</msg>
<status status="PASS" starttime="20190718 15:44:28.619" endtime="20190718 15:44:35.724"></status>
</kw>
<kw name="Page Should Contain" library="SeleniumLibrary">
<doc>Verifies that current page contains ``text``.</doc>
<arguments>
<arg>Most Popular Pages</arg>
</arguments>
<msg timestamp="20190718 15:44:36.741" level="INFO">Current page contains text 'Most Popular Pages'.</msg>
<status status="PASS" starttime="20190718 15:44:35.724" endtime="20190718 15:44:36.741"></status>
</kw>
<kw name="Title Should Be" library="SeleniumLibrary">
<doc>Verifies that current page title equals ``title``.</doc>
<arguments>
<arg>Page Report</arg>
</arguments>
<msg timestamp="20190718 15:44:37.247" level="INFO">Page title is 'Page Report'.</msg>
<status status="PASS" starttime="20190718 15:44:36.741" endtime="20190718 15:44:37.247"></status>
</kw>
<status status="PASS" starttime="20190718 15:44:28.618" endtime="20190718 15:44:37.247"></status>
</kw>
<kw name="End Web Test" library="Common" type="teardown">
<kw name="Close Browser" library="SeleniumLibrary">
<doc>Closes the current browser.</doc>
<status status="PASS" starttime="20190718 15:44:37.250" endtime="20190718 15:44:39.791"></status>
</kw>
<status status="PASS" starttime="20190718 15:44:37.249" endtime="20190718 15:44:39.791"></status>
</kw>
<tags>
<tag>Pages</tag>
<tag>Regression</tag>
<tag>Reppage</tag>
<tag>Sanity</tag>
<tag>Smoke</tag>
</tags>
<status status="PASS" starttime="20190718 15:42:56.350" endtime="20190718 15:44:39.792" critical="yes"></status>
</test>
<test id="s1-t6" name="User is able to navigate all the pages in Reports - Statistics">
<kw name="Begin Web Test" library="Common" type="setup">
<kw name="Open Browser" library="SeleniumLibrary">
<doc>Opens a new browser instance to the given ``url``.</doc>
<arguments>
<arg>${switch}</arg>
<arg>${Browser}</arg>
</arguments>
<msg timestamp="20190718 15:44:39.798" level="INFO">Opening browser 'chrome' to base url 'https://switch.leadforensics.com'.</msg>
<status status="PASS" starttime="20190718 15:44:39.797" endtime="20190718 15:44:43.329"></status>
</kw>
<kw name="Maximize Browser Window" library="SeleniumLibrary">
<doc>Maximizes current browser window.</doc>
<status status="PASS" starttime="20190718 15:44:43.329" endtime="20190718 15:44:44.967"></status>
</kw>
<kw name="Set Selenium Speed" library="SeleniumLibrary">
<doc>Sets the delay that is waited after each Selenium command.</doc>
<arguments>
<arg>0.5 seconds</arg>
</arguments>
<status status="PASS" starttime="20190718 15:44:44.967" endtime="20190718 15:44:44.967"></status>
</kw>
<kw name="Set Selenium Implicit Wait" library="SeleniumLibrary">
<doc>Sets the implicit wait value used by Selenium.</doc>
<arguments>
<arg>2s</arg>
</arguments>
<status status="PASS" starttime="20190718 15:44:44.967" endtime="20190718 15:44:45.470"></status>
</kw>
<kw name="Set Screenshot Directory" library="SeleniumLibrary">
<doc>Sets the directory for captured screenshots.</doc>
<arguments>
<arg>C:\\development\\robot-scripts\\UScrennshot</arg>
</arguments>
<status status="PASS" starttime="20190718 15:44:45.470" endtime="20190718 15:44:45.471"></status>
</kw>
<status status="PASS" starttime="20190718 15:44:39.796" endtime="20190718 15:44:45.471"></status>
</kw>
<kw name="Enter valid login id and password" library="Login">
<kw name="Wait Until Element Is Visible" library="SeleniumLibrary">
<doc>Waits until element ``locator`` is visible.</doc>
<arguments>
<arg>${l_username}</arg>
</arguments>
<status status="PASS" starttime="20190718 15:44:45.473" endtime="20190718 15:44:46.513"></status>
</kw>
<kw name="Input Text" library="SeleniumLibrary">
<doc>Types the given ``text`` into text field identified by ``locator``.</doc>
<arguments>
<arg>${l_username}</arg>
<arg>${username}</arg>
</arguments>
<msg timestamp="20190718 15:44:46.513" level="INFO">Typing text 'lfoptimise' into text field 'css=input#UserName'.</msg>
<status status="PASS" starttime="20190718 15:44:46.513" endtime="20190718 15:44:48.097"></status>
</kw>
<kw name="Input Text" library="SeleniumLibrary">
<doc>Types the given ``text`` into text field identified by ``locator``.</doc>
<arguments>
<arg>${l_password}</arg>
<arg>${password}</arg>
</arguments>
<msg timestamp="20190718 15:44:48.097" level="INFO">Typing text 'ravinia2015' into text field 'id=Password'.</msg>
<status status="PASS" starttime="20190718 15:44:48.097" endtime="20190718 15:44:49.690"></status>
</kw>
<kw name="Wait Until Element Is Visible" library="SeleniumLibrary">
<doc>Waits until element ``locator`` is visible.</doc>
<arguments>
<arg>${l_loginbutton}</arg>
</arguments>
<status status="PASS" starttime="20190718 15:44:49.690" endtime="20190718 15:44:50.716"></status>
</kw>
<kw name="Click Element" library="SeleniumLibrary">
<doc>Click element identified by ``locator``.</doc>
<arguments>
<arg>${l_loginbutton}</arg>
</arguments>
<msg timestamp="20190718 15:44:50.716" level="INFO">Clicking element 'id=btnSubmit'.</msg>
<status status="PASS" starttime="20190718 15:44:50.716" endtime="20190718 15:44:54.388"></status>
</kw>
<kw name="Element Text Should Be" library="SeleniumLibrary">
<doc>Verifies that element ``locator`` contains exact text ``expected``.</doc>
<arguments>
<arg>${l_verification}</arg>
<arg>lfoptimise</arg>
</arguments>
<msg timestamp="20190718 15:44:54.389" level="INFO">Verifying element 'id=portal-name' contains exact text 'lfoptimise'.</msg>
<status status="PASS" starttime="20190718 15:44:54.389" endtime="20190718 15:44:55.894"></status>
</kw>
<kw name="Sleep" library="BuiltIn">
<doc>Pauses the test executed for the given time.</doc>
<arguments>
<arg>3s</arg>
</arguments>
<msg timestamp="20190718 15:44:58.895" level="INFO">Slept 3 seconds</msg>
<status status="PASS" starttime="20190718 15:44:55.894" endtime="20190718 15:44:58.895"></status>
</kw>
<status status="PASS" starttime="20190718 15:44:45.473" endtime="20190718 15:44:58.895"></status>
</kw>
<kw name="Open Reports pages" library="HomePage">
<kw name="Sleep" library="BuiltIn">
<doc>Pauses the test executed for the given time.</doc>
<arguments>
<arg>5s</arg>
</arguments>
<msg timestamp="20190718 15:45:03.897" level="INFO">Slept 5 seconds</msg>
<status status="PASS" starttime="20190718 15:44:58.896" endtime="20190718 15:45:03.897"></status>
</kw>
<kw name="Mouse Over" library="SeleniumLibrary">
<doc>Simulates hovering mouse over the element ``locator``.</doc>
<arguments>
<arg>${reportpage}</arg>
</arguments>
<msg timestamp="20190718 15:45:03.897" level="INFO">Simulating Mouse Over on element 'xpath=//ul[@id="menu"]/li[3]'.</msg>
<status status="PASS" starttime="20190718 15:45:03.897" endtime="20190718 15:45:04.956"></status>
</kw>
<status status="PASS" starttime="20190718 15:44:58.896" endtime="20190718 15:45:04.956"></status>
</kw>
<kw name="Open Reports statistics page" library="Reports">
<kw name="Wait Until Page Contains" library="SeleniumLibrary">
<doc>Waits until ``text`` appears on current page.</doc>
<arguments>
<arg>Statistics</arg>
</arguments>
<status status="PASS" starttime="20190718 15:45:04.957" endtime="20190718 15:45:05.497"></status>
</kw>
<kw name="Mouse Over" library="SeleniumLibrary">
<doc>Simulates hovering mouse over the element ``locator``.</doc>
<arguments>
<arg>${reportstatistics}</arg>
</arguments>
<msg timestamp="20190718 15:45:05.498" level="INFO">Simulating Mouse Over on element 'xpath=//ul[@id="menu"]/li[3]/div/ul/li[9]/span'.</msg>
<status status="PASS" starttime="20190718 15:45:05.497" endtime="20190718 15:45:06.559"></status>
</kw>
<kw name="Sleep" library="BuiltIn">
<doc>Pauses the test executed for the given time.</doc>
<arguments>
<arg>2s</arg>
</arguments>
<msg timestamp="20190718 15:45:08.559" level="INFO">Slept 2 seconds</msg>
<status status="PASS" starttime="20190718 15:45:06.559" endtime="20190718 15:45:08.559"></status>
</kw>
<status status="PASS" starttime="20190718 15:45:04.957" endtime="20190718 15:45:08.559"></status>
</kw>
<kw name="open Statistics (Overview) page" library="Statistics">
<kw name="Click Element" library="SeleniumLibrary">
<doc>Click element identified by ``locator``.</doc>
<arguments>
<arg>${statisticsoverview}</arg>
</arguments>
<msg timestamp="20190718 15:45:08.560" level="INFO">Clicking element 'link=Statistics (Overview)'.</msg>
<status status="PASS" starttime="20190718 15:45:08.560" endtime="20190718 15:45:11.034"></status>
</kw>
<kw name="Page Should Contain" library="SeleniumLibrary">
<doc>Verifies that current page contains ``text``.</doc>
<arguments>
<arg>Statistics Overview</arg>
</arguments>
<msg timestamp="20190718 15:45:12.051" level="INFO">Current page contains text 'Statistics Overview'.</msg>
<status status="PASS" starttime="20190718 15:45:11.034" endtime="20190718 15:45:12.051"></status>
</kw>
<kw name="Title Should Be" library="SeleniumLibrary">
<doc>Verifies that current page title equals ``title``.</doc>
<arguments>
<arg>Statistics Overview</arg>
</arguments>
<msg timestamp="20190718 15:45:12.562" level="INFO">Page title is 'Statistics Overview'.</msg>
<status status="PASS" starttime="20190718 15:45:12.051" endtime="20190718 15:45:12.562"></status>
</kw>
<status status="PASS" starttime="20190718 15:45:08.560" endtime="20190718 15:45:12.562"></status>
</kw>
<kw name="End Web Test" library="Common" type="teardown">
<kw name="Close Browser" library="SeleniumLibrary">
<doc>Closes the current browser.</doc>
<status status="PASS" starttime="20190718 15:45:12.564" endtime="20190718 15:45:15.101"></status>
</kw>
<status status="PASS" starttime="20190718 15:45:12.563" endtime="20190718 15:45:15.101"></status>
</kw>
<tags>
<tag>Pages</tag>
<tag>Regression</tag>
<tag>Repstat</tag>
<tag>Sanity</tag>
<tag>Smoke</tag>
</tags>
<status status="PASS" starttime="20190718 15:44:39.795" endtime="20190718 15:45:15.102" critical="yes"></status>
</test>
<test id="s1-t7" name="User is able to navigate to al the pages in Reports - Trigger reports">
[...]
<status status="PASS" starttime="20190718 15:54:17.941" endtime="20190718 15:54:18.969"></status>
</kw>
<kw name="Title Should Be" library="SeleniumLibrary">
<doc>Verifies that current page title equals ``title``.</doc>
<arguments>
<arg>Data Manager - Manage Data</arg>
</arguments>
<msg timestamp="20190718 15:54:19.474" level="INFO">Page title is 'Data Manager - Manage Data'.</msg>
<status status="PASS" starttime="20190718 15:54:18.969" endtime="20190718 15:54:19.474"></status>
</kw>
<status status="PASS" starttime="20190718 15:54:15.577" endtime="20190718 15:54:19.474"></status>
</kw>
<kw name="Open Setup pages" library="HomePage">
<kw name="Wait Until Page Contains" library="SeleniumLibrary">
<doc>Waits until ``text`` appears on current page.</doc>
<arguments>
<arg>Setup</arg>
</arguments>
<status status="PASS" starttime="20190718 15:54:19.475" endtime="20190718 15:54:19.985"></status>
</kw>
<kw name="Mouse Over" library="SeleniumLibrary">
<doc>Simulates hovering mouse over the element ``locator``.</doc>
<arguments>
<arg>${setup}</arg>
</arguments>
<msg timestamp="20190718 15:54:19.985" level="INFO">Simulating Mouse Over on element 'xpath=//ul[@id="menu"]/li[6]'.</msg>
<status status="PASS" starttime="20190718 15:54:19.985" endtime="20190718 15:54:21.025"></status>
</kw>
<kw name="Sleep" library="BuiltIn">
<doc>Pauses the test executed for the given time.</doc>
<arguments>
<arg>2s</arg>
</arguments>
<msg timestamp="20190718 15:54:23.025" level="INFO">Slept 2 seconds</msg>
<status status="PASS" starttime="20190718 15:54:21.025" endtime="20190718 15:54:23.025"></status>
</kw>
<status status="PASS" starttime="20190718 15:54:19.475" endtime="20190718 15:54:23.025"></status>
</kw>
<kw name="Open Lead manager page" library="Setup">
<kw name="Wait Until Element Is Visible" library="SeleniumLibrary">
<doc>Waits until element ``locator`` is visible.</doc>
<arguments>
<arg>${setupleadmanager}</arg>
</arguments>
<status status="PASS" starttime="20190718 15:54:23.029" endtime="20190718 15:54:24.065"></status>
</kw>
<kw name="Mouse Over" library="SeleniumLibrary">
<doc>Simulates hovering mouse over the element ``locator``.</doc>
<arguments>
<arg>${setupleadmanager}</arg>
</arguments>
<msg timestamp="20190718 15:54:24.066" level="INFO">Simulating Mouse Over on element 'xpath=//ul[@id="menu"]/li[6]/div/ul/li[10]/span'.</msg>
<status status="PASS" starttime="20190718 15:54:24.065" endtime="20190718 15:54:25.099"></status>
</kw>
<kw name="Sleep" library="BuiltIn">
<doc>Pauses the test executed for the given time.</doc>
<arguments>
<arg>1s</arg>
</arguments>
<msg timestamp="20190718 15:54:26.101" level="INFO">Slept 1 second</msg>
<status status="PASS" starttime="20190718 15:54:25.099" endtime="20190718 15:54:26.101"></status>
</kw>
<status status="PASS" starttime="20190718 15:54:23.028" endtime="20190718 15:54:26.101"></status>
</kw>
<kw name="Open lead manager pages- leadsetup" library="SetupLeadManager">
<kw name="Wait Until Page Contains" library="SeleniumLibrary">
<doc>Waits until ``text`` appears on current page.</doc>
<arguments>
<arg>Leads Setup</arg>
</arguments>
<status status="PASS" starttime="20190718 15:54:26.103" endtime="20190718 15:54:26.629"></status>
</kw>
<kw name="Click Element" library="SeleniumLibrary">
<doc>Click element identified by ``locator``.</doc>
<arguments>
<arg>${leadssetup}</arg>
</arguments>
<msg timestamp="20190718 15:54:26.629" level="INFO">Clicking element 'link=Leads Setup'.</msg>
<status status="PASS" starttime="20190718 15:54:26.629" endtime="20190718 15:54:29.137"></status>
</kw>
<kw name="Page Should Contain" library="SeleniumLibrary">
<doc>Verifies that current page contains ``text``.</doc>
<arguments>
<arg>Lead Manager - Settings</arg>
<arg>Actions</arg>
</arguments>
<msg timestamp="20190718 15:54:30.156" level="INFO">Current page contains text 'Lead Manager - Settings'.</msg>
<status status="PASS" starttime="20190718 15:54:29.137" endtime="20190718 15:54:30.156"></status>
</kw>
<kw name="Title Should Be" library="SeleniumLibrary">
<doc>Verifies that current page title equals ``title``.</doc>
<arguments>
<arg>Lead Manager - Settings</arg>
</arguments>
<msg timestamp="20190718 15:54:30.665" level="INFO">Page title is 'Lead Manager - Settings'.</msg>
<status status="PASS" starttime="20190718 15:54:30.157" endtime="20190718 15:54:30.665"></status>
</kw>
<status status="PASS" starttime="20190718 15:54:26.103" endtime="20190718 15:54:30.665"></status>
</kw>
<kw name="End Web Test" library="Common" type="teardown">
<kw name="Close Browser" library="SeleniumLibrary">
<doc>Closes the current browser.</doc>
<status status="PASS" starttime="20190718 15:54:30.666" endtime="20190718 15:54:33.201"></status>
</kw>
<status status="PASS" starttime="20190718 15:54:30.666" endtime="20190718 15:54:33.201"></status>
</kw>
<tags>
<tag>LeadManager</tag>
<tag>Pages</tag>
<tag>Regression</tag>
<tag>Sanity</tag>
<tag>Smoke</tag>
</tags>
<status status="PASS" starttime="20190718 15:53:38.357" endtime="20190718 15:54:33.202" critical="yes"></status>
</test>
<test id="s1-t14" name="User is able to navigate to all pages in setup - user setup">
<kw name="Begin Web Test" library="Common" type="setup">
<kw name="Open Browser" library="SeleniumLibrary">
<doc>Opens a new browser instance to the given ``url``.</doc>
<arguments>
<arg>${switch}</arg>
<arg>${Browser}</arg>
</arguments>
<msg timestamp="20190718 15:54:33.208" level="INFO">Opening browser 'chrome' to base url 'https://switch.leadforensics.com'.</msg>
<status status="PASS" starttime="20190718 15:54:33.208" endtime="20190718 15:54:36.697"></status>
</kw>
<kw name="Maximize Browser Window" library="SeleniumLibrary">
<doc>Maximizes current browser window.</doc>
<status status="PASS" starttime="20190718 15:54:36.698" endtime="20190718 15:54:38.333"></status>
</kw>
<kw name="Set Selenium Speed" library="SeleniumLibrary">
<doc>Sets the delay that is waited after each Selenium command.</doc>
<arguments>
<arg>0.5 seconds</arg>
</arguments>
<status status="PASS" starttime="20190718 15:54:38.333" endtime="20190718 15:54:38.334"></status>
</kw>
<kw name="Set Selenium Implicit Wait" library="SeleniumLibrary">
<doc>Sets the implicit wait value used by Selenium.</doc>
<arguments>
<arg>2s</arg>
</arguments>
<status status="PASS" starttime="20190718 15:54:38.335" endtime="20190718 15:54:38.837"></status>
</kw>
<kw name="Set Screenshot Directory" library="SeleniumLibrary">
<doc>Sets the directory for captured screenshots.</doc>
<arguments>
<arg>C:\\development\\robot-scripts\\UScrennshot</arg>
</arguments>
<status status="PASS" starttime="20190718 15:54:38.837" endtime="20190718 15:54:38.837"></status>
</kw>
<status status="PASS" starttime="20190718 15:54:33.207" endtime="20190718 15:54:38.837"></status>
</kw>
<kw name="Enter valid login id and password" library="Login">
<kw name="Wait Until Element Is Visible" library="SeleniumLibrary">
<doc>Waits until element ``locator`` is visible.</doc>
<arguments>
<arg>${l_username}</arg>
</arguments>
<status status="PASS" starttime="20190718 15:54:38.839" endtime="20190718 15:54:39.874"></status>
</kw>
<kw name="Input Text" library="SeleniumLibrary">
<doc>Types the given ``text`` into text field identified by ``locator``.</doc>
<arguments>
<arg>${l_username}</arg>
<arg>${username}</arg>
</arguments>
<msg timestamp="20190718 15:54:39.874" level="INFO">Typing text 'lfoptimise' into text field 'css=input#UserName'.</msg>
<status status="PASS" starttime="20190718 15:54:39.874" endtime="20190718 15:54:41.455"></status>
</kw>
<kw name="Input Text" library="SeleniumLibrary">
<doc>Types the given ``text`` into text field identified by ``locator``.</doc>
<arguments>
<arg>${l_password}</arg>
<arg>${password}</arg>
</arguments>
<msg timestamp="20190718 15:54:41.455" level="INFO">Typing text 'ravinia2015' into text field 'id=Password'.</msg>
<status status="PASS" starttime="20190718 15:54:41.455" endtime="20190718 15:54:43.040"></status>
</kw>
<kw name="Wait Until Element Is Visible" library="SeleniumLibrary">
<doc>Waits until element ``locator`` is visible.</doc>
<arguments>
<arg>${l_loginbutton}</arg>
</arguments>
<status status="PASS" starttime="20190718 15:54:43.040" endtime="20190718 15:54:44.064"></status>
</kw>
<kw name="Click Element" library="SeleniumLibrary">
<doc>Click element identified by ``locator``.</doc>
<arguments>
<arg>${l_loginbutton}</arg>
</arguments>
<msg timestamp="20190718 15:54:44.064" level="INFO">Clicking element 'id=btnSubmit'.</msg>
<status status="PASS" starttime="20190718 15:54:44.064" endtime="20190718 15:54:47.916"></status>
</kw>
<kw name="Element Text Should Be" library="SeleniumLibrary">
<doc>Verifies that element ``locator`` contains exact text ``expected``.</doc>
<arguments>
<arg>${l_verification}</arg>
<arg>lfoptimise</arg>
</arguments>
<msg timestamp="20190718 15:54:47.917" level="INFO">Verifying element 'id=portal-name' contains exact text 'lfoptimise'.</msg>
<status status="PASS" starttime="20190718 15:54:47.916" endtime="20190718 15:54:49.366"></status>
</kw>
<kw name="Sleep" library="BuiltIn">
<doc>Pauses the test executed for the given time.</doc>
<arguments>
<arg>3s</arg>
</arguments>
<msg timestamp="20190718 15:54:52.368" level="INFO">Slept 3 seconds</msg>
<status status="PASS" starttime="20190718 15:54:49.366" endtime="20190718 15:54:52.368"></status>
</kw>
<status status="PASS" starttime="20190718 15:54:38.839" endtime="20190718 15:54:52.368"></status>
</kw>
<kw name="Open Setup pages" library="HomePage">
<kw name="Wait Until Page Contains" library="SeleniumLibrary">
<doc>Waits until ``text`` appears on current page.</doc>
<arguments>
<arg>Setup</arg>
</arguments>
<status status="PASS" starttime="20190718 15:54:52.369" endtime="20190718 15:54:52.912"></status>
</kw>
<kw name="Mouse Over" library="SeleniumLibrary">
<doc>Simulates hovering mouse over the element ``locator``.</doc>
<arguments>
<arg>${setup}</arg>
</arguments>
<msg timestamp="20190718 15:54:52.912" level="INFO">Simulating Mouse Over on element 'xpath=//ul[@id="menu"]/li[6]'.</msg>
<status status="PASS" starttime="20190718 15:54:52.912" endtime="20190718 15:54:53.950"></status>
</kw>
<kw name="Sleep" library="BuiltIn">
<doc>Pauses the test executed for the given time.</doc>
<arguments>
<arg>2s</arg>
</arguments>
<msg timestamp="20190718 15:54:55.953" level="INFO">Slept 2 seconds</msg>
<status status="PASS" starttime="20190718 15:54:53.951" endtime="20190718 15:54:55.953"></status>
</kw>
<status status="PASS" starttime="20190718 15:54:52.369" endtime="20190718 15:54:55.953"></status>
</kw>
<kw name="Open user setup page" library="Setup">
<kw name="Sleep" library="BuiltIn">
<doc>Pauses the test executed for the given time.</doc>
<arguments>
<arg>3s</arg>
</arguments>
<msg timestamp="20190718 15:54:58.958" level="INFO">Slept 3 seconds</msg>
<status status="PASS" starttime="20190718 15:54:55.956" endtime="20190718 15:54:58.958"></status>
</kw>
<kw name="Mouse Over" library="SeleniumLibrary">
<doc>Simulates hovering mouse over the element ``locator``.</doc>
<arguments>
<arg>${setupuser}</arg>
</arguments>
<msg timestamp="20190718 15:54:58.958" level="INFO">Simulating Mouse Over on element 'xpath=//ul[@id="menu"]/li[6]/div/ul/li[16]/span'.</msg>
<status status="PASS" starttime="20190718 15:54:58.958" endtime="20190718 15:55:00.005"></status>
</kw>
<kw name="Wait Until Page Contains" library="SeleniumLibrary">
<doc>Waits until ``text`` appears on current page.</doc>
<arguments>
<arg>User Setup</arg>
</arguments>
<status status="PASS" starttime="20190718 15:55:00.005" endtime="20190718 15:55:00.544"></status>
</kw>
<kw name="Sleep" library="BuiltIn">
<doc>Pauses the test executed for the given time.</doc>
<arguments>
<arg>3s</arg>
</arguments>
<msg timestamp="20190718 15:55:03.544" level="INFO">Slept 3 seconds</msg>
<status status="PASS" starttime="20190718 15:55:00.544" endtime="20190718 15:55:03.544"></status>
</kw>
<status status="PASS" starttime="20190718 15:54:55.955" endtime="20190718 15:55:03.544"></status>
</kw>
<kw name="Open user pages - user setup" library="UsersSetup">
<kw name="Wait Until Page Contains" library="SeleniumLibrary">
<doc>Waits until ``text`` appears on current page.</doc>
<arguments>
<arg>User Setup</arg>
</arguments>
<status status="PASS" starttime="20190718 15:55:03.545" endtime="20190718 15:55:04.080"></status>
</kw>
<kw name="Click Element" library="SeleniumLibrary">
<doc>Click element identified by ``locator``.</doc>
<arguments>
<arg>${setupusersetup}</arg>
</arguments>
<msg timestamp="20190718 15:55:04.080" level="INFO">Clicking element 'link=User Setup'.</msg>
<status status="PASS" starttime="20190718 15:55:04.080" endtime="20190718 15:55:06.417"></status>
</kw>
<kw name="Page Should Contain" library="SeleniumLibrary">
<doc>Verifies that current page contains ``text``.</doc>
<arguments>
<arg>User Setup</arg>
<arg>Edit User</arg>
</arguments>
<msg timestamp="20190718 15:55:07.450" level="INFO">Current page contains text 'User Setup'.</msg>
<status status="PASS" starttime="20190718 15:55:06.417" endtime="20190718 15:55:07.450"></status>
</kw>
<kw name="Title Should Be" library="SeleniumLibrary">
<doc>Verifies that current page title equals ``title``.</doc>
<arguments>
<arg>User Setup</arg>
</arguments>
<msg timestamp="20190718 15:55:07.958" level="INFO">Page title is 'User Setup'.</msg>
<status status="PASS" starttime="20190718 15:55:07.450" endtime="20190718 15:55:07.958"></status>
</kw>
<status status="PASS" starttime="20190718 15:55:03.545" endtime="20190718 15:55:07.958"></status>
</kw>
<kw name="Open Setup pages" library="HomePage">
<kw name="Wait Until Page Contains" library="SeleniumLibrary">
<doc>Waits until ``text`` appears on current page.</doc>
<arguments>
<arg>Setup</arg>
</arguments>
<status status="PASS" starttime="20190718 15:55:07.959" endtime="20190718 15:55:08.474"></status>
</kw>
<kw name="Mouse Over" library="SeleniumLibrary">
<doc>Simulates hovering mouse over the element ``locator``.</doc>
<arguments>
<arg>${setup}</arg>
</arguments>
<msg timestamp="20190718 15:55:08.474" level="INFO">Simulating Mouse Over on element 'xpath=//ul[@id="menu"]/li[6]'.</msg>
<status status="PASS" starttime="20190718 15:55:08.474" endtime="20190718 15:55:09.527"></status>
</kw>
<kw name="Sleep" library="BuiltIn">
<doc>Pauses the test executed for the given time.</doc>
<arguments>
<arg>2s</arg>
</arguments>
<msg timestamp="20190718 15:55:11.529" level="INFO">Slept 2 seconds</msg>
<status status="PASS" starttime="20190718 15:55:09.527" endtime="20190718 15:55:11.529"></status>
</kw>
<status status="PASS" starttime="20190718 15:55:07.959" endtime="20190718 15:55:11.529"></status>
</kw>
<kw name="Open user setup page" library="Setup">
<kw name="Sleep" library="BuiltIn">
<doc>Pauses the test executed for the given time.</doc>
<arguments>
<arg>3s</arg>
</arguments>
<msg timestamp="20190718 15:55:14.530" level="INFO">Slept 3 seconds</msg>
<status status="PASS" starttime="20190718 15:55:11.530" endtime="20190718 15:55:14.530"></status>
</kw>
<kw name="Mouse Over" library="SeleniumLibrary">
<doc>Simulates hovering mouse over the element ``locator``.</doc>
<arguments>
<arg>${setupuser}</arg>
</arguments>
<msg timestamp="20190718 15:55:14.530" level="INFO">Simulating Mouse Over on element 'xpath=//ul[@id="menu"]/li[6]/div/ul/li[16]/span'.</msg>
<status status="PASS" starttime="20190718 15:55:14.530" endtime="20190718 15:55:15.579"></status>
</kw>
<kw name="Wait Until Page Contains" library="SeleniumLibrary">
<doc>Waits until ``text`` appears on current page.</doc>
<arguments>
<arg>User Setup</arg>
</arguments>
<status status="PASS" starttime="20190718 15:55:15.579" endtime="20190718 15:55:16.096"></status>
</kw>
<kw name="Sleep" library="BuiltIn">
<doc>Pauses the test executed for the given time.</doc>
<arguments>
<arg>3s</arg>
</arguments>
<msg timestamp="20190718 15:55:19.099" level="INFO">Slept 3 seconds</msg>
<status status="PASS" starttime="20190718 15:55:16.096" endtime="20190718 15:55:19.099"></status>
</kw>
<status status="PASS" starttime="20190718 15:55:11.530" endtime="20190718 15:55:19.099"></status>
</kw>
<kw name="Open user pages - disabled users" library="UsersSetup">
<kw name="Wait Until Page Contains" library="SeleniumLibrary">
<doc>Waits until ``text`` appears on current page.</doc>
<arguments>
<arg>Disabled Users</arg>
</arguments>
<status status="PASS" starttime="20190718 15:55:19.100" endtime="20190718 15:55:19.616"></status>
</kw>
<kw name="Click Element" library="SeleniumLibrary">
<doc>Click element identified by ``locator``.</doc>
<arguments>
<arg>${setupdisableuser}</arg>
</arguments>
<msg timestamp="20190718 15:55:19.616" level="INFO">Clicking element 'link=Disabled Users'.</msg>
<status status="PASS" starttime="20190718 15:55:19.616" endtime="20190718 15:55:21.673"></status>
</kw>
<kw name="Wait Until Page Contains" library="SeleniumLibrary">
<doc>Waits until ``text`` appears on current page.</doc>
<arguments>
<arg>Disabled Users</arg>
</arguments>
<status status="PASS" starttime="20190718 15:55:21.673" endtime="20190718 15:55:22.188"></status>
</kw>
<kw name="Page Should Contain" library="SeleniumLibrary">
<doc>Verifies that current page contains ``text``.</doc>
<arguments>
<arg>Disabled Users</arg>
<arg>Reinstate</arg>
</arguments>
<msg timestamp="20190718 15:55:23.214" level="INFO">Current page contains text 'Disabled Users'.</msg>
<status status="PASS" starttime="20190718 15:55:22.188" endtime="20190718 15:55:23.214"></status>
</kw>
<kw name="Title Should Be" library="SeleniumLibrary">
<doc>Verifies that current page title equals ``title``.</doc>
<arguments>
<arg>Disabled Users</arg>
</arguments>
<msg timestamp="20190718 15:55:23.727" level="INFO">Page title is 'Disabled Users'.</msg>
<status status="PASS" starttime="20190718 15:55:23.215" endtime="20190718 15:55:23.727"></status>
</kw>
<status status="PASS" starttime="20190718 15:55:19.100" endtime="20190718 15:55:23.727"></status>
</kw>
<kw name="End Web Test" library="Common" type="teardown">
<kw name="Close Browser" library="SeleniumLibrary">
<doc>Closes the current browser.</doc>
<status status="PASS" starttime="20190718 15:55:23.729" endtime="20190718 15:55:26.283"></status>
</kw>
<status status="PASS" starttime="20190718 15:55:23.728" endtime="20190718 15:55:26.284"></status>
</kw>
<tags>
<tag>Pages</tag>
<tag>Regression</tag>
<tag>Sanity</tag>
<tag>Smoke</tag>
<tag>Usersetup</tag>
</tags>
<status status="PASS" starttime="20190718 15:54:33.205" endtime="20190718 15:55:26.285" critical="yes"></status>
</test>
<test id="s1-t15" name="user is able to navigate to all pages in setup - Contact information">
<kw name="Begin Web Test" library="Common" type="setup">
<kw name="Open Browser" library="SeleniumLibrary">
<doc>Opens a new browser instance to the given ``url``.</doc>
<arguments>
<arg>${switch}</arg>
<arg>${Browser}</arg>
</arguments>
<msg timestamp="20190718 15:55:26.290" level="INFO">Opening browser 'chrome' to base url 'https://switch.leadforensics.com'.</msg>
<status status="PASS" starttime="20190718 15:55:26.290" endtime="20190718 15:55:29.959"></status>
</kw>
<kw name="Maximize Browser Window" library="SeleniumLibrary">
<doc>Maximizes current browser window.</doc>
<status status="PASS" starttime="20190718 15:55:29.959" endtime="20190718 15:55:31.581"></status>
</kw>
<kw name="Set Selenium Speed" library="SeleniumLibrary">
<doc>Sets the delay that is waited after each Selenium command.</doc>
<arguments>
<arg>0.5 seconds</arg>
</arguments>
<status status="PASS" starttime="20190718 15:55:31.581" endtime="20190718 15:55:31.581"></status>
</kw>
<kw name="Set Selenium Implicit Wait" library="SeleniumLibrary">
<doc>Sets the implicit wait value used by Selenium.</doc>
<arguments>
<arg>2s</arg>
</arguments>
<status status="PASS" starttime="20190718 15:55:31.581" endtime="20190718 15:55:32.084"></status>
</kw>
<kw name="Set Screenshot Directory" library="SeleniumLibrary">