<?xml version="1.0" encoding="UTF-8"?>
<robot generator="Robot 3.1.2 (Python 3.7.3 on win32)" generated="20190719 12:45:32.218" rpa="false">
<suite id="s1" name="AllTest" source="C:\development\lf\robot-scripts\Tests\AllTest.robot">
<test id="s1-t1" name="user is able to login sucessfully">
<kw name="Begin Web Test" library="Common" type="setup">
<kw name="Open Browser" library="SeleniumLibrary">
<doc>Opens a new browser instance to the given ``url``.</doc>
<arguments>
<arg>${switch}</arg>
<arg>${Browser}</arg>
</arguments>
<msg timestamp="20190719 12:45:32.476" level="INFO">Opening browser 'chrome' to base url 'https://switch.leadforensics.com'.</msg>
<status status="PASS" starttime="20190719 12:45:32.476" endtime="20190719 12:45:35.488"></status>
</kw>
<kw name="Maximize Browser Window" library="SeleniumLibrary">
<doc>Maximizes current browser window.</doc>
<status status="PASS" starttime="20190719 12:45:35.489" endtime="20190719 12:45:36.610"></status>
</kw>
<kw name="Set Selenium Speed" library="SeleniumLibrary">
<doc>Sets the delay that is waited after each Selenium command.</doc>
<arguments>
<arg>0.5 seconds</arg>
</arguments>
<status status="PASS" starttime="20190719 12:45:36.610" endtime="20190719 12:45:36.610"></status>
</kw>
<kw name="Set Selenium Implicit Wait" library="SeleniumLibrary">
<doc>Sets the implicit wait value used by Selenium.</doc>
<arguments>
<arg>2s</arg>
</arguments>
<status status="PASS" starttime="20190719 12:45:36.610" endtime="20190719 12:45:37.112"></status>
</kw>
<kw name="Set Screenshot Directory" library="SeleniumLibrary">
<doc>Sets the directory for captured screenshots.</doc>
<arguments>
<arg>C:\\development\\robot-scripts\\UScrennshot</arg>
</arguments>
<status status="PASS" starttime="20190719 12:45:37.112" endtime="20190719 12:45:37.112"></status>
</kw>
<status status="PASS" starttime="20190719 12:45:32.475" endtime="20190719 12:45:37.112"></status>
</kw>
<kw name="Enter invalid login id and valid password" library="Login">
<kw name="Wait Until Element Is Visible" library="SeleniumLibrary">
<doc>Waits until element ``locator`` is visible.</doc>
<arguments>
<arg>${l_username}</arg>
</arguments>
<status status="PASS" starttime="20190719 12:45:37.113" endtime="20190719 12:45:38.141"></status>
</kw>
<kw name="Input Text" library="SeleniumLibrary">
<doc>Types the given ``text`` into text field identified by ``locator``.</doc>
<arguments>
<arg>${l_username}</arg>
<arg>${invalidusername}</arg>
</arguments>
<msg timestamp="20190719 12:45:38.142" level="INFO">Typing text 'ahffweaah' into text field 'css=input#UserName'.</msg>
<status status="PASS" starttime="20190719 12:45:38.141" endtime="20190719 12:45:39.727"></status>
</kw>
<kw name="Input Text" library="SeleniumLibrary">
<doc>Types the given ``text`` into text field identified by ``locator``.</doc>
<arguments>
<arg>${l_password}</arg>
<arg>${password}</arg>
</arguments>
<msg timestamp="20190719 12:45:39.727" level="INFO">Typing text 'ravinia2015' into text field 'id=Password'.</msg>
<status status="PASS" starttime="20190719 12:45:39.727" endtime="20190719 12:45:41.342"></status>
</kw>
<kw name="Wait Until Element Is Visible" library="SeleniumLibrary">
<doc>Waits until element ``locator`` is visible.</doc>
<arguments>
<arg>${l_loginbutton}</arg>
</arguments>
<status status="PASS" starttime="20190719 12:45:41.342" endtime="20190719 12:45:42.379"></status>
</kw>
<kw name="Click Element" library="SeleniumLibrary">
<doc>Click element identified by ``locator``.</doc>
<arguments>
<arg>${l_loginbutton}</arg>
</arguments>
<msg timestamp="20190719 12:45:42.379" level="INFO">Clicking element 'id=btnSubmit'.</msg>
<status status="PASS" starttime="20190719 12:45:42.379" endtime="20190719 12:45:44.590"></status>
</kw>
<kw name="Element Text Should Be" library="SeleniumLibrary">
<doc>Verifies that element ``locator`` contains exact text ``expected``.</doc>
<arguments>
<arg>${error}</arg>
<arg>Invalid login. If you have forgotten your password, please use the forgotten password link above.</arg>
</arguments>
<msg timestamp="20190719 12:45:44.591" level="INFO">Verifying element 'id=pnlError' contains exact text 'Invalid login. If you have forgotten your password, please use the forgotten password link above.'.</msg>
<status status="PASS" starttime="20190719 12:45:44.590" endtime="20190719 12:45:45.634"></status>
</kw>
<status status="PASS" starttime="20190719 12:45:37.113" endtime="20190719 12:45:45.634"></status>
</kw>
<kw name="Enter valid login id and invalid password" library="Login">
<kw name="Wait Until Element Is Visible" library="SeleniumLibrary">
<doc>Waits until element ``locator`` is visible.</doc>
<arguments>
<arg>${l_username}</arg>
</arguments>
<status status="PASS" starttime="20190719 12:45:45.635" endtime="20190719 12:45:46.661"></status>
</kw>
<kw name="Input Text" library="SeleniumLibrary">
<doc>Types the given ``text`` into text field identified by ``locator``.</doc>
<arguments>
<arg>${l_username}</arg>
<arg>${username}</arg>
</arguments>
<msg timestamp="20190719 12:45:46.662" level="INFO">Typing text 'lfoptimise' into text field 'css=input#UserName'.</msg>
<status status="PASS" starttime="20190719 12:45:46.661" endtime="20190719 12:45:48.273"></status>
</kw>
<kw name="Input Text" library="SeleniumLibrary">
<doc>Types the given ``text`` into text field identified by ``locator``.</doc>
<arguments>
<arg>${l_password}</arg>
<arg>${invalidpassword}</arg>
</arguments>
<msg timestamp="20190719 12:45:48.273" level="INFO">Typing text 'ewhfhhh' into text field 'id=Password'.</msg>
<status status="PASS" starttime="20190719 12:45:48.273" endtime="20190719 12:45:49.883"></status>
</kw>
<kw name="Wait Until Element Is Visible" library="SeleniumLibrary">
<doc>Waits until element ``locator`` is visible.</doc>
<arguments>
<arg>${l_loginbutton}</arg>
</arguments>
<status status="PASS" starttime="20190719 12:45:49.883" endtime="20190719 12:45:50.916"></status>
</kw>
<kw name="Click Element" library="SeleniumLibrary">
<doc>Click element identified by ``locator``.</doc>
<arguments>
<arg>${l_loginbutton}</arg>
</arguments>
<msg timestamp="20190719 12:45:50.917" level="INFO">Clicking element 'id=btnSubmit'.</msg>
<status status="PASS" starttime="20190719 12:45:50.916" endtime="20190719 12:45:52.927"></status>
</kw>
<kw name="Element Text Should Be" library="SeleniumLibrary">
<doc>Verifies that element ``locator`` contains exact text ``expected``.</doc>
<arguments>
<arg>${error}</arg>
<arg>Invalid login. If you have forgotten your password, please use the forgotten password link above.</arg>
</arguments>
<msg timestamp="20190719 12:45:52.927" level="INFO">Verifying element 'id=pnlError' contains exact text 'Invalid login. If you have forgotten your password, please use the forgotten password link above.'.</msg>
<status status="PASS" starttime="20190719 12:45:52.927" endtime="20190719 12:45:53.970"></status>
</kw>
<status status="PASS" starttime="20190719 12:45:45.635" endtime="20190719 12:45:53.970"></status>
</kw>
<kw name="Enter valid login id and password" library="Login">
<kw name="Wait Until Element Is Visible" library="SeleniumLibrary">
<doc>Waits until element ``locator`` is visible.</doc>
<arguments>
<arg>${l_username}</arg>
</arguments>
<status status="PASS" starttime="20190719 12:45:53.972" endtime="20190719 12:45:55.010"></status>
</kw>
<kw name="Input Text" library="SeleniumLibrary">
<doc>Types the given ``text`` into text field identified by ``locator``.</doc>
<arguments>
<arg>${l_username}</arg>
<arg>${username}</arg>
</arguments>
<msg timestamp="20190719 12:45:55.011" level="INFO">Typing text 'lfoptimise' into text field 'css=input#UserName'.</msg>
<status status="PASS" starttime="20190719 12:45:55.010" endtime="20190719 12:45:56.611"></status>
</kw>
<kw name="Input Text" library="SeleniumLibrary">
<doc>Types the given ``text`` into text field identified by ``locator``.</doc>
<arguments>
<arg>${l_password}</arg>
<arg>${password}</arg>
</arguments>
<msg timestamp="20190719 12:45:56.612" level="INFO">Typing text 'ravinia2015' into text field 'id=Password'.</msg>
<status status="PASS" starttime="20190719 12:45:56.611" endtime="20190719 12:45:58.219"></status>
</kw>
<kw name="Wait Until Element Is Visible" library="SeleniumLibrary">
<doc>Waits until element ``locator`` is visible.</doc>
<arguments>
<arg>${l_loginbutton}</arg>
</arguments>
<status status="PASS" starttime="20190719 12:45:58.219" endtime="20190719 12:45:59.250"></status>
</kw>
<kw name="Click Element" library="SeleniumLibrary">
<doc>Click element identified by ``locator``.</doc>
<arguments>
<arg>${l_loginbutton}</arg>
</arguments>
<msg timestamp="20190719 12:45:59.251" level="INFO">Clicking element 'id=btnSubmit'.</msg>
<status status="PASS" starttime="20190719 12:45:59.250" endtime="20190719 12:46:02.229"></status>
</kw>
<kw name="Element Text Should Be" library="SeleniumLibrary">
<doc>Verifies that element ``locator`` contains exact text ``expected``.</doc>
<arguments>
<arg>${l_verification}</arg>
<arg>lfoptimise</arg>
</arguments>
<msg timestamp="20190719 12:46:02.229" level="INFO">Verifying element 'id=portal-name' contains exact text 'lfoptimise'.</msg>
<status status="PASS" starttime="20190719 12:46:02.229" endtime="20190719 12:46:03.284"></status>
</kw>
<status status="PASS" starttime="20190719 12:45:53.971" endtime="20190719 12:46:03.284"></status>
</kw>
<kw name="End Web Test" library="Common" type="teardown">
<kw name="Close Browser" library="SeleniumLibrary">
<doc>Closes the current browser.</doc>
<status status="PASS" starttime="20190719 12:46:03.286" endtime="20190719 12:46:05.840"></status>
</kw>
<status status="PASS" starttime="20190719 12:46:03.285" endtime="20190719 12:46:05.840"></status>
</kw>
<tags>
<tag>Login</tag>
<tag>Regression</tag>
<tag>Sanity</tag>
<tag>Smoke</tag>
</tags>
<status status="PASS" starttime="20190719 12:45:32.475" endtime="20190719 12:46:05.841" critical="yes"></status>
</test>
<test id="s1-t2" name="user is able to navigate to all pages">
<kw name="Begin Web Test" library="Common" type="setup">
<kw name="Open Browser" library="SeleniumLibrary">
<doc>Opens a new browser instance to the given ``url``.</doc>
<arguments>
<arg>${switch}</arg>
<arg>${Browser}</arg>
</arguments>
<msg timestamp="20190719 12:46:05.849" level="INFO">Opening browser 'chrome' to base url 'https://switch.leadforensics.com'.</msg>
<status status="PASS" starttime="20190719 12:46:05.848" endtime="20190719 12:46:09.466"></status>
</kw>
<kw name="Maximize Browser Window" library="SeleniumLibrary">
<doc>Maximizes current browser window.</doc>
<status status="PASS" starttime="20190719 12:46:09.466" endtime="20190719 12:46:11.098"></status>
</kw>
<kw name="Set Selenium Speed" library="SeleniumLibrary">
<doc>Sets the delay that is waited after each Selenium command.</doc>
<arguments>
<arg>0.5 seconds</arg>
</arguments>
<status status="PASS" starttime="20190719 12:46:11.098" endtime="20190719 12:46:11.099"></status>
</kw>
<kw name="Set Selenium Implicit Wait" library="SeleniumLibrary">
<doc>Sets the implicit wait value used by Selenium.</doc>
<arguments>
<arg>2s</arg>
</arguments>
<status status="PASS" starttime="20190719 12:46:11.099" endtime="20190719 12:46:11.604"></status>
</kw>
<kw name="Set Screenshot Directory" library="SeleniumLibrary">
<doc>Sets the directory for captured screenshots.</doc>
<arguments>
<arg>C:\\development\\robot-scripts\\UScrennshot</arg>
</arguments>
<status status="PASS" starttime="20190719 12:46:11.604" endtime="20190719 12:46:11.605"></status>
</kw>
<status status="PASS" starttime="20190719 12:46:05.847" endtime="20190719 12:46:11.606"></status>
</kw>
<kw name="Enter valid login id and password" library="Login">
<kw name="Wait Until Element Is Visible" library="SeleniumLibrary">
<doc>Waits until element ``locator`` is visible.</doc>
<arguments>
<arg>${l_username}</arg>
</arguments>
<status status="PASS" starttime="20190719 12:46:11.608" endtime="20190719 12:46:12.651"></status>
</kw>
<kw name="Input Text" library="SeleniumLibrary">
<doc>Types the given ``text`` into text field identified by ``locator``.</doc>
<arguments>
<arg>${l_username}</arg>
<arg>${username}</arg>
</arguments>
<msg timestamp="20190719 12:46:12.652" level="INFO">Typing text 'lfoptimise' into text field 'css=input#UserName'.</msg>
<status status="PASS" starttime="20190719 12:46:12.651" endtime="20190719 12:46:14.274"></status>
</kw>
<kw name="Input Text" library="SeleniumLibrary">
<doc>Types the given ``text`` into text field identified by ``locator``.</doc>
<arguments>
<arg>${l_password}</arg>
<arg>${password}</arg>
</arguments>
<msg timestamp="20190719 12:46:14.274" level="INFO">Typing text 'ravinia2015' into text field 'id=Password'.</msg>
<status status="PASS" starttime="20190719 12:46:14.274" endtime="20190719 12:46:15.859"></status>
</kw>
<kw name="Wait Until Element Is Visible" library="SeleniumLibrary">
<doc>Waits until element ``locator`` is visible.</doc>
<arguments>
<arg>${l_loginbutton}</arg>
</arguments>
<status status="PASS" starttime="20190719 12:46:15.859" endtime="20190719 12:46:16.882"></status>
</kw>
<kw name="Click Element" library="SeleniumLibrary">
<doc>Click element identified by ``locator``.</doc>
<arguments>
<arg>${l_loginbutton}</arg>
</arguments>
<msg timestamp="20190719 12:46:16.882" level="INFO">Clicking element 'id=btnSubmit'.</msg>
<status status="PASS" starttime="20190719 12:46:16.882" endtime="20190719 12:46:20.363"></status>
</kw>
<kw name="Element Text Should Be" library="SeleniumLibrary">
<doc>Verifies that element ``locator`` contains exact text ``expected``.</doc>
<arguments>
<arg>${l_verification}</arg>
<arg>lfoptimise</arg>
</arguments>
<msg timestamp="20190719 12:46:20.363" level="INFO">Verifying element 'id=portal-name' contains exact text 'lfoptimise'.</msg>
<status status="PASS" starttime="20190719 12:46:20.363" endtime="20190719 12:46:21.887"></status>
</kw>
<status status="PASS" starttime="20190719 12:46:11.607" endtime="20190719 12:46:21.887"></status>
</kw>
<kw name="Open Dashboard Page" library="HomePage">
<kw name="Click Element" library="SeleniumLibrary">
<doc>Click element identified by ``locator``.</doc>
<arguments>
<arg>link=Dashboard</arg>
</arguments>
<msg timestamp="20190719 12:46:21.889" level="INFO">Clicking element 'link=Dashboard'.</msg>
<status status="PASS" starttime="20190719 12:46:21.888" endtime="20190719 12:46:24.576"></status>
</kw>
<kw name="Page Should Contain Element" library="SeleniumLibrary">
<doc>Verifies that element ``locator`` is found on the current page.</doc>
<arguments>
<arg>${veryfydashboard}</arg>
<arg>Default</arg>
</arguments>
<msg timestamp="20190719 12:46:25.097" level="INFO">Current page contains element 'id=lbl_dashboardName'.</msg>
<status status="PASS" starttime="20190719 12:46:24.576" endtime="20190719 12:46:25.097"></status>
</kw>
<status status="PASS" starttime="20190719 12:46:21.888" endtime="20190719 12:46:25.097"></status>
</kw>
<kw name="Open Visitor List Page" library="HomePage">
<kw name="Sleep" library="BuiltIn">
<doc>Pauses the test executed for the given time.</doc>
<arguments>
<arg>3s</arg>
</arguments>
<msg timestamp="20190719 12:46:28.101" level="INFO">Slept 3 seconds</msg>
<status status="PASS" starttime="20190719 12:46:25.100" endtime="20190719 12:46:28.101"></status>
</kw>
<kw name="Click Element" library="SeleniumLibrary">
<doc>Click element identified by ``locator``.</doc>
<arguments>
<arg>${visitorlist}</arg>
</arguments>
<msg timestamp="20190719 12:46:28.102" level="INFO">Clicking element 'link=Visitor List'.</msg>
<status status="PASS" starttime="20190719 12:46:28.102" endtime="20190719 12:46:30.146"></status>
</kw>
<kw name="Get Title" library="SeleniumLibrary">
<doc>Returns the title of current page.</doc>
<status status="PASS" starttime="20190719 12:46:30.146" endtime="20190719 12:46:31.163"></status>
</kw>
<kw name="Title Should Be" library="SeleniumLibrary">
<doc>Verifies that current page title equals ``title``.</doc>
<arguments>
<arg>Visitor List</arg>
</arguments>
<msg timestamp="20190719 12:46:31.668" level="INFO">Page title is 'Visitor List'.</msg>
<status status="PASS" starttime="20190719 12:46:31.163" endtime="20190719 12:46:31.668"></status>
</kw>
<status status="PASS" starttime="20190719 12:46:25.099" endtime="20190719 12:46:31.668"></status>
</kw>
<kw name="Open Reports pages" library="HomePage">
<kw name="Sleep" library="BuiltIn">
<doc>Pauses the test executed for the given time.</doc>
<arguments>
<arg>5s</arg>
</arguments>
<msg timestamp="20190719 12:46:36.670" level="INFO">Slept 5 seconds</msg>
<status status="PASS" starttime="20190719 12:46:31.670" endtime="20190719 12:46:36.670"></status>
</kw>
<kw name="Mouse Over" library="SeleniumLibrary">
<doc>Simulates hovering mouse over the element ``locator``.</doc>
<arguments>
<arg>${reportpage}</arg>
</arguments>
<msg timestamp="20190719 12:46:36.672" level="INFO">Simulating Mouse Over on element 'xpath=//ul[@id="menu"]/li[3]'.</msg>
<status status="PASS" starttime="20190719 12:46:36.670" endtime="20190719 12:46:37.718"></status>
</kw>
<status status="PASS" starttime="20190719 12:46:31.669" endtime="20190719 12:46:37.718"></status>
</kw>
<kw name="Open categories page" library="Reports">
<kw name="Wait Until Page Contains" library="SeleniumLibrary">
<doc>Waits until ``text`` appears on current page.</doc>
<arguments>
<arg>Categories</arg>
</arguments>
<status status="PASS" starttime="20190719 12:46:37.720" endtime="20190719 12:46:38.270"></status>
</kw>
<kw name="Click Element" library="SeleniumLibrary">
<doc>Click element identified by ``locator``.</doc>
<arguments>
<arg>${categories}</arg>
</arguments>
<msg timestamp="20190719 12:46:38.271" level="INFO">Clicking element 'link=Categories'.</msg>
<status status="PASS" starttime="20190719 12:46:38.270" endtime="20190719 12:46:45.035"></status>
</kw>
<kw name="Page Should Contain" library="SeleniumLibrary">
<doc>Verifies that current page contains ``text``.</doc>
<arguments>
<arg>Categories</arg>
</arguments>
<msg timestamp="20190719 12:46:46.056" level="INFO">Current page contains text 'Categories'.</msg>
<status status="PASS" starttime="20190719 12:46:45.035" endtime="20190719 12:46:46.056"></status>
</kw>
<kw name="Title Should Be" library="SeleniumLibrary">
<doc>Verifies that current page title equals ``title``.</doc>
<arguments>
<arg>Categories</arg>
</arguments>
<msg timestamp="20190719 12:46:46.566" level="INFO">Page title is 'Categories'.</msg>
<status status="PASS" starttime="20190719 12:46:46.057" endtime="20190719 12:46:46.566"></status>
</kw>
<status status="PASS" starttime="20190719 12:46:37.719" endtime="20190719 12:46:46.566"></status>
</kw>
<kw name="Open Leads Page" library="HomePage">
<kw name="Click Element" library="SeleniumLibrary">
<doc>Click element identified by ``locator``.</doc>
<arguments>
<arg>${leads}</arg>
</arguments>
<msg timestamp="20190719 12:46:46.567" level="INFO">Clicking element 'link=Leads'.</msg>
<status status="PASS" starttime="20190719 12:46:46.567" endtime="20190719 12:46:56.452"></status>
</kw>
<kw name="Sleep" library="BuiltIn">
<doc>Pauses the test executed for the given time.</doc>
<arguments>
<arg>2s</arg>
</arguments>
<msg timestamp="20190719 12:46:58.453" level="INFO">Slept 2 seconds</msg>
<status status="PASS" starttime="20190719 12:46:56.452" endtime="20190719 12:46:58.453"></status>
</kw>
<kw name="Get Title" library="SeleniumLibrary">
<doc>Returns the title of current page.</doc>
<status status="PASS" starttime="20190719 12:46:58.453" endtime="20190719 12:46:58.963"></status>
</kw>
<kw name="Title Should Be" library="SeleniumLibrary">
<doc>Verifies that current page title equals ``title``.</doc>
<arguments>
<arg>Leads</arg>
</arguments>
<msg timestamp="20190719 12:46:59.470" level="INFO">Page title is 'Leads'.</msg>
<status status="PASS" starttime="20190719 12:46:58.963" endtime="20190719 12:46:59.470"></status>
</kw>
<status status="PASS" starttime="20190719 12:46:46.567" endtime="20190719 12:46:59.470"></status>
</kw>
<kw name="Open Search Page" library="HomePage">
<kw name="Click Element" library="SeleniumLibrary">
<doc>Click element identified by ``locator``.</doc>
<arguments>
<arg>${Search}</arg>
</arguments>
<msg timestamp="20190719 12:46:59.472" level="INFO">Clicking element 'link=Search'.</msg>
<status status="PASS" starttime="20190719 12:46:59.472" endtime="20190719 12:47:01.467"></status>
</kw>
<kw name="Sleep" library="BuiltIn">
<doc>Pauses the test executed for the given time.</doc>
<arguments>
<arg>2s</arg>
</arguments>
<msg timestamp="20190719 12:47:03.468" level="INFO">Slept 2 seconds</msg>
<status status="PASS" starttime="20190719 12:47:01.467" endtime="20190719 12:47:03.468"></status>
</kw>
<kw name="Get Title" library="SeleniumLibrary">
<doc>Returns the title of current page.</doc>
<status status="PASS" starttime="20190719 12:47:03.468" endtime="20190719 12:47:03.973"></status>
</kw>
<kw name="Title Should Be" library="SeleniumLibrary">
<doc>Verifies that current page title equals ``title``.</doc>
<arguments>
<arg>Search</arg>
</arguments>
<msg timestamp="20190719 12:47:04.478" level="INFO">Page title is 'Search'.</msg>
<status status="PASS" starttime="20190719 12:47:03.973" endtime="20190719 12:47:04.478"></status>
</kw>
<status status="PASS" starttime="20190719 12:46:59.471" endtime="20190719 12:47:04.478"></status>
</kw>
<kw name="Open Setup pages" library="HomePage">
<kw name="Wait Until Page Contains" library="SeleniumLibrary">
<doc>Waits until ``text`` appears on current page.</doc>
<arguments>
<arg>Setup</arg>
</arguments>
<status status="PASS" starttime="20190719 12:47:04.480" endtime="20190719 12:47:05.014"></status>
</kw>
<kw name="Mouse Over" library="SeleniumLibrary">
<doc>Simulates hovering mouse over the element ``locator``.</doc>
<arguments>
<arg>${setup}</arg>
</arguments>
<msg timestamp="20190719 12:47:05.015" level="INFO">Simulating Mouse Over on element 'xpath=//ul[@id="menu"]/li[6]'.</msg>
<status status="PASS" starttime="20190719 12:47:05.014" endtime="20190719 12:47:06.053"></status>
</kw>
<kw name="Sleep" library="BuiltIn">
<doc>Pauses the test executed for the given time.</doc>
<arguments>
<arg>6s</arg>
</arguments>
<msg timestamp="20190719 12:47:12.056" level="INFO">Slept 6 seconds</msg>
<status status="PASS" starttime="20190719 12:47:06.053" endtime="20190719 12:47:12.056"></status>
</kw>
<status status="PASS" starttime="20190719 12:47:04.480" endtime="20190719 12:47:12.056"></status>
</kw>
<kw name="Open account setting page" library="Setup">
<kw name="Click Element" library="SeleniumLibrary">
<doc>Click element identified by ``locator``.</doc>
<arguments>
<arg>${accountsetting}</arg>
</arguments>
<msg timestamp="20190719 12:47:12.057" level="INFO">Clicking element 'link=Account Settings'.</msg>
<status status="PASS" starttime="20190719 12:47:12.057" endtime="20190719 12:47:13.961"></status>
</kw>
<kw name="Page Should Contain" library="SeleniumLibrary">
<doc>Verifies that current page contains ``text``.</doc>
<arguments>
<arg>Account Settings</arg>
</arguments>
<msg timestamp="20190719 12:47:14.979" level="INFO">Current page contains text 'Account Settings'.</msg>
<status status="PASS" starttime="20190719 12:47:13.961" endtime="20190719 12:47:14.979"></status>
</kw>
<status status="PASS" starttime="20190719 12:47:12.057" endtime="20190719 12:47:14.979"></status>
</kw>
<kw name="Open Support page" library="HomePage">
<kw name="Sleep" library="BuiltIn">
<doc>Pauses the test executed for the given time.</doc>
<arguments>
<arg>3s</arg>
</arguments>
<msg timestamp="20190719 12:47:17.983" level="INFO">Slept 3 seconds</msg>
<status status="PASS" starttime="20190719 12:47:14.982" endtime="20190719 12:47:17.983"></status>
</kw>
<kw name="Mouse Over" library="SeleniumLibrary">
<doc>Simulates hovering mouse over the element ``locator``.</doc>
<arguments>
<arg>${support}</arg>
</arguments>
<msg timestamp="20190719 12:47:17.984" level="INFO">Simulating Mouse Over on element 'xpath=//ul[@id="menu"]/li[7]'.</msg>
<status status="PASS" starttime="20190719 12:47:17.984" endtime="20190719 12:47:19.039"></status>
</kw>
<status status="PASS" starttime="20190719 12:47:14.981" endtime="20190719 12:47:19.039"></status>
</kw>
<kw name="Support.Open raisaticket pages">
<msg timestamp="20190719 12:47:19.056" level="FAIL">No keyword with name 'Support.Open raisaticket pages' found. Did you mean:
    Support.Open Raisaticket Page</msg>
<status status="FAIL" starttime="20190719 12:47:19.056" endtime="20190719 12:47:19.056"></status>
</kw>
<kw name="End Web Test" library="Common" type="teardown">
<kw name="Close Browser" library="SeleniumLibrary">
<doc>Closes the current browser.</doc>
<status status="PASS" starttime="20190719 12:47:19.058" endtime="20190719 12:47:21.597"></status>
</kw>
<status status="PASS" starttime="20190719 12:47:19.057" endtime="20190719 12:47:21.597"></status>
</kw>
<tags>
<tag>Pages</tag>
<tag>Regression</tag>
<tag>Sanity</tag>
<tag>Smoke</tag>
</tags>
<status status="FAIL" starttime="20190719 12:46:05.844" endtime="20190719 12:47:21.598" critical="yes">No keyword with name 'Support.Open raisaticket pages' found. Did you mean:
    Support.Open Raisaticket Page</status>
</test>
<test id="s1-t3" name="user is able to navigate to all pages in Reports">
<kw name="Begin Web Test" library="Common" type="setup">
<kw name="Open Browser" library="SeleniumLibrary">
<doc>Opens a new browser instance to the given ``url``.</doc>
<arguments>
<arg>${switch}</arg>
<arg>${Browser}</arg>
</arguments>
<msg timestamp="20190719 12:47:21.602" level="INFO">Opening browser 'chrome' to base url 'https://switch.leadforensics.com'.</msg>
<status status="PASS" starttime="20190719 12:47:21.601" endtime="20190719 12:47:25.089"></status>
</kw>
<kw name="Maximize Browser Window" library="SeleniumLibrary">
<doc>Maximizes current browser window.</doc>
<status status="PASS" starttime="20190719 12:47:25.089" endtime="20190719 12:47:26.713"></status>
</kw>
<kw name="Set Selenium Speed" library="SeleniumLibrary">
<doc>Sets the delay that is waited after each Selenium command.</doc>
<arguments>
<arg>0.5 seconds</arg>
</arguments>
<status status="PASS" starttime="20190719 12:47:26.713" endtime="20190719 12:47:26.714"></status>
</kw>
<kw name="Set Selenium Implicit Wait" library="SeleniumLibrary">
<doc>Sets the implicit wait value used by Selenium.</doc>
<arguments>
<arg>2s</arg>
</arguments>
<status status="PASS" starttime="20190719 12:47:26.714" endtime="20190719 12:47:27.218"></status>
</kw>
<kw name="Set Screenshot Directory" library="SeleniumLibrary">
<doc>Sets the directory for captured screenshots.</doc>
<arguments>
<arg>C:\\development\\robot-scripts\\UScrennshot</arg>
</arguments>
<status status="PASS" starttime="20190719 12:47:27.218" endtime="20190719 12:47:27.219"></status>
</kw>
<status status="PASS" starttime="20190719 12:47:21.601" endtime="20190719 12:47:27.219"></status>
</kw>
<kw name="Enter valid login id and password" library="Login">
<kw name="Wait Until Element Is Visible" library="SeleniumLibrary">
<doc>Waits until element ``locator`` is visible.</doc>
<arguments>
<arg>${l_username}</arg>
</arguments>
<status status="PASS" starttime="20190719 12:47:27.221" endtime="20190719 12:47:28.266"></status>
</kw>
<kw name="Input Text" library="SeleniumLibrary">
<doc>Types the given ``text`` into text field identified by ``locator``.</doc>
<arguments>
<arg>${l_username}</arg>
<arg>${username}</arg>
</arguments>
<msg timestamp="20190719 12:47:28.266" level="INFO">Typing text 'lfoptimise' into text field 'css=input#UserName'.</msg>
<status status="PASS" starttime="20190719 12:47:28.266" endtime="20190719 12:47:29.893"></status>
</kw>
<kw name="Input Text" library="SeleniumLibrary">
<doc>Types the given ``text`` into text field identified by ``locator``.</doc>
<arguments>
<arg>${l_password}</arg>
<arg>${password}</arg>
</arguments>
<msg timestamp="20190719 12:47:29.894" level="INFO">Typing text 'ravinia2015' into text field 'id=Password'.</msg>
<status status="PASS" starttime="20190719 12:47:29.893" endtime="20190719 12:47:31.521"></status>
</kw>
<kw name="Wait Until Element Is Visible" library="SeleniumLibrary">
<doc>Waits until element ``locator`` is visible.</doc>
<arguments>
<arg>${l_loginbutton}</arg>
</arguments>
<status status="PASS" starttime="20190719 12:47:31.521" endtime="20190719 12:47:32.543"></status>
</kw>
<kw name="Click Element" library="SeleniumLibrary">
<doc>Click element identified by ``locator``.</doc>
<arguments>
<arg>${l_loginbutton}</arg>
</arguments>
<msg timestamp="20190719 12:47:32.543" level="INFO">Clicking element 'id=btnSubmit'.</msg>
<status status="PASS" starttime="20190719 12:47:32.543" endtime="20190719 12:47:35.337"></status>
</kw>
<kw name="Element Text Should Be" library="SeleniumLibrary">
<doc>Verifies that element ``locator`` contains exact text ``expected``.</doc>
<arguments>
<arg>${l_verification}</arg>
<arg>lfoptimise</arg>
</arguments>
<msg timestamp="20190719 12:47:35.337" level="INFO">Verifying element 'id=portal-name' contains exact text 'lfoptimise'.</msg>
<status status="PASS" starttime="20190719 12:47:35.337" endtime="20190719 12:47:36.778"></status>
</kw>
<status status="PASS" starttime="20190719 12:47:27.220" endtime="20190719 12:47:36.778"></status>
</kw>
<kw name="Open Reports pages" library="HomePage">
<kw name="Sleep" library="BuiltIn">
<doc>Pauses the test executed for the given time.</doc>
<arguments>
<arg>5s</arg>
</arguments>
<msg timestamp="20190719 12:47:41.780" level="INFO">Slept 5 seconds</msg>
<status status="PASS" starttime="20190719 12:47:36.779" endtime="20190719 12:47:41.780"></status>
</kw>
<kw name="Mouse Over" library="SeleniumLibrary">
<doc>Simulates hovering mouse over the element ``locator``.</doc>
<arguments>
<arg>${reportpage}</arg>
</arguments>
<msg timestamp="20190719 12:47:41.781" level="INFO">Simulating Mouse Over on element 'xpath=//ul[@id="menu"]/li[3]'.</msg>
<status status="PASS" starttime="20190719 12:47:41.781" endtime="20190719 12:47:42.855"></status>
</kw>
<status status="PASS" starttime="20190719 12:47:36.779" endtime="20190719 12:47:42.855"></status>
</kw>
<kw name="Open categories page" library="Reports">
<kw name="Wait Until Page Contains" library="SeleniumLibrary">
<doc>Waits until ``text`` appears on current page.</doc>
<arguments>
<arg>Categories</arg>
</arguments>
<status status="PASS" starttime="20190719 12:47:42.858" endtime="20190719 12:47:43.423"></status>
</kw>
<kw name="Click Element" library="SeleniumLibrary">
<doc>Click element identified by ``locator``.</doc>
<arguments>
<arg>${categories}</arg>
</arguments>
<msg timestamp="20190719 12:47:43.423" level="INFO">Clicking element 'link=Categories'.</msg>
<status status="PASS" starttime="20190719 12:47:43.423" endtime="20190719 12:47:50.128"></status>
</kw>
<kw name="Page Should Contain" library="SeleniumLibrary">
<doc>Verifies that current page contains ``text``.</doc>
<arguments>
<arg>Categories</arg>
</arguments>
<msg timestamp="20190719 12:47:51.169" level="INFO">Current page contains text 'Categories'.</msg>
<status status="PASS" starttime="20190719 12:47:50.129" endtime="20190719 12:47:51.169"></status>
</kw>
<kw name="Title Should Be" library="SeleniumLibrary">
<doc>Verifies that current page title equals ``title``.</doc>
<arguments>
<arg>Categories</arg>
</arguments>
<msg timestamp="20190719 12:47:51.681" level="INFO">Page title is 'Categories'.</msg>
<status status="PASS" starttime="20190719 12:47:51.170" endtime="20190719 12:47:51.681"></status>
</kw>
<status status="PASS" starttime="20190719 12:47:42.857" endtime="20190719 12:47:51.681"></status>
</kw>
<kw name="Open Reports pages" library="HomePage">
<kw name="Sleep" library="BuiltIn">
<doc>Pauses the test executed for the given time.</doc>
<arguments>
<arg>5s</arg>
</arguments>
<msg timestamp="20190719 12:47:56.685" level="INFO">Slept 5 seconds</msg>
<status status="PASS" starttime="20190719 12:47:51.684" endtime="20190719 12:47:56.685"></status>
</kw>
<kw name="Mouse Over" library="SeleniumLibrary">
<doc>Simulates hovering mouse over the element ``locator``.</doc>
<arguments>
<arg>${reportpage}</arg>
</arguments>
<msg timestamp="20190719 12:47:56.686" level="INFO">Simulating Mouse Over on element 'xpath=//ul[@id="menu"]/li[3]'.</msg>
<status status="PASS" starttime="20190719 12:47:56.685" endtime="20190719 12:47:57.739"></status>
</kw>
<status status="PASS" starttime="20190719 12:47:51.683" endtime="20190719 12:47:57.739"></status>
</kw>
<kw name="Open custom reports page" library="Reports">
<kw name="Wait Until Page Contains" library="SeleniumLibrary">
<doc>Waits until ``text`` appears on current page.</doc>
<arguments>
<arg>Custom Reports</arg>
</arguments>
<status status="PASS" starttime="20190719 12:47:57.742" endtime="20190719 12:47:58.274"></status>
</kw>
<kw name="Click Element" library="SeleniumLibrary">
<doc>Click element identified by ``locator``.</doc>
<arguments>
<arg>${customreports}</arg>
</arguments>
<msg timestamp="20190719 12:47:58.275" level="INFO">Clicking element 'link=Custom Reports'.</msg>
<status status="PASS" starttime="20190719 12:47:58.275" endtime="20190719 12:48:00.206"></status>
</kw>
<kw name="Page Should Contain" library="SeleniumLibrary">
<doc>Verifies that current page contains ``text``.</doc>
<arguments>
<arg>My Custom Reports</arg>
</arguments>
<msg timestamp="20190719 12:48:01.239" level="INFO">Current page contains text 'My Custom Reports'.</msg>
<status status="PASS" starttime="20190719 12:48:00.206" endtime="20190719 12:48:01.239"></status>
</kw>
<kw name="Title Should Be" library="SeleniumLibrary">
<doc>Verifies that current page title equals ``title``.</doc>
<arguments>
<arg>Custom Reports</arg>
</arguments>
<msg timestamp="20190719 12:48:01.752" level="INFO">Page title is 'Custom Reports'.</msg>
<status status="PASS" starttime="20190719 12:48:01.240" endtime="20190719 12:48:01.752"></status>
</kw>
<status status="PASS" starttime="20190719 12:47:57.741" endtime="20190719 12:48:01.752"></status>
</kw>
<kw name="Open Reports pages" library="HomePage">
<kw name="Sleep" library="BuiltIn">
<doc>Pauses the test executed for the given time.</doc>
<arguments>
<arg>5s</arg>
</arguments>
<msg timestamp="20190719 12:48:06.755" level="INFO">Slept 5 seconds</msg>
<status status="PASS" starttime="20190719 12:48:01.755" endtime="20190719 12:48:06.755"></status>
</kw>
<kw name="Mouse Over" library="SeleniumLibrary">
<doc>Simulates hovering mouse over the element ``locator``.</doc>
<arguments>
<arg>${reportpage}</arg>
</arguments>
<msg timestamp="20190719 12:48:06.756" level="INFO">Simulating Mouse Over on element 'xpath=//ul[@id="menu"]/li[3]'.</msg>
<status status="PASS" starttime="20190719 12:48:06.756" endtime="20190719 12:48:07.805"></status>
</kw>
<status status="PASS" starttime="20190719 12:48:01.754" endtime="20190719 12:48:07.805"></status>
</kw>
<kw name="Open external link page" library="Reports">
<kw name="Wait Until Page Contains" library="SeleniumLibrary">
<doc>Waits until ``text`` appears on current page.</doc>
<arguments>
<arg>External Links</arg>
</arguments>
<status status="PASS" starttime="20190719 12:48:07.806" endtime="20190719 12:48:08.319"></status>
</kw>
<kw name="Click Element" library="SeleniumLibrary">
<doc>Click element identified by ``locator``.</doc>
<arguments>
<arg>${externallinks}</arg>
</arguments>
<msg timestamp="20190719 12:48:08.320" level="INFO">Clicking element 'link=External Links'.</msg>
<status status="PASS" starttime="20190719 12:48:08.319" endtime="20190719 12:48:10.223"></status>
</kw>
<kw name="Page Should Contain" library="SeleniumLibrary">
<doc>Verifies that current page contains ``text``.</doc>
<arguments>
<arg>External Links</arg>
</arguments>
<msg timestamp="20190719 12:48:11.237" level="INFO">Current page contains text 'External Links'.</msg>
<status status="PASS" starttime="20190719 12:48:10.223" endtime="20190719 12:48:11.237"></status>
</kw>
<kw name="Title Should Be" library="SeleniumLibrary">
<doc>Verifies that current page title equals ``title``.</doc>
<arguments>
<arg>External Links</arg>
</arguments>
<msg timestamp="20190719 12:48:11.745" level="INFO">Page title is 'External Links'.</msg>
<status status="PASS" starttime="20190719 12:48:11.237" endtime="20190719 12:48:11.745"></status>
</kw>
<status status="PASS" starttime="20190719 12:48:07.805" endtime="20190719 12:48:11.745"></status>
</kw>
<kw name="Open Reports pages" library="HomePage">
<kw name="Sleep" library="BuiltIn">
<doc>Pauses the test executed for the given time.</doc>
<arguments>
<arg>5s</arg>
</arguments>
<msg timestamp="20190719 12:48:16.750" level="INFO">Slept 5 seconds</msg>
<status status="PASS" starttime="20190719 12:48:11.748" endtime="20190719 12:48:16.750"></status>
</kw>
<kw name="Mouse Over" library="SeleniumLibrary">
<doc>Simulates hovering mouse over the element ``locator``.</doc>
<arguments>
<arg>${reportpage}</arg>
</arguments>
<msg timestamp="20190719 12:48:16.751" level="INFO">Simulating Mouse Over on element 'xpath=//ul[@id="menu"]/li[3]'.</msg>
<status status="PASS" starttime="20190719 12:48:16.751" endtime="20190719 12:48:17.798"></status>
</kw>
<status status="PASS" starttime="20190719 12:48:11.747" endtime="20190719 12:48:17.798"></status>
</kw>
<kw name="Open keywords page" library="Reports">
<kw name="Wait Until Page Contains" library="SeleniumLibrary">
<doc>Waits until ``text`` appears on current page.</doc>
<arguments>
<arg>Keywords</arg>
</arguments>
<status status="PASS" starttime="20190719 12:48:17.799" endtime="20190719 12:48:18.314"></status>
</kw>
<kw name="Click Element" library="SeleniumLibrary">
<doc>Click element identified by ``locator``.</doc>
<arguments>
<arg>${keywords}</arg>
</arguments>
<msg timestamp="20190719 12:48:18.315" level="INFO">Clicking element 'link=Keywords'.</msg>
<status status="PASS" starttime="20190719 12:48:18.314" endtime="20190719 12:48:20.743"></status>
</kw>
<kw name="Page Should Contain" library="SeleniumLibrary">
<doc>Verifies that current page contains ``text``.</doc>
<arguments>
<arg>Keywords</arg>
</arguments>
<msg timestamp="20190719 12:48:21.775" level="INFO">Current page contains text 'Keywords'.</msg>
<status status="PASS" starttime="20190719 12:48:20.743" endtime="20190719 12:48:21.775"></status>
</kw>
<kw name="Title Should Be" library="SeleniumLibrary">
<doc>Verifies that current page title equals ``title``.</doc>
<arguments>
<arg>Keywords</arg>
</arguments>
<msg timestamp="20190719 12:48:22.286" level="INFO">Page title is 'Keywords'.</msg>
<status status="PASS" starttime="20190719 12:48:21.776" endtime="20190719 12:48:22.286"></status>
</kw>
<status status="PASS" starttime="20190719 12:48:17.799" endtime="20190719 12:48:22.286"></status>
</kw>
<kw name="Open Reports pages" library="HomePage">
<kw name="Sleep" library="BuiltIn">
<doc>Pauses the test executed for the given time.</doc>
<arguments>
<arg>5s</arg>
</arguments>
<msg timestamp="20190719 12:48:27.291" level="INFO">Slept 5 seconds</msg>
<status status="PASS" starttime="20190719 12:48:22.289" endtime="20190719 12:48:27.291"></status>
</kw>
<kw name="Mouse Over" library="SeleniumLibrary">
<doc>Simulates hovering mouse over the element ``locator``.</doc>
<arguments>
<arg>${reportpage}</arg>
</arguments>
<msg timestamp="20190719 12:48:27.292" level="INFO">Simulating Mouse Over on element 'xpath=//ul[@id="menu"]/li[3]'.</msg>
<status status="PASS" starttime="20190719 12:48:27.292" endtime="20190719 12:48:28.338"></status>
</kw>
<status status="PASS" starttime="20190719 12:48:22.288" endtime="20190719 12:48:28.338"></status>
</kw>
<kw name="Open login activity page" library="Reports">
<kw name="Wait Until Page Contains" library="SeleniumLibrary">
<doc>Waits until ``text`` appears on current page.</doc>
<arguments>
<arg>Login Activity</arg>
</arguments>
<status status="PASS" starttime="20190719 12:48:28.341" endtime="20190719 12:48:28.859"></status>
</kw>
<kw name="Click Element" library="SeleniumLibrary">
<doc>Click element identified by ``locator``.</doc>
<arguments>
<arg>${loginactivity}</arg>
</arguments>
<msg timestamp="20190719 12:48:28.860" level="INFO">Clicking element 'link=Login Activity'.</msg>
<status status="PASS" starttime="20190719 12:48:28.859" endtime="20190719 12:48:30.778"></status>
</kw>
<kw name="Page Should Contain" library="SeleniumLibrary">
<doc>Verifies that current page contains ``text``.</doc>
<arguments>
<arg>Login Activity</arg>
</arguments>
<msg timestamp="20190719 12:48:31.809" level="INFO">Current page contains text 'Login Activity'.</msg>
<status status="PASS" starttime="20190719 12:48:30.778" endtime="20190719 12:48:31.809"></status>
</kw>
<kw name="Title Should Be" library="SeleniumLibrary">
<doc>Verifies that current page title equals ``title``.</doc>
<arguments>
<arg>Login Activity</arg>
</arguments>
<msg timestamp="20190719 12:48:32.321" level="INFO">Page title is 'Login Activity'.</msg>
<status status="PASS" starttime="20190719 12:48:31.810" endtime="20190719 12:48:32.321"></status>
</kw>
<status status="PASS" starttime="20190719 12:48:28.340" endtime="20190719 12:48:32.321"></status>
</kw>
<kw name="Open Reports pages" library="HomePage">
<kw name="Sleep" library="BuiltIn">
<doc>Pauses the test executed for the given time.</doc>
<arguments>
<arg>5s</arg>
</arguments>
<msg timestamp="20190719 12:48:37.323" level="INFO">Slept 5 seconds</msg>
<status status="PASS" starttime="20190719 12:48:32.323" endtime="20190719 12:48:37.323"></status>
</kw>
<kw name="Mouse Over" library="SeleniumLibrary">
<doc>Simulates hovering mouse over the element ``locator``.</doc>
<arguments>
<arg>${reportpage}</arg>
</arguments>
<msg timestamp="20190719 12:48:37.324" level="INFO">Simulating Mouse Over on element 'xpath=//ul[@id="menu"]/li[3]'.</msg>
<status status="PASS" starttime="20190719 12:48:37.324" endtime="20190719 12:48:38.390"></status>
</kw>
<status status="PASS" starttime="20190719 12:48:32.322" endtime="20190719 12:48:38.390"></status>
</kw>
<kw name="Open login referring sites page" library="Reports">
<kw name="Wait Until Page Contains" library="SeleniumLibrary">
<doc>Waits until ``text`` appears on current page.</doc>
<arguments>
<arg>Referring Sites</arg>
</arguments>
<status status="PASS" starttime="20190719 12:48:38.391" endtime="20190719 12:48:38.904"></status>
</kw>
<kw name="Sleep" library="BuiltIn">
<doc>Pauses the test executed for the given time.</doc>
<arguments>
<arg>3s</arg>
</arguments>
<msg timestamp="20190719 12:48:41.906" level="INFO">Slept 3 seconds</msg>
<status status="PASS" starttime="20190719 12:48:38.904" endtime="20190719 12:48:41.906"></status>
</kw>
<kw name="Click Element" library="SeleniumLibrary">
<doc>Click element identified by ``locator``.</doc>
<arguments>
<arg>${referringsites}</arg>
</arguments>
<msg timestamp="20190719 12:48:41.907" level="INFO">Clicking element 'link=Referring Sites'.</msg>
<status status="PASS" starttime="20190719 12:48:41.907" endtime="20190719 12:48:43.846"></status>
</kw>
<kw name="Page Should Contain" library="SeleniumLibrary">
<doc>Verifies that current page contains ``text``.</doc>
<arguments>
<arg>Referring Sites</arg>
</arguments>
<msg timestamp="20190719 12:48:44.875" level="INFO">Current page contains text 'Referring Sites'.</msg>
<status status="PASS" starttime="20190719 12:48:43.846" endtime="20190719 12:48:44.875"></status>
</kw>
<kw name="Title Should Be" library="SeleniumLibrary">
<doc>Verifies that current page title equals ``title``.</doc>
<arguments>
<arg>Referring Sites</arg>
</arguments>
<msg timestamp="20190719 12:48:45.381" level="INFO">Page title is 'Referring Sites'.</msg>
<status status="PASS" starttime="20190719 12:48:44.875" endtime="20190719 12:48:45.381"></status>
</kw>
<status status="PASS" starttime="20190719 12:48:38.390" endtime="20190719 12:48:45.381"></status>
</kw>
<kw name="Open Reports pages" library="HomePage">
<kw name="Sleep" library="BuiltIn">
<doc>Pauses the test executed for the given time.</doc>
<arguments>
<arg>5s</arg>
</arguments>
<msg timestamp="20190719 12:48:50.382" level="INFO">Slept 5 seconds</msg>
<status status="PASS" starttime="20190719 12:48:45.382" endtime="20190719 12:48:50.382"></status>
</kw>
<kw name="Mouse Over" library="SeleniumLibrary">
<doc>Simulates hovering mouse over the element ``locator``.</doc>
<arguments>
<arg>${reportpage}</arg>
</arguments>
<msg timestamp="20190719 12:48:50.383" level="INFO">Simulating Mouse Over on element 'xpath=//ul[@id="menu"]/li[3]'.</msg>
<status status="PASS" starttime="20190719 12:48:50.382" endtime="20190719 12:48:51.420"></status>
</kw>
<status status="PASS" starttime="20190719 12:48:45.382" endtime="20190719 12:48:51.420"></status>
</kw>
<kw name="Open visitor assignment report page" library="Reports">
<kw name="Wait Until Page Contains" library="SeleniumLibrary">
<doc>Waits until ``text`` appears on current page.</doc>
<arguments>
<arg>Visitor Assignment Report</arg>
</arguments>
<status status="PASS" starttime="20190719 12:48:51.422" endtime="20190719 12:48:51.952"></status>
</kw>
<kw name="Click Element" library="SeleniumLibrary">
<doc>Click element identified by ``locator``.</doc>
<arguments>
<arg>${assignmentreport}</arg>
</arguments>
<msg timestamp="20190719 12:48:51.953" level="INFO">Clicking element 'link=Visitor Assignment Report'.</msg>
<status status="PASS" starttime="20190719 12:48:51.952" endtime="20190719 12:48:53.770"></status>
</kw>
<kw name="Page Should Contain" library="SeleniumLibrary">
<doc>Verifies that current page contains ``text``.</doc>
<arguments>
<arg>Visitor Assignment</arg>
</arguments>
<msg timestamp="20190719 12:48:54.807" level="INFO">Current page contains text 'Visitor Assignment'.</msg>
<status status="PASS" starttime="20190719 12:48:53.770" endtime="20190719 12:48:54.807"></status>
</kw>
<kw name="Title Should Be" library="SeleniumLibrary">
<doc>Verifies that current page title equals ``title``.</doc>
<arguments>
<arg>Visitor Assignment</arg>
</arguments>
<msg timestamp="20190719 12:48:55.317" level="INFO">Page title is 'Visitor Assignment'.</msg>
<status status="PASS" starttime="20190719 12:48:54.808" endtime="20190719 12:48:55.317"></status>
</kw>
<status status="PASS" starttime="20190719 12:48:51.421" endtime="20190719 12:48:55.317"></status>
</kw>
<kw name="Open Reports pages" library="HomePage">
<kw name="Sleep" library="BuiltIn">
<doc>Pauses the test executed for the given time.</doc>
<arguments>
<arg>5s</arg>
</arguments>
<msg timestamp="20190719 12:49:00.321" level="INFO">Slept 5 seconds</msg>
<status status="PASS" starttime="20190719 12:48:55.320" endtime="20190719 12:49:00.321"></status>
</kw>
<kw name="Mouse Over" library="SeleniumLibrary">
<doc>Simulates hovering mouse over the element ``locator``.</doc>
<arguments>
<arg>${reportpage}</arg>
</arguments>
<msg timestamp="20190719 12:49:00.321" level="INFO">Simulating Mouse Over on element 'xpath=//ul[@id="menu"]/li[3]'.</msg>
<status status="PASS" starttime="20190719 12:49:00.321" endtime="20190719 12:49:01.349"></status>
</kw>
<status status="PASS" starttime="20190719 12:48:55.319" endtime="20190719 12:49:01.349"></status>
</kw>
<kw name="Open visitor statistics report page" library="Reports">
<kw name="Wait Until Page Contains" library="SeleniumLibrary">
<doc>Waits until ``text`` appears on current page.</doc>
<arguments>
<arg>Visitor Statistics</arg>
</arguments>
<status status="PASS" starttime="20190719 12:49:01.352" endtime="20190719 12:49:01.883"></status>
</kw>
<kw name="Click Element" library="SeleniumLibrary">
<doc>Click element identified by ``locator``.</doc>
<arguments>
<arg>${statisticsreport}</arg>
</arguments>
<msg timestamp="20190719 12:49:01.884" level="INFO">Clicking element 'link=Visitor Statistics'.</msg>
<status status="PASS" starttime="20190719 12:49:01.883" endtime="20190719 12:49:03.709"></status>
</kw>
<kw name="Page Should Contain" library="SeleniumLibrary">
<doc>Verifies that current page contains ``text``.</doc>
<arguments>
<arg>Visitor Statistics</arg>
</arguments>
<msg timestamp="20190719 12:49:04.756" level="INFO">Current page contains text 'Visitor Statistics'.</msg>
<status status="PASS" starttime="20190719 12:49:03.709" endtime="20190719 12:49:04.756"></status>
</kw>
<kw name="Title Should Be" library="SeleniumLibrary">
<doc>Verifies that current page title equals ``title``.</doc>
<arguments>
<arg>Visitor Statistics</arg>
</arguments>
<msg timestamp="20190719 12:49:05.269" level="INFO">Page title is 'Visitor Statistics'.</msg>
<status status="PASS" starttime="20190719 12:49:04.757" endtime="20190719 12:49:05.269"></status>
</kw>
<status status="PASS" starttime="20190719 12:49:01.351" endtime="20190719 12:49:05.269"></status>
</kw>
<kw name="Open Reports pages" library="HomePage">
<kw name="Sleep" library="BuiltIn">
<doc>Pauses the test executed for the given time.</doc>
<arguments>
<arg>5s</arg>
</arguments>
<msg timestamp="20190719 12:49:10.271" level="INFO">Slept 5 seconds</msg>
<status status="PASS" starttime="20190719 12:49:05.270" endtime="20190719 12:49:10.271"></status>
</kw>
<kw name="Mouse Over" library="SeleniumLibrary">
<doc>Simulates hovering mouse over the element ``locator``.</doc>
<arguments>
<arg>${reportpage}</arg>
</arguments>
<msg timestamp="20190719 12:49:10.272" level="INFO">Simulating Mouse Over on element 'xpath=//ul[@id="menu"]/li[3]'.</msg>
<status status="PASS" starttime="20190719 12:49:10.271" endtime="20190719 12:49:11.326"></status>
</kw>
<status status="PASS" starttime="20190719 12:49:05.270" endtime="20190719 12:49:11.326"></status>
</kw>
<kw name="Open watch list page" library="Reports">
<kw name="Wait Until Page Contains" library="SeleniumLibrary">
<doc>Waits until ``text`` appears on current page.</doc>
<arguments>
<arg>Watch List</arg>
</arguments>
<status status="PASS" starttime="20190719 12:49:11.327" endtime="20190719 12:49:11.842"></status>
</kw>
<kw name="Click Element" library="SeleniumLibrary">
<doc>Click element identified by ``locator``.</doc>
<arguments>
<arg>${watchlist}</arg>
</arguments>
<msg timestamp="20190719 12:49:11.843" level="INFO">Clicking element 'link=Watch List'.</msg>
<status status="PASS" starttime="20190719 12:49:11.842" endtime="20190719 12:49:13.769"></status>
</kw>
<kw name="Page Should Contain" library="SeleniumLibrary">
<doc>Verifies that current page contains ``text``.</doc>
<arguments>
<arg>Watch List</arg>
</arguments>
<msg timestamp="20190719 12:49:14.800" level="INFO">Current page contains text 'Watch List'.</msg>
<status status="PASS" starttime="20190719 12:49:13.770" endtime="20190719 12:49:14.800"></status>
</kw>
<kw name="Title Should Be" library="SeleniumLibrary">
<doc>Verifies that current page title equals ``title``.</doc>
<arguments>
<arg>Watch List</arg>
</arguments>
<msg timestamp="20190719 12:49:15.311" level="INFO">Page title is 'Watch List'.</msg>
<status status="PASS" starttime="20190719 12:49:14.801" endtime="20190719 12:49:15.311"></status>
</kw>
<status status="PASS" starttime="20190719 12:49:11.327" endtime="20190719 12:49:15.311"></status>
</kw>
<kw name="End Web Test" library="Common" type="teardown">
<kw name="Close Browser" library="SeleniumLibrary">
<doc>Closes the current browser.</doc>
<status status="PASS" starttime="20190719 12:49:15.314" endtime="20190719 12:49:17.857"></status>
</kw>
<status status="PASS" starttime="20190719 12:49:15.313" endtime="20190719 12:49:17.858"></status>
</kw>
<tags>
<tag>Regression</tag>
<tag>Reports</tag>
<tag>Sanity</tag>
<tag>Smoke</tag>
</tags>
<status status="PASS" starttime="20190719 12:47:21.600" endtime="20190719 12:49:17.859" critical="yes"></status>
</test>
<test id="s1-t4" name="user is able to navigate to all pages in reports - Lead manager">
<kw name="Begin Web Test" library="Common" type="setup">
<kw name="Open Browser" library="SeleniumLibrary">
<doc>Opens a new browser instance to the given ``url``.</doc>
<arguments>
<arg>${switch}</arg>
<arg>${Browser}</arg>
</arguments>
<msg timestamp="20190719 12:49:17.866" level="INFO">Opening browser 'chrome' to base url 'https://switch.leadforensics.com'.</msg>
<status status="PASS" starttime="20190719 12:49:17.865" endtime="20190719 12:49:21.467"></status>
</kw>
<kw name="Maximize Browser Window" library="SeleniumLibrary">
<doc>Maximizes current browser window.</doc>
<status status="PASS" starttime="20190719 12:49:21.467" endtime="20190719 12:49:23.090"></status>
</kw>
<kw name="Set Selenium Speed" library="SeleniumLibrary">
<doc>Sets the delay that is waited after each Selenium command.</doc>
<arguments>
<arg>0.5 seconds</arg>
</arguments>
<status status="PASS" starttime="20190719 12:49:23.090" endtime="20190719 12:49:23.091"></status>
</kw>
<kw name="Set Selenium Implicit Wait" library="SeleniumLibrary">
<doc>Sets the implicit wait value used by Selenium.</doc>
<arguments>
<arg>2s</arg>
</arguments>
<status status="PASS" starttime="20190719 12:49:23.092" endtime="20190719 12:49:23.595"></status>
</kw>
<kw name="Set Screenshot Directory" library="SeleniumLibrary">
<doc>Sets the directory for captured screenshots.</doc>
<arguments>
<arg>C:\\development\\robot-scripts\\UScrennshot</arg>
</arguments>
<status status="PASS" starttime="20190719 12:49:23.595" endtime="20190719 12:49:23.596"></status>
</kw>
<status status="PASS" starttime="20190719 12:49:17.864" endtime="20190719 12:49:23.596"></status>
</kw>
<kw name="Enter valid login id and password" library="Login">
<kw name="Wait Until Element Is Visible" library="SeleniumLibrary">
<doc>Waits until element ``locator`` is visible.</doc>
<arguments>
<arg>${l_username}</arg>
</arguments>
<status status="PASS" starttime="20190719 12:49:23.599" endtime="20190719 12:49:24.655"></status>
</kw>
<kw name="Input Text" library="SeleniumLibrary">
<doc>Types the given ``text`` into text field identified by ``locator``.</doc>
<arguments>
<arg>${l_username}</arg>
<arg>${username}</arg>
</arguments>
<msg timestamp="20190719 12:49:24.656" level="INFO">Typing text 'lfoptimise' into text field 'css=input#UserName'.</msg>
<status status="PASS" starttime="20190719 12:49:24.655" endtime="20190719 12:49:26.274"></status>
</kw>
<kw name="Input Text" library="SeleniumLibrary">
<doc>Types the given ``text`` into text field identified by ``locator``.</doc>
<arguments>
<arg>${l_password}</arg>
<arg>${password}</arg>
</arguments>
<msg timestamp="20190719 12:49:26.275" level="INFO">Typing text 'ravinia2015' into text field 'id=Password'.</msg>
<status status="PASS" starttime="20190719 12:49:26.275" endtime="20190719 12:49:27.914"></status>
</kw>
<kw name="Wait Until Element Is Visible" library="SeleniumLibrary">
<doc>Waits until element ``locator`` is visible.</doc>
<arguments>
<arg>${l_loginbutton}</arg>
</arguments>
<status status="PASS" starttime="20190719 12:49:27.914" endtime="20190719 12:49:28.936"></status>
</kw>
<kw name="Click Element" library="SeleniumLibrary">
<doc>Click element identified by ``locator``.</doc>
<arguments>
<arg>${l_loginbutton}</arg>
</arguments>
<msg timestamp="20190719 12:49:28.936" level="INFO">Clicking element 'id=btnSubmit'.</msg>
<status status="PASS" starttime="20190719 12:49:28.936" endtime="20190719 12:49:32.475"></status>
</kw>
<kw name="Element Text Should Be" library="SeleniumLibrary">
<doc>Verifies that element ``locator`` contains exact text ``expected``.</doc>
<arguments>
<arg>${l_verification}</arg>
<arg>lfoptimise</arg>
</arguments>
<msg timestamp="20190719 12:49:32.476" level="INFO">Verifying element 'id=portal-name' contains exact text 'lfoptimise'.</msg>
<status status="PASS" starttime="20190719 12:49:32.475" endtime="20190719 12:49:33.643"></status>
</kw>
<status status="PASS" starttime="20190719 12:49:23.598" endtime="20190719 12:49:33.643"></status>
</kw>
<kw name="Open Reports pages" library="HomePage">
<kw name="Sleep" library="BuiltIn">
<doc>Pauses the test executed for the given time.</doc>
<arguments>
<arg>5s</arg>
</arguments>
<msg timestamp="20190719 12:49:38.646" level="INFO">Slept 5 seconds</msg>
<status status="PASS" starttime="20190719 12:49:33.644" endtime="20190719 12:49:38.646"></status>
</kw>
<kw name="Mouse Over" library="SeleniumLibrary">
<doc>Simulates hovering mouse over the element ``locator``.</doc>
<arguments>
<arg>${reportpage}</arg>
</arguments>
<msg timestamp="20190719 12:49:38.647" level="INFO">Simulating Mouse Over on element 'xpath=//ul[@id="menu"]/li[3]'.</msg>
<status status="PASS" starttime="20190719 12:49:38.646" endtime="20190719 12:49:39.725"></status>
</kw>
<status status="PASS" starttime="20190719 12:49:33.643" endtime="20190719 12:49:39.725"></status>
</kw>
<kw name="Open lead manager page" library="Reports">
<kw name="Wait Until Page Contains" library="SeleniumLibrary">
<doc>Waits until ``text`` appears on current page.</doc>
<arguments>
<arg>Lead Manager</arg>
</arguments>
<status status="PASS" starttime="20190719 12:49:39.728" endtime="20190719 12:49:40.284"></status>
</kw>
<kw name="Mouse Over" library="SeleniumLibrary">
<doc>Simulates hovering mouse over the element ``locator``.</doc>
<arguments>
<arg>${leadmanager}</arg>
</arguments>
<msg timestamp="20190719 12:49:40.284" level="INFO">Simulating Mouse Over on element 'xpath=//ul[@id="menu"]/li[3]/div/ul/li[5]'.</msg>
<status status="PASS" starttime="20190719 12:49:40.284" endtime="20190719 12:49:41.323"></status>
</kw>
<status status="PASS" starttime="20190719 12:49:39.727" endtime="20190719 12:49:41.323"></status>
</kw>
<kw name="Open lead manager - conversion page" library="ReportLead">
<kw name="Click Element" library="SeleniumLibrary">
<doc>Click element identified by ``locator``.</doc>
<arguments>
<arg>${conversation}</arg>
</arguments>
<msg timestamp="20190719 12:49:41.326" level="INFO">Clicking element 'xpath=//ul[@id="menu"]/li[3]/div/ul/li[5]/div/ul/li[1]/a'.</msg>
<status status="PASS" starttime="20190719 12:49:41.326" endtime="20190719 12:49:43.264"></status>
</kw>
<kw name="Wait Until Page Contains" library="SeleniumLibrary">
<doc>Waits until ``text`` appears on current page.</doc>
<arguments>
<arg>Lead Conversion</arg>
</arguments>
<status status="PASS" starttime="20190719 12:49:43.264" endtime="20190719 12:49:43.779"></status>
</kw>
<kw name="Page Should Contain" library="SeleniumLibrary">
<doc>Verifies that current page contains ``text``.</doc>
<arguments>
<arg>Lead Conversion</arg>
</arguments>
<msg timestamp="20190719 12:49:44.798" level="INFO">Current page contains text 'Lead Conversion'.</msg>
<status status="PASS" starttime="20190719 12:49:43.779" endtime="20190719 12:49:44.798"></status>
</kw>
<status status="PASS" starttime="20190719 12:49:41.325" endtime="20190719 12:49:44.798"></status>
</kw>
<kw name="Open Reports pages" library="HomePage">
<kw name="Sleep" library="BuiltIn">
<doc>Pauses the test executed for the given time.</doc>
<arguments>
<arg>5s</arg>
</arguments>
<msg timestamp="20190719 12:49:49.803" level="INFO">Slept 5 seconds</msg>
<status status="PASS" starttime="20190719 12:49:44.801" endtime="20190719 12:49:49.803"></status>
</kw>
<kw name="Mouse Over" library="SeleniumLibrary">
<doc>Simulates hovering mouse over the element ``locator``.</doc>
<arguments>
<arg>${reportpage}</arg>
</arguments>
<msg timestamp="20190719 12:49:49.804" level="INFO">Simulating Mouse Over on element 'xpath=//ul[@id="menu"]/li[3]'.</msg>
<status status="PASS" starttime="20190719 12:49:49.804" endtime="20190719 12:49:50.883"></status>
</kw>
<status status="PASS" starttime="20190719 12:49:44.800" endtime="20190719 12:49:50.883"></status>
</kw>
<kw name="Open lead manager page" library="Reports">
<kw name="Wait Until Page Contains" library="SeleniumLibrary">
<doc>Waits until ``text`` appears on current page.</doc>
<arguments>
<arg>Lead Manager</arg>
</arguments>
<status status="PASS" starttime="20190719 12:49:50.885" endtime="20190719 12:49:51.416"></status>
</kw>
<kw name="Mouse Over" library="SeleniumLibrary">
<doc>Simulates hovering mouse over the element ``locator``.</doc>
<arguments>
<arg>${leadmanager}</arg>
</arguments>
<msg timestamp="20190719 12:49:51.417" level="INFO">Simulating Mouse Over on element 'xpath=//ul[@id="menu"]/li[3]/div/ul/li[5]'.</msg>
<status status="PASS" starttime="20190719 12:49:51.416" endtime="20190719 12:49:52.476"></status>
</kw>
<status status="PASS" starttime="20190719 12:49:50.884" endtime="20190719 12:49:52.476"></status>
</kw>
<kw name="Open lead manager - distribution page" library="ReportLead">
<kw name="Click Element" library="SeleniumLibrary">
<doc>Click element identified by ``locator``.</doc>
<arguments>
<arg>${distribution}</arg>
</arguments>
<msg timestamp="20190719 12:49:52.479" level="INFO">Clicking element 'xpath=//ul[@id="menu"]/li[3]/div/ul/li[5]/div/ul/li[2]/a'.</msg>
<status status="PASS" starttime="20190719 12:49:52.479" endtime="20190719 12:50:21.609"></status>
</kw>
<kw name="Wait Until Page Contains" library="SeleniumLibrary">
<doc>Waits until ``text`` appears on current page.</doc>
<arguments>
<arg>Lead Distribution</arg>
</arguments>
<status status="PASS" starttime="20190719 12:50:21.609" endtime="20190719 12:50:22.123"></status>
</kw>
<kw name="Page Should Contain" library="SeleniumLibrary">
<doc>Verifies that current page contains ``text``.</doc>
<arguments>
<arg>Lead Distribution</arg>
</arguments>
<msg timestamp="20190719 12:50:23.136" level="INFO">Current page contains text 'Lead Distribution'.</msg>
<status status="PASS" starttime="20190719 12:50:22.123" endtime="20190719 12:50:23.136"></status>
</kw>
<kw name="Title Should Be" library="SeleniumLibrary">
<doc>Verifies that current page title equals ``title``.</doc>
<arguments>
<arg>Lead Distribution</arg>
</arguments>
<msg timestamp="20190719 12:50:23.639" level="INFO">Page title is 'Lead Distribution'.</msg>
<status status="PASS" starttime="20190719 12:50:23.136" endtime="20190719 12:50:23.639"></status>
</kw>
<status status="PASS" starttime="20190719 12:49:52.478" endtime="20190719 12:50:23.639"></status>
</kw>
<kw name="Open Reports pages" library="HomePage">
<kw name="Sleep" library="BuiltIn">
<doc>Pauses the test executed for the given time.</doc>
<arguments>
<arg>5s</arg>
</arguments>
<msg timestamp="20190719 12:50:28.642" level="INFO">Slept 5 seconds</msg>
<status status="PASS" starttime="20190719 12:50:23.640" endtime="20190719 12:50:28.642"></status>
</kw>
<kw name="Mouse Over" library="SeleniumLibrary">
<doc>Simulates hovering mouse over the element ``locator``.</doc>
<arguments>
<arg>${reportpage}</arg>
</arguments>
<msg timestamp="20190719 12:50:28.643" level="INFO">Simulating Mouse Over on element 'xpath=//ul[@id="menu"]/li[3]'.</msg>
<status status="PASS" starttime="20190719 12:50:28.643" endtime="20190719 12:50:29.701"></status>
</kw>
<status status="PASS" starttime="20190719 12:50:23.640" endtime="20190719 12:50:29.701"></status>
</kw>
<kw name="Open lead manager page" library="Reports">
<kw name="Wait Until Page Contains" library="SeleniumLibrary">
<doc>Waits until ``text`` appears on current page.</doc>
<arguments>
<arg>Lead Manager</arg>
</arguments>
<status status="PASS" starttime="20190719 12:50:29.702" endtime="20190719 12:50:30.219"></status>
</kw>
<kw name="Mouse Over" library="SeleniumLibrary">
<doc>Simulates hovering mouse over the element ``locator``.</doc>
<arguments>
<arg>${leadmanager}</arg>
</arguments>
<msg timestamp="20190719 12:50:30.220" level="INFO">Simulating Mouse Over on element 'xpath=//ul[@id="menu"]/li[3]/div/ul/li[5]'.</msg>
<status status="PASS" starttime="20190719 12:50:30.219" endtime="20190719 12:50:31.275"></status>
</kw>
<status status="PASS" starttime="20190719 12:50:29.702" endtime="20190719 12:50:31.275"></status>
</kw>
<kw name="Open lead manager - lead to action page" library="ReportLead">
<kw name="Click Element" library="SeleniumLibrary">
<doc>Click element identified by ``locator``.</doc>
<arguments>
<arg>${leadtoaction}</arg>
</arguments>
<msg timestamp="20190719 12:50:31.279" level="INFO">Clicking element 'xpath=//ul[@id="menu"]/li[3]/div/ul/li[5]/div/ul/li[3]/a'.</msg>
<status status="PASS" starttime="20190719 12:50:31.278" endtime="20190719 12:50:33.187"></status>
</kw>
<kw name="Wait Until Page Contains" library="SeleniumLibrary">
<doc>Waits until ``text`` appears on current page.</doc>
<arguments>
<arg>Lead to Action</arg>
</arguments>
<status status="PASS" starttime="20190719 12:50:33.187" endtime="20190719 12:50:33.701"></status>
</kw>
<kw name="Page Should Contain" library="SeleniumLibrary">
<doc>Verifies that current page contains ``text``.</doc>
<arguments>
<arg>Lead to Action</arg>
</arguments>
<msg timestamp="20190719 12:50:34.729" level="INFO">Current page contains text 'Lead to Action'.</msg>
<status status="PASS" starttime="20190719 12:50:33.702" endtime="20190719 12:50:34.729"></status>
</kw>
<kw name="Title Should Be" library="SeleniumLibrary">
<doc>Verifies that current page title equals ``title``.</doc>
<arguments>
<arg>Lead to Action</arg>
</arguments>
<msg timestamp="20190719 12:50:35.237" level="INFO">Page title is 'Lead to Action'.</msg>
<status status="PASS" starttime="20190719 12:50:34.730" endtime="20190719 12:50:35.237"></status>
</kw>
<status status="PASS" starttime="20190719 12:50:31.277" endtime="20190719 12:50:35.237"></status>
</kw>
<kw name="Open Reports pages" library="HomePage">
<kw name="Sleep" library="BuiltIn">
<doc>Pauses the test executed for the given time.</doc>
<arguments>
<arg>5s</arg>
</arguments>
<msg timestamp="20190719 12:50:40.242" level="INFO">Slept 5 seconds</msg>
<status status="PASS" starttime="20190719 12:50:35.239" endtime="20190719 12:50:40.242"></status>
</kw>
<kw name="Mouse Over" library="SeleniumLibrary">
<doc>Simulates hovering mouse over the element ``locator``.</doc>
<arguments>
<arg>${reportpage}</arg>
</arguments>
<msg timestamp="20190719 12:50:40.243" level="INFO">Simulating Mouse Over on element 'xpath=//ul[@id="menu"]/li[3]'.</msg>
<status status="PASS" starttime="20190719 12:50:40.243" endtime="20190719 12:50:41.290"></status>
</kw>
<status status="PASS" starttime="20190719 12:50:35.238" endtime="20190719 12:50:41.290"></status>
</kw>
<kw name="Open lead manager page" library="Reports">
<kw name="Wait Until Page Contains" library="SeleniumLibrary">
<doc>Waits until ``text`` appears on current page.</doc>
<arguments>
<arg>Lead Manager</arg>
</arguments>
<status status="PASS" starttime="20190719 12:50:41.291" endtime="20190719 12:50:41.804"></status>
</kw>
<kw name="Mouse Over" library="SeleniumLibrary">
<doc>Simulates hovering mouse over the element ``locator``.</doc>
<arguments>
<arg>${leadmanager}</arg>
</arguments>
<msg timestamp="20190719 12:50:41.805" level="INFO">Simulating Mouse Over on element 'xpath=//ul[@id="menu"]/li[3]/div/ul/li[5]'.</msg>
<status status="PASS" starttime="20190719 12:50:41.804" endtime="20190719 12:50:42.855"></status>
</kw>
<status status="PASS" starttime="20190719 12:50:41.291" endtime="20190719 12:50:42.855"></status>
</kw>
<kw name="ReportLead.Open lead manager - overview page">
<msg timestamp="20190719 12:50:42.871" level="FAIL">No keyword with name 'ReportLead.Open lead manager - overview page' found. Did you mean:
    ReportLead.Open Lead Manager - Conversion Page
    ReportLead.Open Lead Manager - Revenue Page</msg>
<status status="FAIL" starttime="20190719 12:50:42.871" endtime="20190719 12:50:42.871"></status>
</kw>
<kw name="End Web Test" library="Common" type="teardown">
<kw name="Close Browser" library="SeleniumLibrary">
<doc>Closes the current browser.</doc>
<status status="PASS" starttime="20190719 12:50:42.873" endtime="20190719 12:50:45.408"></status>
</kw>
<status status="PASS" starttime="20190719 12:50:42.872" endtime="20190719 12:50:45.408"></status>
</kw>
<tags>
<tag>Regression</tag>
<tag>Replead</tag>
<tag>Sanity</tag>
<tag>Smoke</tag>
</tags>
<status status="FAIL" starttime="20190719 12:49:17.862" endtime="20190719 12:50:45.409" critical="yes">No keyword with name 'ReportLead.Open lead manager - overview page' found. Did you mean:
    ReportLead.Open Lead Manager - Conversion Page
    ReportLead.Open Lead Manager - Revenue Page</status>
</test>
<test id="s1-t5" name="user is able to navigate to all pages in reports - Pages">
<kw name="Begin Web Test" library="Common" type="setup">
<kw name="Open Browser" library="SeleniumLibrary">
<doc>Opens a new browser instance to the given ``url``.</doc>
<arguments>
<arg>${switch}</arg>
<arg>${Browser}</arg>
</arguments>
<msg timestamp="20190719 12:50:45.412" level="INFO">Opening browser 'chrome' to base url 'https://switch.leadforensics.com'.</msg>
<status status="PASS" starttime="20190719 12:50:45.411" endtime="20190719 12:50:48.873"></status>
</kw>
<kw name="Maximize Browser Window" library="SeleniumLibrary">
<doc>Maximizes current browser window.</doc>
<status status="PASS" starttime="20190719 12:50:48.873" endtime="20190719 12:50:50.496"></status>
</kw>
<kw name="Set Selenium Speed" library="SeleniumLibrary">
<doc>Sets the delay that is waited after each Selenium command.</doc>
<arguments>
<arg>0.5 seconds</arg>
</arguments>
<status status="PASS" starttime="20190719 12:50:50.496" endtime="20190719 12:50:50.496"></status>
</kw>
<kw name="Set Selenium Implicit Wait" library="SeleniumLibrary">
<doc>Sets the implicit wait value used by Selenium.</doc>
<arguments>
<arg>2s</arg>
</arguments>
<status status="PASS" starttime="20190719 12:50:50.497" endtime="20190719 12:50:50.999"></status>
</kw>
<kw name="Set Screenshot Directory" library="SeleniumLibrary">
<doc>Sets the directory for captured screenshots.</doc>
<arguments>
<arg>C:\\development\\robot-scripts\\UScrennshot</arg>
</arguments>
<status status="PASS" starttime="20190719 12:50:50.999" endtime="20190719 12:50:51.000"></status>
</kw>
<status status="PASS" starttime="20190719 12:50:45.411" endtime="20190719 12:50:51.000"></status>
</kw>
<kw name="Enter valid login id and password" library="Login">
<kw name="Wait Until Element Is Visible" library="SeleniumLibrary">
<doc>Waits until element ``locator`` is visible.</doc>
<arguments>
<arg>${l_username}</arg>
</arguments>
<status status="PASS" starttime="20190719 12:50:51.001" endtime="20190719 12:50:52.030"></status>
</kw>
<kw name="Input Text" library="SeleniumLibrary">
<doc>Types the given ``text`` into text field identified by ``locator``.</doc>
<arguments>
<arg>${l_username}</arg>
<arg>${username}</arg>
</arguments>
<msg timestamp="20190719 12:50:52.030" level="INFO">Typing text 'lfoptimise' into text field 'css=input#UserName'.</msg>
<status status="PASS" starttime="20190719 12:50:52.030" endtime="20190719 12:50:53.619"></status>
</kw>
<kw name="Input Text" library="SeleniumLibrary">
<doc>Types the given ``text`` into text field identified by ``locator``.</doc>
<arguments>
<arg>${l_password}</arg>
<arg>${password}</arg>
</arguments>
<msg timestamp="20190719 12:50:53.619" level="INFO">Typing text 'ravinia2015' into text field 'id=Password'.</msg>
<status status="PASS" starttime="20190719 12:50:53.619" endtime="20190719 12:50:55.212"></status>
</kw>
<kw name="Wait Until Element Is Visible" library="SeleniumLibrary">
<doc>Waits until element ``locator`` is visible.</doc>
<arguments>
<arg>${l_loginbutton}</arg>
</arguments>
<status status="PASS" starttime="20190719 12:50:55.212" endtime="20190719 12:50:56.237"></status>
</kw>
<kw name="Click Element" library="SeleniumLibrary">
<doc>Click element identified by ``locator``.</doc>
<arguments>
<arg>${l_loginbutton}</arg>
</arguments>
<msg timestamp="20190719 12:50:56.237" level="INFO">Clicking element 'id=btnSubmit'.</msg>
<status status="PASS" starttime="20190719 12:50:56.237" endtime="20190719 12:50:59.063"></status>
</kw>
<kw name="Element Text Should Be" library="SeleniumLibrary">
<doc>Verifies that element ``locator`` contains exact text ``expected``.</doc>
<arguments>
<arg>${l_verification}</arg>
<arg>lfoptimise</arg>
</arguments>
<msg timestamp="20190719 12:50:59.063" level="INFO">Verifying element 'id=portal-name' contains exact text 'lfoptimise'.</msg>
<status status="PASS" starttime="20190719 12:50:59.063" endtime="20190719 12:51:00.563"></status>
</kw>
<status status="PASS" starttime="20190719 12:50:51.001" endtime="20190719 12:51:00.563"></status>
</kw>
<kw name="Open Reports pages" library="HomePage">
<kw name="Sleep" library="BuiltIn">
<doc>Pauses the test executed for the given time.</doc>
<arguments>
<arg>5s</arg>
</arguments>
<msg timestamp="20190719 12:51:05.564" level="INFO">Slept 5 seconds</msg>
<status status="PASS" starttime="20190719 12:51:00.564" endtime="20190719 12:51:05.564"></status>
</kw>
<kw name="Mouse Over" library="SeleniumLibrary">
<doc>Simulates hovering mouse over the element ``locator``.</doc>
<arguments>
<arg>${reportpage}</arg>
</arguments>
<msg timestamp="20190719 12:51:05.564" level="INFO">Simulating Mouse Over on element 'xpath=//ul[@id="menu"]/li[3]'.</msg>
<status status="PASS" starttime="20190719 12:51:05.564" endtime="20190719 12:51:06.628"></status>
</kw>
<status status="PASS" starttime="20190719 12:51:00.563" endtime="20190719 12:51:06.628"></status>
</kw>
<kw name="Hover to Pages page" library="Reports">
<kw name="Wait Until Page Contains" library="SeleniumLibrary">
<doc>Waits until ``text`` appears on current page.</doc>
<arguments>
<arg>Pages</arg>
</arguments>
<status status="PASS" starttime="20190719 12:51:06.629" endtime="20190719 12:51:07.167"></status>
</kw>
<kw name="Mouse Over" library="SeleniumLibrary">
<doc>Simulates hovering mouse over the element ``locator``.</doc>
<arguments>
<arg>${Pages}</arg>
</arguments>
<msg timestamp="20190719 12:51:07.168" level="INFO">Simulating Mouse Over on element 'xpath=//ul[@id="menu"]/li[3]/div/ul/li[7]/span'.</msg>
<status status="PASS" starttime="20190719 12:51:07.168" endtime="20190719 12:51:08.229"></status>
</kw>
<status status="PASS" starttime="20190719 12:51:06.628" endtime="20190719 12:51:08.229"></status>
</kw>
<kw name="Open most popular exit pages" library="Pages">
<kw name="Click Element" library="SeleniumLibrary">
<doc>Click element identified by ``locator``.</doc>
<arguments>
<arg>${exitpages}</arg>
</arguments>
<msg timestamp="20190719 12:51:08.230" level="INFO">Clicking element 'link=Most Popular Exit Pages'.</msg>
<status status="PASS" starttime="20190719 12:51:08.230" endtime="20190719 12:51:15.381"></status>
</kw>
<kw name="Page Should Contain" library="SeleniumLibrary">
<doc>Verifies that current page contains ``text``.</doc>
<arguments>
<arg>Most Popular Exit Pages</arg>
</arguments>
<msg timestamp="20190719 12:51:16.417" level="INFO">Current page contains text 'Most Popular Exit Pages'.</msg>
<status status="PASS" starttime="20190719 12:51:15.381" endtime="20190719 12:51:16.417"></status>
</kw>
<kw name="Title Should Be" library="SeleniumLibrary">
<doc>Verifies that current page title equals ``title``.</doc>
<arguments>
<arg>Page Report</arg>
</arguments>
<msg timestamp="20190719 12:51:16.923" level="INFO">Page title is 'Page Report'.</msg>
<status status="PASS" starttime="20190719 12:51:16.417" endtime="20190719 12:51:16.923"></status>
</kw>
<status status="PASS" starttime="20190719 12:51:08.230" endtime="20190719 12:51:16.923"></status>
</kw>
<kw name="Open Reports pages" library="HomePage">
<kw name="Sleep" library="BuiltIn">
<doc>Pauses the test executed for the given time.</doc>
<arguments>
<arg>5s</arg>
</arguments>
<msg timestamp="20190719 12:51:21.927" level="INFO">Slept 5 seconds</msg>
<status status="PASS" starttime="20190719 12:51:16.925" endtime="20190719 12:51:21.927"></status>
</kw>
<kw name="Mouse Over" library="SeleniumLibrary">
<doc>Simulates hovering mouse over the element ``locator``.</doc>
<arguments>
<arg>${reportpage}</arg>
</arguments>
<msg timestamp="20190719 12:51:21.928" level="INFO">Simulating Mouse Over on element 'xpath=//ul[@id="menu"]/li[3]'.</msg>
<status status="PASS" starttime="20190719 12:51:21.927" endtime="20190719 12:51:22.984"></status>
</kw>
<status status="PASS" starttime="20190719 12:51:16.925" endtime="20190719 12:51:22.984"></status>
</kw>
<kw name="Hover to Pages page" library="Reports">
<kw name="Wait Until Page Contains" library="SeleniumLibrary">
<doc>Waits until ``text`` appears on current page.</doc>
<arguments>
<arg>Pages</arg>
</arguments>
<status status="PASS" starttime="20190719 12:51:22.986" endtime="20190719 12:51:23.508"></status>
</kw>
<kw name="Mouse Over" library="SeleniumLibrary">
<doc>Simulates hovering mouse over the element ``locator``.</doc>
<arguments>
<arg>${Pages}</arg>
</arguments>
<msg timestamp="20190719 12:51:23.508" level="INFO">Simulating Mouse Over on element 'xpath=//ul[@id="menu"]/li[3]/div/ul/li[7]/span'.</msg>
<status status="PASS" starttime="20190719 12:51:23.508" endtime="20190719 12:51:24.552"></status>
</kw>
<status status="PASS" starttime="20190719 12:51:22.985" endtime="20190719 12:51:24.552"></status>
</kw>
<kw name="Open most popular landing pages" library="Pages">
<kw name="Click Element" library="SeleniumLibrary">
<doc>Click element identified by ``locator``.</doc>
<arguments>
<arg>${landingpages}</arg>
</arguments>
<msg timestamp="20190719 12:51:24.553" level="INFO">Clicking element 'link=Most Popular Landing Pages'.</msg>
<status status="PASS" starttime="20190719 12:51:24.553" endtime="20190719 12:51:26.544"></status>
</kw>
<kw name="Page Should Contain" library="SeleniumLibrary">
<doc>Verifies that current page contains ``text``.</doc>
<arguments>
<arg>Most Popular Landing Pages</arg>
</arguments>
<msg timestamp="20190719 12:51:27.576" level="INFO">Current page contains text 'Most Popular Landing Pages'.</msg>
<status status="PASS" starttime="20190719 12:51:26.544" endtime="20190719 12:51:27.576"></status>
</kw>
<kw name="Title Should Be" library="SeleniumLibrary">
<doc>Verifies that current page title equals ``title``.</doc>
<arguments>
<arg>Page Report</arg>
</arguments>
<msg timestamp="20190719 12:51:28.099" level="INFO">Page title is 'Page Report'.</msg>
<status status="PASS" starttime="20190719 12:51:27.576" endtime="20190719 12:51:28.099"></status>
</kw>
<status status="PASS" starttime="20190719 12:51:24.553" endtime="20190719 12:51:28.099"></status>
</kw>
<kw name="Open Reports pages" library="HomePage">
<kw name="Sleep" library="BuiltIn">
<doc>Pauses the test executed for the given time.</doc>
<arguments>
<arg>5s</arg>
</arguments>
<msg timestamp="20190719 12:51:33.102" level="INFO">Slept 5 seconds</msg>
<status status="PASS" starttime="20190719 12:51:28.100" endtime="20190719 12:51:33.102"></status>
</kw>
<kw name="Mouse Over" library="SeleniumLibrary">
<doc>Simulates hovering mouse over the element ``locator``.</doc>
<arguments>
<arg>${reportpage}</arg>
</arguments>
<msg timestamp="20190719 12:51:33.103" level="INFO">Simulating Mouse Over on element 'xpath=//ul[@id="menu"]/li[3]'.</msg>
<status status="PASS" starttime="20190719 12:51:33.102" endtime="20190719 12:51:34.143"></status>
</kw>
<status status="PASS" starttime="20190719 12:51:28.100" endtime="20190719 12:51:34.143"></status>
</kw>
<kw name="Hover to Pages page" library="Reports">
<kw name="Wait Until Page Contains" library="SeleniumLibrary">
<doc>Waits until ``text`` appears on current page.</doc>
<arguments>
<arg>Pages</arg>
</arguments>
<status status="PASS" starttime="20190719 12:51:34.146" endtime="20190719 12:51:34.671"></status>
</kw>
<kw name="Mouse Over" library="SeleniumLibrary">
<doc>Simulates hovering mouse over the element ``locator``.</doc>
<arguments>
<arg>${Pages}</arg>
</arguments>
<msg timestamp="20190719 12:51:34.671" level="INFO">Simulating Mouse Over on element 'xpath=//ul[@id="menu"]/li[3]/div/ul/li[7]/span'.</msg>
<status status="PASS" starttime="20190719 12:51:34.671" endtime="20190719 12:51:35.720"></status>
</kw>
<status status="PASS" starttime="20190719 12:51:34.145" endtime="20190719 12:51:35.720"></status>
</kw>
<kw name="Open most popular pages" library="Pages">
<kw name="Click Element" library="SeleniumLibrary">
<doc>Click element identified by ``locator``.</doc>
<arguments>
<arg>${popularpages}</arg>
</arguments>
[...]
<status status="PASS" starttime="20190719 13:09:29.813" endtime="20190719 13:09:30.846"></status>
</kw>
<kw name="Sleep" library="BuiltIn">
<doc>Pauses the test executed for the given time.</doc>
<arguments>
<arg>5s</arg>
</arguments>
<msg timestamp="20190719 13:09:35.848" level="INFO">Slept 5 seconds</msg>
<status status="PASS" starttime="20190719 13:09:30.847" endtime="20190719 13:09:35.848"></status>
</kw>
<kw name="Click Element" library="SeleniumLibrary">
<doc>Click element identified by ``locator``.</doc>
<arguments>
<arg>${expandall}</arg>
</arguments>
<msg timestamp="20190719 13:09:35.849" level="INFO">Clicking element 'id=tbAutoExpand'.</msg>
<status status="PASS" starttime="20190719 13:09:35.849" endtime="20190719 13:09:36.994"></status>
</kw>
<kw name="Get Element Attribute" library="SeleniumLibrary">
<doc>Returns value of ``attribute`` from element ``locator``.</doc>
<arguments>
<arg>${expandall}</arg>
<arg>class</arg>
</arguments>
<assign>
<var>${toggle1}</var>
</assign>
<msg timestamp="20190719 13:09:38.022" level="INFO">${toggle1} = left toggleButton conversionDisabled</msg>
<status status="PASS" starttime="20190719 13:09:36.994" endtime="20190719 13:09:38.022"></status>
</kw>
<kw name="Get Element Attribute" library="SeleniumLibrary">
<doc>Returns value of ``attribute`` from element ``locator``.</doc>
<arguments>
<arg>${expandall}</arg>
<arg>class="left toggleButton conversionDisabled"</arg>
</arguments>
<status status="PASS" starttime="20190719 13:09:38.023" endtime="20190719 13:09:39.050"></status>
</kw>
<kw name="Element Should Be Visible" library="SeleniumLibrary">
<doc>Verifies that the element identified by ``locator`` is visible.</doc>
<arguments>
<arg>${downarrow}</arg>
</arguments>
<msg timestamp="20190719 13:09:40.118" level="INFO">Element 'xpath=//div[@id="grdvisitorlist"]/table/tbody/tr[1]/td[19]' is displayed.</msg>
<status status="PASS" starttime="20190719 13:09:39.050" endtime="20190719 13:09:40.118"></status>
</kw>
<kw name="Page Should Not Contain Image" library="SeleniumLibrary">
<doc>Verifies image identified by ``locator`` is found from current page.</doc>
<arguments>
<arg>${imagenotpresent}</arg>
</arguments>
<msg timestamp="20190719 13:09:43.168" level="INFO">Current page does not contain image 'xpathe=//div[@id="grdvisitorlist"]/table/tbody/tr[1]/td[11]'.</msg>
<status status="PASS" starttime="20190719 13:09:40.119" endtime="20190719 13:09:43.168"></status>
</kw>
<status status="PASS" starttime="20190719 13:09:16.413" endtime="20190719 13:09:43.168"></status>
</kw>
<kw name="End Web Test" library="Common" type="teardown">
<kw name="Close Browser" library="SeleniumLibrary">
<doc>Closes the current browser.</doc>
<status status="PASS" starttime="20190719 13:09:43.169" endtime="20190719 13:09:45.706"></status>
</kw>
<status status="PASS" starttime="20190719 13:09:43.169" endtime="20190719 13:09:45.706"></status>
</kw>
<tags>
<tag>expandall</tag>
<tag>Regression</tag>
<tag>Sanity</tag>
<tag>Visitorlist</tag>
</tags>
<status status="PASS" starttime="20190719 13:08:52.331" endtime="20190719 13:09:45.707" critical="yes"></status>
</test>
<test id="s1-t23" name="User is able to serach visits by company name">
<kw name="Begin Web Test" library="Common" type="setup">
<kw name="Open Browser" library="SeleniumLibrary">
<doc>Opens a new browser instance to the given ``url``.</doc>
<arguments>
<arg>${switch}</arg>
<arg>${Browser}</arg>
</arguments>
<msg timestamp="20190719 13:09:45.710" level="INFO">Opening browser 'chrome' to base url 'https://switch.leadforensics.com'.</msg>
<status status="PASS" starttime="20190719 13:09:45.709" endtime="20190719 13:09:49.172"></status>
</kw>
<kw name="Maximize Browser Window" library="SeleniumLibrary">
<doc>Maximizes current browser window.</doc>
<status status="PASS" starttime="20190719 13:09:49.172" endtime="20190719 13:09:50.790"></status>
</kw>
<kw name="Set Selenium Speed" library="SeleniumLibrary">
<doc>Sets the delay that is waited after each Selenium command.</doc>
<arguments>
<arg>0.5 seconds</arg>
</arguments>
<status status="PASS" starttime="20190719 13:09:50.790" endtime="20190719 13:09:50.790"></status>
</kw>
<kw name="Set Selenium Implicit Wait" library="SeleniumLibrary">
<doc>Sets the implicit wait value used by Selenium.</doc>
<arguments>
<arg>2s</arg>
</arguments>
<status status="PASS" starttime="20190719 13:09:50.791" endtime="20190719 13:09:51.292"></status>
</kw>
<kw name="Set Screenshot Directory" library="SeleniumLibrary">
<doc>Sets the directory for captured screenshots.</doc>
<arguments>
<arg>C:\\development\\robot-scripts\\UScrennshot</arg>
</arguments>
<status status="PASS" starttime="20190719 13:09:51.292" endtime="20190719 13:09:51.292"></status>
</kw>
<status status="PASS" starttime="20190719 13:09:45.709" endtime="20190719 13:09:51.292"></status>
</kw>
<kw name="Enter valid login id and password" library="Login">
<kw name="Wait Until Element Is Visible" library="SeleniumLibrary">
<doc>Waits until element ``locator`` is visible.</doc>
<arguments>
<arg>${l_username}</arg>
</arguments>
<status status="PASS" starttime="20190719 13:09:51.293" endtime="20190719 13:09:52.318"></status>
</kw>
<kw name="Input Text" library="SeleniumLibrary">
<doc>Types the given ``text`` into text field identified by ``locator``.</doc>
<arguments>
<arg>${l_username}</arg>
<arg>${username}</arg>
</arguments>
<msg timestamp="20190719 13:09:52.318" level="INFO">Typing text 'lfoptimise' into text field 'css=input#UserName'.</msg>
<status status="PASS" starttime="20190719 13:09:52.318" endtime="20190719 13:09:53.900"></status>
</kw>
<kw name="Input Text" library="SeleniumLibrary">
<doc>Types the given ``text`` into text field identified by ``locator``.</doc>
<arguments>
<arg>${l_password}</arg>
<arg>${password}</arg>
</arguments>
<msg timestamp="20190719 13:09:53.900" level="INFO">Typing text 'ravinia2015' into text field 'id=Password'.</msg>
<status status="PASS" starttime="20190719 13:09:53.900" endtime="20190719 13:09:55.500"></status>
</kw>
<kw name="Wait Until Element Is Visible" library="SeleniumLibrary">
<doc>Waits until element ``locator`` is visible.</doc>
<arguments>
<arg>${l_loginbutton}</arg>
</arguments>
<status status="PASS" starttime="20190719 13:09:55.500" endtime="20190719 13:09:56.554"></status>
</kw>
<kw name="Click Element" library="SeleniumLibrary">
<doc>Click element identified by ``locator``.</doc>
<arguments>
<arg>${l_loginbutton}</arg>
</arguments>
<msg timestamp="20190719 13:09:56.554" level="INFO">Clicking element 'id=btnSubmit'.</msg>
<status status="PASS" starttime="20190719 13:09:56.554" endtime="20190719 13:09:59.794"></status>
</kw>
<kw name="Element Text Should Be" library="SeleniumLibrary">
<doc>Verifies that element ``locator`` contains exact text ``expected``.</doc>
<arguments>
<arg>${l_verification}</arg>
<arg>lfoptimise</arg>
</arguments>
<msg timestamp="20190719 13:09:59.795" level="INFO">Verifying element 'id=portal-name' contains exact text 'lfoptimise'.</msg>
<status status="PASS" starttime="20190719 13:09:59.794" endtime="20190719 13:10:01.248"></status>
</kw>
<status status="PASS" starttime="20190719 13:09:51.293" endtime="20190719 13:10:01.248"></status>
</kw>
<kw name="Open Visitor List Page" library="HomePage">
<kw name="Sleep" library="BuiltIn">
<doc>Pauses the test executed for the given time.</doc>
<arguments>
<arg>3s</arg>
</arguments>
<msg timestamp="20190719 13:10:04.250" level="INFO">Slept 3 seconds</msg>
<status status="PASS" starttime="20190719 13:10:01.249" endtime="20190719 13:10:04.250"></status>
</kw>
<kw name="Click Element" library="SeleniumLibrary">
<doc>Click element identified by ``locator``.</doc>
<arguments>
<arg>${visitorlist}</arg>
</arguments>
<msg timestamp="20190719 13:10:04.250" level="INFO">Clicking element 'link=Visitor List'.</msg>
<status status="PASS" starttime="20190719 13:10:04.250" endtime="20190719 13:10:06.624"></status>
</kw>
<kw name="Get Title" library="SeleniumLibrary">
<doc>Returns the title of current page.</doc>
<status status="PASS" starttime="20190719 13:10:06.624" endtime="20190719 13:10:07.571"></status>
</kw>
<kw name="Title Should Be" library="SeleniumLibrary">
<doc>Verifies that current page title equals ``title``.</doc>
<arguments>
<arg>Visitor List</arg>
</arguments>
<msg timestamp="20190719 13:10:08.076" level="INFO">Page title is 'Visitor List'.</msg>
<status status="PASS" starttime="20190719 13:10:07.571" endtime="20190719 13:10:08.076"></status>
</kw>
<status status="PASS" starttime="20190719 13:10:01.249" endtime="20190719 13:10:08.076"></status>
</kw>
<kw name="Search visits by company name" library="VisitoList">
<kw name="Input Text" library="SeleniumLibrary">
<doc>Types the given ``text`` into text field identified by ``locator``.</doc>
<arguments>
<arg>${inputtext}</arg>
<arg>${searchcompanyname}</arg>
</arguments>
<msg timestamp="20190719 13:10:08.079" level="INFO">Typing text 'Lab' into text field 'id=SearchText'.</msg>
<status status="PASS" starttime="20190719 13:10:08.078" endtime="20190719 13:10:10.012"></status>
</kw>
<kw name="Click Element" library="SeleniumLibrary">
<doc>Click element identified by ``locator``.</doc>
<arguments>
<arg>${opendrpdownsearch}</arg>
</arguments>
<msg timestamp="20190719 13:10:10.013" level="INFO">Clicking element 'xpath=//span[@style="width: 100px;"]/span'.</msg>
<status status="PASS" starttime="20190719 13:10:10.012" endtime="20190719 13:10:11.189"></status>
</kw>
<kw name="Click Element" library="SeleniumLibrary">
<doc>Click element identified by ``locator``.</doc>
<arguments>
<arg>${selcecompany}</arg>
</arguments>
<msg timestamp="20190719 13:10:11.190" level="INFO">Clicking element 'xpath=//ul[@id="SearchType_listbox"]/li[1]'.</msg>
<status status="PASS" starttime="20190719 13:10:11.189" endtime="20190719 13:10:12.290"></status>
</kw>
<kw name="Click Element" library="SeleniumLibrary">
<doc>Click element identified by ``locator``.</doc>
<arguments>
<arg>${clickonsearch}</arg>
</arguments>
<msg timestamp="20190719 13:10:12.290" level="INFO">Clicking element 'id=btnSearch'.</msg>
<status status="PASS" starttime="20190719 13:10:12.290" endtime="20190719 13:10:13.469"></status>
</kw>
<kw name="Get Text" library="SeleniumLibrary">
<doc>Returns the text value of element identified by ``locator``.</doc>
<arguments>
<arg>${getstring}</arg>
</arguments>
<assign>
<var>${string1}</var>
</assign>
<msg timestamp="20190719 13:10:14.535" level="INFO">${string1} = No items to display</msg>
<status status="PASS" starttime="20190719 13:10:13.469" endtime="20190719 13:10:14.535"></status>
</kw>
<kw name="Log To Console" library="BuiltIn">
<doc>Logs the given message to the console.</doc>
<arguments>
<arg>${string1}</arg>
</arguments>
<status status="PASS" starttime="20190719 13:10:14.535" endtime="20190719 13:10:14.535"></status>
</kw>
<kw name="Run Keyword If" library="BuiltIn">
<doc>Runs the given keyword with the given arguments, if ``condition`` is true.</doc>
<arguments>
<arg>'${string1}' == 'No items to display'</arg>
<arg>log to console</arg>
<arg>error message</arg>
</arguments>
<kw name="Log To Console" library="BuiltIn">
<doc>Logs the given message to the console.</doc>
<arguments>
<arg>error message</arg>
</arguments>
<status status="PASS" starttime="20190719 13:10:14.536" endtime="20190719 13:10:14.536"></status>
</kw>
<status status="PASS" starttime="20190719 13:10:14.536" endtime="20190719 13:10:14.537"></status>
</kw>
<kw name="Get Text" library="SeleniumLibrary">
<doc>Returns the text value of element identified by ``locator``.</doc>
<arguments>
<arg>${novisitmessage}</arg>
</arguments>
<assign>
<var>${companymessage1}</var>
</assign>
<msg timestamp="20190719 13:10:15.577" level="INFO">${companymessage1} = There are no visits to display. Please check your filters and try again.</msg>
<status status="PASS" starttime="20190719 13:10:14.537" endtime="20190719 13:10:15.577"></status>
</kw>
<kw name="Log To Console" library="BuiltIn">
<doc>Logs the given message to the console.</doc>
<arguments>
<arg>${companymessage1}</arg>
</arguments>
<status status="PASS" starttime="20190719 13:10:15.577" endtime="20190719 13:10:15.578"></status>
</kw>
<kw name="Element Should Contain" library="SeleniumLibrary">
<doc>Verifies that element ``locator`` contains text ``expected``.</doc>
<arguments>
<arg>${novisitmessage}</arg>
<arg>There are no visits to display. Please check your filters and try again.</arg>
</arguments>
<msg timestamp="20190719 13:10:16.608" level="INFO">Element 'xpath=//div[@id="grdvisitorlist"]/table/tbody/tr/td/b' contains text 'There are no visits to display. Please check your filters and try again.'.</msg>
<status status="PASS" starttime="20190719 13:10:15.578" endtime="20190719 13:10:16.608"></status>
</kw>
<kw name="Run Keyword If" library="BuiltIn">
<doc>Runs the given keyword with the given arguments, if ``condition`` is true.</doc>
<arguments>
<arg>'${string1}' == 'No items to display'</arg>
<arg>Select two days time frame</arg>
</arguments>
<kw name="Select two days time frame" library="VisitoList">
<kw name="Click Element" library="SeleniumLibrary">
<doc>Click element identified by ``locator``.</doc>
<arguments>
<arg>${clickontimeframe}</arg>
</arguments>
<msg timestamp="20190719 13:10:16.611" level="INFO">Clicking element 'xpath=//form[@id="DateFilter"]/div/div/div[3]/span/span/span[2]/span'.</msg>
<status status="PASS" starttime="20190719 13:10:16.610" endtime="20190719 13:10:17.705"></status>
</kw>
<kw name="Wait Until Element Is Visible" library="SeleniumLibrary">
<doc>Waits until element ``locator`` is visible.</doc>
<arguments>
<arg>${twodaytimeframeselect}</arg>
</arguments>
<status status="PASS" starttime="20190719 13:10:17.705" endtime="20190719 13:10:18.749"></status>
</kw>
<kw name="Sleep" library="BuiltIn">
<doc>Pauses the test executed for the given time.</doc>
<arguments>
<arg>3s</arg>
</arguments>
<msg timestamp="20190719 13:10:21.750" level="INFO">Slept 3 seconds</msg>
<status status="PASS" starttime="20190719 13:10:18.749" endtime="20190719 13:10:21.750"></status>
</kw>
<kw name="Click Element" library="SeleniumLibrary">
<doc>Click element identified by ``locator``.</doc>
<arguments>
<arg>${twodaytimeframeselect}</arg>
</arguments>
<msg timestamp="20190719 13:10:21.750" level="INFO">Clicking element 'xpath=//ul[@id="StandardFilter_SelectedDateValue_listbox"]/li[3]'.</msg>
<status status="PASS" starttime="20190719 13:10:21.750" endtime="20190719 13:10:22.905"></status>
</kw>
<kw name="Sleep" library="BuiltIn">
<doc>Pauses the test executed for the given time.</doc>
<arguments>
<arg>2s</arg>
</arguments>
<msg timestamp="20190719 13:10:24.905" level="INFO">Slept 2 seconds</msg>
<status status="PASS" starttime="20190719 13:10:22.905" endtime="20190719 13:10:24.905"></status>
</kw>
<kw name="Element Should Contain" library="SeleniumLibrary">
<doc>Verifies that element ``locator`` contains text ``expected``.</doc>
<arguments>
<arg>${assertforselecteddays}</arg>
<arg>2 Days Ago</arg>
</arguments>
<msg timestamp="20190719 13:10:25.972" level="INFO">Element 'xpath=//td[@id="pageHeaderRight"]/form/div/div/div[3]/span/span/span[1]' contains text '2 Days Ago'.</msg>
<status status="PASS" starttime="20190719 13:10:24.905" endtime="20190719 13:10:25.972"></status>
</kw>
<status status="PASS" starttime="20190719 13:10:16.610" endtime="20190719 13:10:25.972"></status>
</kw>
<status status="PASS" starttime="20190719 13:10:16.609" endtime="20190719 13:10:25.973"></status>
</kw>
<kw name="Sleep" library="BuiltIn">
<doc>Pauses the test executed for the given time.</doc>
<arguments>
<arg>2s</arg>
</arguments>
<msg timestamp="20190719 13:10:27.975" level="INFO">Slept 2 seconds</msg>
<status status="PASS" starttime="20190719 13:10:25.973" endtime="20190719 13:10:27.975"></status>
</kw>
<kw name="Get Text" library="SeleniumLibrary">
<doc>Returns the text value of element identified by ``locator``.</doc>
<arguments>
<arg>${getstring}</arg>
</arguments>
<assign>
<var>${string2}</var>
</assign>
<msg timestamp="20190719 13:10:29.043" level="INFO">${string2} = Showing 1-1 of 1</msg>
<status status="PASS" starttime="20190719 13:10:27.976" endtime="20190719 13:10:29.043"></status>
</kw>
<kw name="Page Should Contain" library="SeleniumLibrary">
<doc>Verifies that current page contains ``text``.</doc>
<arguments>
<arg>Showing</arg>
</arguments>
<msg timestamp="20190719 13:10:30.088" level="INFO">Current page contains text 'Showing'.</msg>
<status status="PASS" starttime="20190719 13:10:29.044" endtime="20190719 13:10:30.088"></status>
</kw>
<kw name="Get Element Attribute" library="SeleniumLibrary">
<doc>Returns value of ``attribute`` from element ``locator``.</doc>
<arguments>
<arg>${getcompanyname}</arg>
<arg>title</arg>
</arguments>
<assign>
<var>${companyname}</var>
</assign>
<msg timestamp="20190719 13:10:31.112" level="INFO">${companyname} = Crop Nutrition Laboratory Services Ltd</msg>
<status status="PASS" starttime="20190719 13:10:30.088" endtime="20190719 13:10:31.112"></status>
</kw>
<kw name="Log To Console" library="BuiltIn">
<doc>Logs the given message to the console.</doc>
<arguments>
<arg>${companyname}</arg>
</arguments>
<status status="PASS" starttime="20190719 13:10:31.113" endtime="20190719 13:10:31.114"></status>
</kw>
<kw name="Convert To String" library="BuiltIn">
<doc>Converts the given item to a Unicode string.</doc>
<arguments>
<arg>${companyname}</arg>
</arguments>
<status status="PASS" starttime="20190719 13:10:31.114" endtime="20190719 13:10:31.115"></status>
</kw>
<kw name="Should Contain" library="BuiltIn">
<doc>Fails if ``container`` does not contain ``item`` one or more times.</doc>
<arguments>
<arg>${companyname}</arg>
<arg>${searchcompanyname}</arg>
</arguments>
<status status="PASS" starttime="20190719 13:10:31.115" endtime="20190719 13:10:31.116"></status>
</kw>
<status status="PASS" starttime="20190719 13:10:08.078" endtime="20190719 13:10:31.116"></status>
</kw>
<kw name="End Web Test" library="Common" type="teardown">
<kw name="Close Browser" library="SeleniumLibrary">
<doc>Closes the current browser.</doc>
<status status="PASS" starttime="20190719 13:10:31.118" endtime="20190719 13:10:33.673"></status>
</kw>
<status status="PASS" starttime="20190719 13:10:31.118" endtime="20190719 13:10:33.674"></status>
</kw>
<tags>
<tag>Regression</tag>
<tag>Sanity</tag>
<tag>searchcompany</tag>
<tag>Visitorlist</tag>
</tags>
<status status="PASS" starttime="20190719 13:09:45.709" endtime="20190719 13:10:33.675" critical="yes"></status>
</test>
<status status="FAIL" starttime="20190719 12:45:32.220" endtime="20190719 13:10:33.685"></status>
</suite>
<statistics>
<total>
<stat pass="20" fail="3">Critical Tests</stat>
<stat pass="20" fail="3">All Tests</stat>
</total>
<tag>
<stat pass="0" fail="1">Classicview</stat>
<stat pass="1" fail="0">contactinformation</stat>
<stat pass="1" fail="0">DataManager</stat>
<stat pass="1" fail="0">Emailreports</stat>
<stat pass="1" fail="0">expandall</stat>
<stat pass="1" fail="0">Integration</stat>
<stat pass="1" fail="0">LeadManager</stat>
<stat pass="1" fail="0">Login</stat>
<stat pass="0" fail="1">Pages</stat>
<stat pass="20" fail="3">Regression</stat>
<stat pass="0" fail="1">Replead</stat>
<stat pass="1" fail="0">Reports</stat>
<stat pass="1" fail="0">Reppage</stat>
<stat pass="1" fail="0">Repstat Smoke Sanity</stat>
<stat pass="1" fail="0">Reptrigger Smoke Sanity</stat>
<stat pass="1" fail="0">Repvisit</stat>
<stat pass="17" fail="3">Sanity</stat>
<stat pass="1" fail="0">searchcompany</stat>
<stat pass="1" fail="0">Setup</stat>
<stat pass="12" fail="2">Smoke</stat>
<stat pass="1" fail="0">Supports</stat>
<stat pass="1" fail="0">Timeframe</stat>
<stat pass="1" fail="0">Uniquevisit</stat>
<stat pass="1" fail="0">Usersetup</stat>
<stat pass="1" fail="0">Visit</stat>
<stat pass="5" fail="1">Visitorlist</stat>
</tag>
<suite>
<stat pass="20" fail="3" id="s1" name="AllTest">AllTest</stat>
</suite>
</statistics>
<errors>
</errors>
</robot>
